{"/Users/wook/.openclaw/workspace/aireseach/packages/shared/src/constants/common.ts": {"path":"/Users/wook/.openclaw/workspace/aireseach/packages/shared/src/constants/common.ts","statementMap":{"0":{"start":{"line":1,"column":23},"end":{"line":5,"column":null}},"1":{"start":{"line":7,"column":25},"end":{"line":10,"column":null}},"2":{"start":{"line":12,"column":24},"end":{"line":16,"column":null}},"3":{"start":{"line":18,"column":29},"end":{"line":21,"column":null}},"4":{"start":{"line":25,"column":25},"end":{"line":29,"column":null}}},"fnMap":{},"branchMap":{"0":{"loc":{"start":{"line":27,"column":5},"end":{"line":29,"column":75}},"type":"binary-expr","locations":[{"start":{"line":27,"column":5},"end":{"line":27,"column":null}},{"start":{"line":28,"column":6},"end":{"line":28,"column":61}},{"start":{"line":29,"column":4},"end":{"line":29,"column":75}}],"line":27},"1":{"loc":{"start":{"line":29,"column":37},"end":{"line":29,"column":75}},"type":"binary-expr","locations":[{"start":{"line":29,"column":37},"end":{"line":29,"column":72}},{"start":{"line":29,"column":72},"end":{"line":29,"column":75}}],"line":29}},"s":{"0":1,"1":1,"2":1,"3":1,"4":1},"f":{},"b":{"0":[1,0,1],"1":[1,0]},"meta":{"lastBranch":2,"lastFunction":0,"lastStatement":5,"seen":{"s:1:23:5:Infinity":0,"s:7:25:10:Infinity":1,"s:12:24:16:Infinity":2,"s:18:29:21:Infinity":3,"s:25:25:29:Infinity":4,"b:27:5:27:Infinity:28:6:28:61:29:4:29:75":0,"b:29:37:29:72:29:72:29:75":1}}}
,"/Users/wook/.openclaw/workspace/aireseach/packages/shared/src/constants/exceptions.ts": {"path":"/Users/wook/.openclaw/workspace/aireseach/packages/shared/src/constants/exceptions.ts","statementMap":{"0":{"start":{"line":1,"column":30},"end":{"line":63,"column":null}}},"fnMap":{},"branchMap":{},"s":{"0":1},"f":{},"b":{},"meta":{"lastBranch":0,"lastFunction":0,"lastStatement":1,"seen":{"s:1:30:63:Infinity":0}}}
,"/Users/wook/.openclaw/workspace/aireseach/packages/shared/src/constants/index.ts": {"path":"/Users/wook/.openclaw/workspace/aireseach/packages/shared/src/constants/index.ts","statementMap":{},"fnMap":{},"branchMap":{},"s":{},"f":{},"b":{},"meta":{"lastBranch":0,"lastFunction":0,"lastStatement":0,"seen":{}}}
,"/Users/wook/.openclaw/workspace/aireseach/packages/shared/src/utils/exceptions.ts": {"path":"/Users/wook/.openclaw/workspace/aireseach/packages/shared/src/utils/exceptions.ts","statementMap":{"0":{"start":{"line":3,"column":13},"end":{"line":4,"column":56}},"1":{"start":{"line":4,"column":2},"end":{"line":4,"column":56}},"2":{"start":{"line":16,"column":4},"end":{"line":16,"column":null}},"3":{"start":{"line":17,"column":4},"end":{"line":17,"column":null}},"4":{"start":{"line":18,"column":4},"end":{"line":18,"column":null}},"5":{"start":{"line":22,"column":13},"end":{"line":27,"column":null}},"6":{"start":{"line":23,"column":2},"end":{"line":24,"column":null}},"7":{"start":{"line":24,"column":4},"end":{"line":24,"column":null}},"8":{"start":{"line":27,"column":2},"end":{"line":27,"column":null}}},"fnMap":{"0":{"name":"(anonymous_0)","decl":{"start":{"line":3,"column":13},"end":{"line":3,"column":29}},"loc":{"start":{"line":4,"column":2},"end":{"line":4,"column":56}},"line":4},"1":{"name":"(anonymous_1)","decl":{"start":{"line":15,"column":2},"end":{"line":15,"column":14}},"loc":{"start":{"line":15,"column":71},"end":{"line":18,"column":null}},"line":15},"2":{"name":"(anonymous_2)","decl":{"start":{"line":22,"column":13},"end":{"line":22,"column":30}},"loc":{"start":{"line":22,"column":45},"end":{"line":27,"column":null}},"line":22}},"branchMap":{"0":{"loc":{"start":{"line":23,"column":2},"end":{"line":24,"column":null}},"type":"if","locations":[{"start":{"line":23,"column":2},"end":{"line":24,"column":null}},{"start":{},"end":{}}],"line":23},"1":{"loc":{"start":{"line":23,"column":6},"end":{"line":23,"column":51}},"type":"binary-expr","locations":[{"start":{"line":23,"column":6},"end":{"line":23,"column":31}},{"start":{"line":23,"column":31},"end":{"line":23,"column":36}},{"start":{"line":23,"column":36},"end":{"line":23,"column":51}}],"line":23}},"s":{"0":1,"1":5,"2":2,"3":2,"4":2,"5":1,"6":4,"7":1,"8":3},"f":{"0":5,"1":2,"2":4},"b":{"0":[1,3],"1":[4,3,2]},"meta":{"lastBranch":2,"lastFunction":3,"lastStatement":9,"seen":{"s:3:13:4:56":0,"f:3:13:3:29":0,"s:4:2:4:56":1,"f:15:2:15:14":1,"s:16:4:16:Infinity":2,"s:17:4:17:Infinity":3,"s:18:4:18:Infinity":4,"s:22:13:27:Infinity":5,"f:22:13:22:30":2,"b:23:2:24:Infinity:undefined:undefined:undefined:undefined":0,"s:23:2:24:Infinity":6,"b:23:6:23:31:23:31:23:36:23:36:23:51":1,"s:24:4:24:Infinity":7,"s:27:2:27:Infinity":8}}}
,"/Users/wook/.openclaw/workspace/aireseach/packages/shared/src/utils/id.ts": {"path":"/Users/wook/.openclaw/workspace/aireseach/packages/shared/src/utils/id.ts","statementMap":{"0":{"start":{"line":11,"column":13},"end":{"line":42,"column":null}},"1":{"start":{"line":22,"column":8},"end":{"line":28,"column":null}},"2":{"start":{"line":23,"column":27},"end":{"line":23,"column":null}},"3":{"start":{"line":24,"column":18},"end":{"line":24,"column":46}},"4":{"start":{"line":25,"column":4},"end":{"line":26,"column":null}},"5":{"start":{"line":25,"column":17},"end":{"line":25,"column":20}},"6":{"start":{"line":26,"column":6},"end":{"line":26,"column":null}},"7":{"start":{"line":28,"column":4},"end":{"line":28,"column":null}},"8":{"start":{"line":31,"column":2},"end":{"line":32,"column":null}},"9":{"start":{"line":32,"column":4},"end":{"line":32,"column":null}},"10":{"start":{"line":36,"column":2},"end":{"line":39,"column":null}},"11":{"start":{"line":37,"column":4},"end":{"line":39,"column":null}},"12":{"start":{"line":42,"column":2},"end":{"line":42,"column":null}},"13":{"start":{"line":42,"column":15},"end":{"line":42,"column":null}},"14":{"start":{"line":45,"column":26},"end":{"line":45,"column":45}}},"fnMap":{"0":{"name":"(anonymous_0)","decl":{"start":{"line":11,"column":13},"end":{"line":11,"column":34}},"loc":{"start":{"line":21,"column":11},"end":{"line":42,"column":null}},"line":21},"1":{"name":"(anonymous_1)","decl":{"start":{"line":22,"column":8},"end":{"line":22,"column":26}},"loc":{"start":{"line":22,"column":26},"end":{"line":28,"column":null}},"line":22},"2":{"name":"(anonymous_2)","decl":{"start":{"line":42,"column":2},"end":{"line":42,"column":15}},"loc":{"start":{"line":42,"column":15},"end":{"line":42,"column":null}},"line":42}},"branchMap":{"0":{"loc":{"start":{"line":11,"column":34},"end":{"line":21,"column":6}},"type":"default-arg","locations":[{"start":{"line":21,"column":4},"end":{"line":21,"column":6}}],"line":11},"1":{"loc":{"start":{"line":13,"column":2},"end":{"line":13,"column":null}},"type":"default-arg","locations":[{"start":{"line":13,"column":9},"end":{"line":13,"column":null}}],"line":13},"2":{"loc":{"start":{"line":14,"column":2},"end":{"line":14,"column":null}},"type":"default-arg","locations":[{"start":{"line":14,"column":13},"end":{"line":14,"column":null}}],"line":14},"3":{"loc":{"start":{"line":15,"column":2},"end":{"line":15,"column":null}},"type":"default-arg","locations":[{"start":{"line":15,"column":14},"end":{"line":15,"column":null}}],"line":15},"4":{"loc":{"start":{"line":31,"column":2},"end":{"line":32,"column":null}},"type":"if","locations":[{"start":{"line":31,"column":2},"end":{"line":32,"column":null}},{"start":{},"end":{}}],"line":31},"5":{"loc":{"start":{"line":36,"column":2},"end":{"line":39,"column":null}},"type":"if","locations":[{"start":{"line":36,"column":2},"end":{"line":39,"column":null}},{"start":{},"end":{}}],"line":36}},"s":{"0":1,"1":8,"2":10,"3":10,"4":10,"5":10,"6":298,"7":10,"8":8,"9":4,"10":4,"11":1,"12":3,"13":3,"14":1},"f":{"0":8,"1":10,"2":3},"b":{"0":[8],"1":[8],"2":[8],"3":[8],"4":[4,4],"5":[1,3]},"meta":{"lastBranch":6,"lastFunction":3,"lastStatement":15,"seen":{"s:11:13:42:Infinity":0,"f:11:13:11:34":0,"b:21:4:21:6":0,"b:13:9:13:Infinity":1,"b:14:13:14:Infinity":2,"b:15:14:15:Infinity":3,"s:22:8:28:Infinity":1,"f:22:8:22:26":1,"s:23:27:23:Infinity":2,"s:24:18:24:46":3,"s:25:4:26:Infinity":4,"s:25:17:25:20":5,"s:26:6:26:Infinity":6,"s:28:4:28:Infinity":7,"b:31:2:32:Infinity:undefined:undefined:undefined:undefined":4,"s:31:2:32:Infinity":8,"s:32:4:32:Infinity":9,"b:36:2:39:Infinity:undefined:undefined:undefined:undefined":5,"s:36:2:39:Infinity":10,"s:37:4:39:Infinity":11,"s:42:2:42:Infinity":12,"f:42:2:42:15":2,"s:42:15:42:Infinity":13,"s:45:26:45:45":14}}}
,"/Users/wook/.openclaw/workspace/aireseach/packages/shared/src/utils/url.ts": {"path":"/Users/wook/.openclaw/workspace/aireseach/packages/shared/src/utils/url.ts","statementMap":{"0":{"start":{"line":3,"column":6},"end":{"line":5,"column":null}},"1":{"start":{"line":4,"column":2},"end":{"line":5,"column":null}},"2":{"start":{"line":5,"column":4},"end":{"line":5,"column":28}},"3":{"start":{"line":8,"column":6},"end":{"line":15,"column":null}},"4":{"start":{"line":9,"column":2},"end":{"line":15,"column":null}},"5":{"start":{"line":10,"column":22},"end":{"line":10,"column":34}},"6":{"start":{"line":13,"column":4},"end":{"line":13,"column":null}},"7":{"start":{"line":15,"column":4},"end":{"line":15,"column":null}},"8":{"start":{"line":19,"column":6},"end":{"line":24,"column":null}},"9":{"start":{"line":20,"column":2},"end":{"line":24,"column":null}},"10":{"start":{"line":21,"column":22},"end":{"line":21,"column":34}},"11":{"start":{"line":22,"column":4},"end":{"line":22,"column":null}},"12":{"start":{"line":24,"column":4},"end":{"line":24,"column":null}},"13":{"start":{"line":28,"column":6},"end":{"line":33,"column":null}},"14":{"start":{"line":29,"column":2},"end":{"line":33,"column":null}},"15":{"start":{"line":30,"column":22},"end":{"line":30,"column":34}},"16":{"start":{"line":31,"column":4},"end":{"line":31,"column":null}},"17":{"start":{"line":33,"column":4},"end":{"line":33,"column":null}},"18":{"start":{"line":37,"column":6},"end":{"line":54,"column":null}},"19":{"start":{"line":42,"column":20},"end":{"line":42,"column":null}},"20":{"start":{"line":43,"column":18},"end":{"line":43,"column":null}},"21":{"start":{"line":45,"column":2},"end":{"line":47,"column":null}},"22":{"start":{"line":46,"column":4},"end":{"line":46,"column":null}},"23":{"start":{"line":47,"column":4},"end":{"line":47,"column":null}},"24":{"start":{"line":50,"column":2},"end":{"line":54,"column":null}},"25":{"start":{"line":51,"column":4},"end":{"line":52,"column":null}},"26":{"start":{"line":52,"column":6},"end":{"line":52,"column":null}},"27":{"start":{"line":57,"column":6},"end":{"line":76,"column":null}},"28":{"start":{"line":58,"column":2},"end":{"line":59,"column":null}},"29":{"start":{"line":59,"column":4},"end":{"line":59,"column":null}},"30":{"start":{"line":61,"column":2},"end":{"line":70,"column":null}},"31":{"start":{"line":63,"column":4},"end":{"line":64,"column":null}},"32":{"start":{"line":64,"column":6},"end":{"line":64,"column":null}},"33":{"start":{"line":66,"column":17},"end":{"line":66,"column":29}},"34":{"start":{"line":67,"column":4},"end":{"line":68,"column":null}},"35":{"start":{"line":68,"column":6},"end":{"line":68,"column":null}},"36":{"start":{"line":70,"column":4},"end":{"line":70,"column":null}},"37":{"start":{"line":73,"column":19},"end":{"line":73,"column":35}},"38":{"start":{"line":74,"column":2},"end":{"line":76,"column":null}}},"fnMap":{"0":{"name":"(anonymous_0)","decl":{"start":{"line":3,"column":6},"end":{"line":3,"column":20}},"loc":{"start":{"line":4,"column":2},"end":{"line":5,"column":null}},"line":4},"1":{"name":"(anonymous_1)","decl":{"start":{"line":4,"column":50},"end":{"line":4,"column":56}},"loc":{"start":{"line":5,"column":4},"end":{"line":5,"column":28}},"line":5},"2":{"name":"(anonymous_2)","decl":{"start":{"line":8,"column":6},"end":{"line":8,"column":19}},"loc":{"start":{"line":8,"column":35},"end":{"line":15,"column":null}},"line":8},"3":{"name":"(anonymous_3)","decl":{"start":{"line":19,"column":6},"end":{"line":19,"column":21}},"loc":{"start":{"line":19,"column":37},"end":{"line":24,"column":null}},"line":19},"4":{"name":"(anonymous_4)","decl":{"start":{"line":28,"column":6},"end":{"line":28,"column":17}},"loc":{"start":{"line":28,"column":33},"end":{"line":33,"column":null}},"line":28},"5":{"name":"(anonymous_5)","decl":{"start":{"line":37,"column":6},"end":{"line":37,"column":null}},"loc":{"start":{"line":41,"column":5},"end":{"line":54,"column":null}},"line":41},"6":{"name":"(anonymous_6)","decl":{"start":{"line":50,"column":22},"end":{"line":50,"column":31}},"loc":{"start":{"line":50,"column":46},"end":{"line":54,"column":null}},"line":50},"7":{"name":"(anonymous_7)","decl":{"start":{"line":57,"column":6},"end":{"line":57,"column":24}},"loc":{"start":{"line":57,"column":66},"end":{"line":76,"column":null}},"line":57}},"branchMap":{"0":{"loc":{"start":{"line":13,"column":11},"end":{"line":13,"column":null}},"type":"cond-expr","locations":[{"start":{"line":13,"column":41},"end":{"line":13,"column":48}},{"start":{"line":13,"column":48},"end":{"line":13,"column":null}}],"line":13},"1":{"loc":{"start":{"line":42,"column":20},"end":{"line":42,"column":null}},"type":"binary-expr","locations":[{"start":{"line":42,"column":20},"end":{"line":42,"column":42}},{"start":{"line":42,"column":42},"end":{"line":42,"column":null}}],"line":42},"2":{"loc":{"start":{"line":43,"column":18},"end":{"line":43,"column":null}},"type":"binary-expr","locations":[{"start":{"line":43,"column":18},"end":{"line":43,"column":38}},{"start":{"line":43,"column":38},"end":{"line":43,"column":null}}],"line":43},"3":{"loc":{"start":{"line":45,"column":2},"end":{"line":47,"column":null}},"type":"if","locations":[{"start":{"line":45,"column":2},"end":{"line":47,"column":null}},{"start":{},"end":{}}],"line":45},"4":{"loc":{"start":{"line":51,"column":4},"end":{"line":52,"column":null}},"type":"if","locations":[{"start":{"line":51,"column":4},"end":{"line":52,"column":null}},{"start":{},"end":{}}],"line":51},"5":{"loc":{"start":{"line":51,"column":8},"end":{"line":51,"column":50}},"type":"binary-expr","locations":[{"start":{"line":51,"column":8},"end":{"line":51,"column":21}},{"start":{"line":51,"column":21},"end":{"line":51,"column":50}}],"line":51},"6":{"loc":{"start":{"line":58,"column":2},"end":{"line":59,"column":null}},"type":"if","locations":[{"start":{"line":58,"column":2},"end":{"line":59,"column":null}},{"start":{},"end":{}}],"line":58},"7":{"loc":{"start":{"line":61,"column":2},"end":{"line":70,"column":null}},"type":"if","locations":[{"start":{"line":61,"column":2},"end":{"line":70,"column":null}},{"start":{},"end":{}}],"line":61},"8":{"loc":{"start":{"line":63,"column":4},"end":{"line":64,"column":null}},"type":"if","locations":[{"start":{"line":63,"column":4},"end":{"line":64,"column":null}},{"start":{},"end":{}}],"line":63},"9":{"loc":{"start":{"line":64,"column":36},"end":{"line":64,"column":58}},"type":"binary-expr","locations":[{"start":{"line":64,"column":36},"end":{"line":64,"column":50}},{"start":{"line":64,"column":54},"end":{"line":64,"column":58}}],"line":64},"10":{"loc":{"start":{"line":67,"column":4},"end":{"line":68,"column":null}},"type":"if","locations":[{"start":{"line":67,"column":4},"end":{"line":68,"column":null}},{"start":{},"end":{}}],"line":67},"11":{"loc":{"start":{"line":74,"column":9},"end":{"line":76,"column":29}},"type":"cond-expr","locations":[{"start":{"line":75,"column":6},"end":{"line":75,"column":32}},{"start":{"line":76,"column":6},"end":{"line":76,"column":29}}],"line":74},"12":{"loc":{"start":{"line":74,"column":9},"end":{"line":74,"column":null}},"type":"binary-expr","locations":[{"start":{"line":74,"column":9},"end":{"line":74,"column":33}},{"start":{"line":74,"column":33},"end":{"line":74,"column":58}},{"start":{"line":74,"column":58},"end":{"line":74,"column":null}}],"line":74}},"s":{"0":1,"1":6,"2":22,"3":1,"4":7,"5":7,"6":7,"7":1,"8":1,"9":6,"10":6,"11":6,"12":1,"13":1,"14":3,"15":3,"16":3,"17":1,"18":1,"19":3,"20":3,"21":3,"22":1,"23":1,"24":2,"25":3,"26":2,"27":1,"28":6,"29":1,"30":5,"31":2,"32":1,"33":1,"34":1,"35":0,"36":1,"37":3,"38":3},"f":{"0":6,"1":22,"2":7,"3":6,"4":3,"5":3,"6":3,"7":6},"b":{"0":[1,5],"1":[3,2],"2":[3,2],"3":[1,2],"4":[2,1],"5":[3,2],"6":[1,5],"7":[2,3],"8":[1,1],"9":[1,0],"10":[0,1],"11":[3,0],"12":[3,3,0]},"meta":{"lastBranch":13,"lastFunction":8,"lastStatement":39,"seen":{"s:3:6:5:Infinity":0,"f:3:6:3:20":0,"s:4:2:5:Infinity":1,"f:4:50:4:56":1,"s:5:4:5:28":2,"s:8:6:15:Infinity":3,"f:8:6:8:19":2,"s:9:2:15:Infinity":4,"s:10:22:10:34":5,"s:13:4:13:Infinity":6,"b:13:41:13:48:13:48:13:Infinity":0,"s:15:4:15:Infinity":7,"s:19:6:24:Infinity":8,"f:19:6:19:21":3,"s:20:2:24:Infinity":9,"s:21:22:21:34":10,"s:22:4:22:Infinity":11,"s:24:4:24:Infinity":12,"s:28:6:33:Infinity":13,"f:28:6:28:17":4,"s:29:2:33:Infinity":14,"s:30:22:30:34":15,"s:31:4:31:Infinity":16,"s:33:4:33:Infinity":17,"s:37:6:54:Infinity":18,"f:37:6:37:Infinity":5,"s:42:20:42:Infinity":19,"b:42:20:42:42:42:42:42:Infinity":1,"s:43:18:43:Infinity":20,"b:43:18:43:38:43:38:43:Infinity":2,"b:45:2:47:Infinity:undefined:undefined:undefined:undefined":3,"s:45:2:47:Infinity":21,"s:46:4:46:Infinity":22,"s:47:4:47:Infinity":23,"s:50:2:54:Infinity":24,"f:50:22:50:31":6,"b:51:4:52:Infinity:undefined:undefined:undefined:undefined":4,"s:51:4:52:Infinity":25,"b:51:8:51:21:51:21:51:50":5,"s:52:6:52:Infinity":26,"s:57:6:76:Infinity":27,"f:57:6:57:24":7,"b:58:2:59:Infinity:undefined:undefined:undefined:undefined":6,"s:58:2:59:Infinity":28,"s:59:4:59:Infinity":29,"b:61:2:70:Infinity:undefined:undefined:undefined:undefined":7,"s:61:2:70:Infinity":30,"b:63:4:64:Infinity:undefined:undefined:undefined:undefined":8,"s:63:4:64:Infinity":31,"s:64:6:64:Infinity":32,"b:64:36:64:50:64:54:64:58":9,"s:66:17:66:29":33,"b:67:4:68:Infinity:undefined:undefined:undefined:undefined":10,"s:67:4:68:Infinity":34,"s:68:6:68:Infinity":35,"s:70:4:70:Infinity":36,"s:73:19:73:35":37,"s:74:2:76:Infinity":38,"b:75:6:75:32:76:6:76:29":11,"b:74:9:74:33:74:33:74:58:74:58:74:Infinity":12}}}
,"/Users/wook/.openclaw/workspace/aireseach/packages/shared/src/utils/wildcard-match.ts": {"path":"/Users/wook/.openclaw/workspace/aireseach/packages/shared/src/utils/wildcard-match.ts","statementMap":{"0":{"start":{"line":8,"column":2},"end":{"line":27,"column":null}},"1":{"start":{"line":25,"column":4},"end":{"line":25,"column":null}},"2":{"start":{"line":27,"column":4},"end":{"line":27,"column":null}},"3":{"start":{"line":35,"column":15},"end":{"line":35,"column":null}},"4":{"start":{"line":36,"column":2},"end":{"line":37,"column":null}},"5":{"start":{"line":37,"column":4},"end":{"line":37,"column":null}},"6":{"start":{"line":39,"column":2},"end":{"line":39,"column":null}},"7":{"start":{"line":49,"column":2},"end":{"line":51,"column":null}},"8":{"start":{"line":50,"column":27},"end":{"line":50,"column":77}},"9":{"start":{"line":50,"column":46},"end":{"line":50,"column":77}},"10":{"start":{"line":51,"column":4},"end":{"line":51,"column":null}},"11":{"start":{"line":54,"column":26},"end":{"line":54,"column":null}},"12":{"start":{"line":55,"column":25},"end":{"line":55,"column":null}},"13":{"start":{"line":56,"column":17},"end":{"line":56,"column":null}},"14":{"start":{"line":58,"column":2},"end":{"line":75,"column":null}},"15":{"start":{"line":64,"column":4},"end":{"line":64,"column":null}},"16":{"start":{"line":65,"column":4},"end":{"line":65,"column":null}},"17":{"start":{"line":66,"column":4},"end":{"line":66,"column":null}},"18":{"start":{"line":67,"column":13},"end":{"line":75,"column":null}},"19":{"start":{"line":68,"column":4},"end":{"line":68,"column":null}},"20":{"start":{"line":69,"column":4},"end":{"line":69,"column":null}},"21":{"start":{"line":71,"column":4},"end":{"line":75,"column":null}},"22":{"start":{"line":72,"column":6},"end":{"line":72,"column":null}},"23":{"start":{"line":73,"column":6},"end":{"line":73,"column":null}},"24":{"start":{"line":75,"column":6},"end":{"line":75,"column":null}},"25":{"start":{"line":91,"column":28},"end":{"line":91,"column":null}},"26":{"start":{"line":92,"column":28},"end":{"line":92,"column":null}},"27":{"start":{"line":94,"column":19},"end":{"line":94,"column":75}},"28":{"start":{"line":95,"column":15},"end":{"line":95,"column":null}},"29":{"start":{"line":97,"column":2},"end":{"line":141,"column":null}},"30":{"start":{"line":97,"column":15},"end":{"line":97,"column":18}},"31":{"start":{"line":98,"column":20},"end":{"line":98,"column":null}},"32":{"start":{"line":99,"column":24},"end":{"line":99,"column":null}},"33":{"start":{"line":100,"column":27},"end":{"line":100,"column":null}},"34":{"start":{"line":102,"column":4},"end":{"line":103,"column":null}},"35":{"start":{"line":103,"column":6},"end":{"line":103,"column":null}},"36":{"start":{"line":106,"column":4},"end":{"line":112,"column":null}},"37":{"start":{"line":107,"column":6},"end":{"line":112,"column":null}},"38":{"start":{"line":108,"column":8},"end":{"line":108,"column":null}},"39":{"start":{"line":109,"column":17},"end":{"line":112,"column":null}},"40":{"start":{"line":110,"column":8},"end":{"line":110,"column":null}},"41":{"start":{"line":112,"column":8},"end":{"line":112,"column":null}},"42":{"start":{"line":116,"column":4},"end":{"line":121,"column":null}},"43":{"start":{"line":117,"column":6},"end":{"line":119,"column":null}},"44":{"start":{"line":118,"column":8},"end":{"line":118,"column":null}},"45":{"start":{"line":119,"column":8},"end":{"line":119,"column":null}},"46":{"start":{"line":121,"column":6},"end":{"line":121,"column":null}},"47":{"start":{"line":124,"column":4},"end":{"line":137,"column":null}},"48":{"start":{"line":124,"column":17},"end":{"line":124,"column":20}},"49":{"start":{"line":125,"column":19},"end":{"line":125,"column":null}},"50":{"start":{"line":127,"column":6},"end":{"line":137,"column":null}},"51":{"start":{"line":128,"column":8},"end":{"line":130,"column":null}},"52":{"start":{"line":129,"column":10},"end":{"line":129,"column":null}},"53":{"start":{"line":130,"column":10},"end":{"line":130,"column":null}},"54":{"start":{"line":132,"column":17},"end":{"line":137,"column":null}},"55":{"start":{"line":133,"column":8},"end":{"line":133,"column":null}},"56":{"start":{"line":134,"column":17},"end":{"line":137,"column":null}},"57":{"start":{"line":135,"column":8},"end":{"line":135,"column":null}},"58":{"start":{"line":137,"column":8},"end":{"line":137,"column":null}},"59":{"start":{"line":141,"column":4},"end":{"line":141,"column":null}},"60":{"start":{"line":144,"column":2},"end":{"line":144,"column":null}},"61":{"start":{"line":180,"column":2},"end":{"line":181,"column":null}},"62":{"start":{"line":181,"column":4},"end":{"line":181,"column":null}},"63":{"start":{"line":184,"column":2},"end":{"line":184,"column":null}},"64":{"start":{"line":206,"column":2},"end":{"line":209,"column":null}},"65":{"start":{"line":207,"column":4},"end":{"line":209,"column":null}},"66":{"start":{"line":212,"column":2},"end":{"line":213,"column":null}},"67":{"start":{"line":213,"column":4},"end":{"line":213,"column":null}},"68":{"start":{"line":216,"column":2},"end":{"line":225,"column":null}},"69":{"start":{"line":223,"column":4},"end":{"line":225,"column":null}},"70":{"start":{"line":228,"column":2},"end":{"line":228,"column":null}},"71":{"start":{"line":230,"column":2},"end":{"line":233,"column":null}},"72":{"start":{"line":231,"column":4},"end":{"line":233,"column":null}},"73":{"start":{"line":236,"column":24},"end":{"line":236,"column":61}},"74":{"start":{"line":237,"column":17},"end":{"line":237,"column":64}},"75":{"start":{"line":239,"column":13},"end":{"line":239,"column":39}},"76":{"start":{"line":240,"column":2},"end":{"line":240,"column":null}},"77":{"start":{"line":241,"column":2},"end":{"line":241,"column":null}},"78":{"start":{"line":242,"column":2},"end":{"line":242,"column":null}},"79":{"start":{"line":243,"column":2},"end":{"line":243,"column":null}}},"fnMap":{"0":{"name":"escapeRegExpChar","decl":{"start":{"line":7,"column":9},"end":{"line":7,"column":26}},"loc":{"start":{"line":7,"column":40},"end":{"line":27,"column":null}},"line":7},"1":{"name":"escapeRegExpString","decl":{"start":{"line":34,"column":9},"end":{"line":34,"column":28}},"loc":{"start":{"line":34,"column":41},"end":{"line":39,"column":null}},"line":34},"2":{"name":"transform","decl":{"start":{"line":45,"column":9},"end":{"line":45,"column":null}},"loc":{"start":{"line":48,"column":10},"end":{"line":144,"column":null}},"line":48},"3":{"name":"(anonymous_3)","decl":{"start":{"line":50,"column":35},"end":{"line":50,"column":40}},"loc":{"start":{"line":50,"column":46},"end":{"line":50,"column":77}},"line":50},"4":{"name":"isMatch","decl":{"start":{"line":179,"column":9},"end":{"line":179,"column":17}},"loc":{"start":{"line":179,"column":49},"end":{"line":184,"column":null}},"line":179},"5":{"name":"wildcardMatch","decl":{"start":{"line":202,"column":9},"end":{"line":202,"column":null}},"loc":{"start":{"line":205,"column":2},"end":{"line":243,"column":null}},"line":205}},"branchMap":{"0":{"loc":{"start":{"line":8,"column":2},"end":{"line":27,"column":null}},"type":"if","locations":[{"start":{"line":8,"column":2},"end":{"line":27,"column":null}},{"start":{"line":26,"column":9},"end":{"line":27,"column":null}}],"line":8},"1":{"loc":{"start":{"line":9,"column":4},"end":{"line":23,"column":null}},"type":"binary-expr","locations":[{"start":{"line":9,"column":4},"end":{"line":9,"column":null}},{"start":{"line":10,"column":4},"end":{"line":10,"column":null}},{"start":{"line":11,"column":4},"end":{"line":11,"column":null}},{"start":{"line":12,"column":4},"end":{"line":12,"column":null}},{"start":{"line":13,"column":4},"end":{"line":13,"column":null}},{"start":{"line":14,"column":4},"end":{"line":14,"column":null}},{"start":{"line":15,"column":4},"end":{"line":15,"column":null}},{"start":{"line":16,"column":4},"end":{"line":16,"column":null}},{"start":{"line":17,"column":4},"end":{"line":17,"column":null}},{"start":{"line":18,"column":4},"end":{"line":18,"column":null}},{"start":{"line":19,"column":4},"end":{"line":19,"column":null}},{"start":{"line":20,"column":4},"end":{"line":20,"column":null}},{"start":{"line":21,"column":4},"end":{"line":21,"column":null}},{"start":{"line":22,"column":4},"end":{"line":22,"column":null}},{"start":{"line":23,"column":4},"end":{"line":23,"column":null}}],"line":9},"2":{"loc":{"start":{"line":47,"column":2},"end":{"line":47,"column":null}},"type":"default-arg","locations":[{"start":{"line":47,"column":32},"end":{"line":47,"column":null}}],"line":47},"3":{"loc":{"start":{"line":49,"column":2},"end":{"line":51,"column":null}},"type":"if","locations":[{"start":{"line":49,"column":2},"end":{"line":51,"column":null}},{"start":{},"end":{}}],"line":49},"4":{"loc":{"start":{"line":58,"column":2},"end":{"line":75,"column":null}},"type":"if","locations":[{"start":{"line":58,"column":2},"end":{"line":75,"column":null}},{"start":{"line":67,"column":13},"end":{"line":75,"column":null}}],"line":58},"5":{"loc":{"start":{"line":67,"column":13},"end":{"line":75,"column":null}},"type":"if","locations":[{"start":{"line":67,"column":13},"end":{"line":75,"column":null}},{"start":{},"end":{}}],"line":67},"6":{"loc":{"start":{"line":71,"column":4},"end":{"line":75,"column":null}},"type":"if","locations":[{"start":{"line":71,"column":4},"end":{"line":75,"column":null}},{"start":{"line":74,"column":11},"end":{"line":75,"column":null}}],"line":71},"7":{"loc":{"start":{"line":91,"column":28},"end":{"line":91,"column":null}},"type":"cond-expr","locations":[{"start":{"line":91,"column":40},"end":{"line":91,"column":66}},{"start":{"line":91,"column":66},"end":{"line":91,"column":null}}],"line":91},"8":{"loc":{"start":{"line":92,"column":28},"end":{"line":92,"column":null}},"type":"cond-expr","locations":[{"start":{"line":92,"column":40},"end":{"line":92,"column":66}},{"start":{"line":92,"column":66},"end":{"line":92,"column":null}}],"line":92},"9":{"loc":{"start":{"line":94,"column":19},"end":{"line":94,"column":75}},"type":"cond-expr","locations":[{"start":{"line":94,"column":31},"end":{"line":94,"column":63}},{"start":{"line":94,"column":66},"end":{"line":94,"column":75}}],"line":94},"10":{"loc":{"start":{"line":102,"column":4},"end":{"line":103,"column":null}},"type":"if","locations":[{"start":{"line":102,"column":4},"end":{"line":103,"column":null}},{"start":{},"end":{}}],"line":102},"11":{"loc":{"start":{"line":102,"column":8},"end":{"line":102,"column":27}},"type":"binary-expr","locations":[{"start":{"line":102,"column":8},"end":{"line":102,"column":20}},{"start":{"line":102,"column":20},"end":{"line":102,"column":27}}],"line":102},"12":{"loc":{"start":{"line":106,"column":4},"end":{"line":112,"column":null}},"type":"if","locations":[{"start":{"line":106,"column":4},"end":{"line":112,"column":null}},{"start":{},"end":{}}],"line":106},"13":{"loc":{"start":{"line":107,"column":6},"end":{"line":112,"column":null}},"type":"if","locations":[{"start":{"line":107,"column":6},"end":{"line":112,"column":null}},{"start":{"line":109,"column":17},"end":{"line":112,"column":null}}],"line":107},"14":{"loc":{"start":{"line":109,"column":17},"end":{"line":112,"column":null}},"type":"if","locations":[{"start":{"line":109,"column":17},"end":{"line":112,"column":null}},{"start":{"line":111,"column":13},"end":{"line":112,"column":null}}],"line":109},"15":{"loc":{"start":{"line":116,"column":4},"end":{"line":121,"column":null}},"type":"if","locations":[{"start":{"line":116,"column":4},"end":{"line":121,"column":null}},{"start":{},"end":{}}],"line":116},"16":{"loc":{"start":{"line":116,"column":8},"end":{"line":116,"column":39}},"type":"binary-expr","locations":[{"start":{"line":116,"column":8},"end":{"line":116,"column":21}},{"start":{"line":116,"column":21},"end":{"line":116,"column":39}}],"line":116},"17":{"loc":{"start":{"line":117,"column":6},"end":{"line":119,"column":null}},"type":"if","locations":[{"start":{"line":117,"column":6},"end":{"line":119,"column":null}},{"start":{},"end":{}}],"line":117},"18":{"loc":{"start":{"line":118,"column":18},"end":{"line":118,"column":null}},"type":"cond-expr","locations":[{"start":{"line":118,"column":28},"end":{"line":118,"column":33}},{"start":{"line":118,"column":33},"end":{"line":118,"column":null}}],"line":118},"19":{"loc":{"start":{"line":127,"column":6},"end":{"line":137,"column":null}},"type":"if","locations":[{"start":{"line":127,"column":6},"end":{"line":137,"column":null}},{"start":{"line":132,"column":17},"end":{"line":137,"column":null}}],"line":127},"20":{"loc":{"start":{"line":128,"column":8},"end":{"line":130,"column":null}},"type":"if","locations":[{"start":{"line":128,"column":8},"end":{"line":130,"column":null}},{"start":{},"end":{}}],"line":128},"21":{"loc":{"start":{"line":132,"column":17},"end":{"line":137,"column":null}},"type":"if","locations":[{"start":{"line":132,"column":17},"end":{"line":137,"column":null}},{"start":{"line":134,"column":17},"end":{"line":137,"column":null}}],"line":132},"22":{"loc":{"start":{"line":134,"column":17},"end":{"line":137,"column":null}},"type":"if","locations":[{"start":{"line":134,"column":17},"end":{"line":137,"column":null}},{"start":{"line":136,"column":13},"end":{"line":137,"column":null}}],"line":134},"23":{"loc":{"start":{"line":180,"column":2},"end":{"line":181,"column":null}},"type":"if","locations":[{"start":{"line":180,"column":2},"end":{"line":181,"column":null}},{"start":{},"end":{}}],"line":180},"24":{"loc":{"start":{"line":206,"column":2},"end":{"line":209,"column":null}},"type":"if","locations":[{"start":{"line":206,"column":2},"end":{"line":209,"column":null}},{"start":{},"end":{}}],"line":206},"25":{"loc":{"start":{"line":206,"column":6},"end":{"line":206,"column":60}},"type":"binary-expr","locations":[{"start":{"line":206,"column":6},"end":{"line":206,"column":37}},{"start":{"line":206,"column":37},"end":{"line":206,"column":60}}],"line":206},"26":{"loc":{"start":{"line":212,"column":2},"end":{"line":213,"column":null}},"type":"if","locations":[{"start":{"line":212,"column":2},"end":{"line":213,"column":null}},{"start":{},"end":{}}],"line":212},"27":{"loc":{"start":{"line":212,"column":6},"end":{"line":212,"column":67}},"type":"binary-expr","locations":[{"start":{"line":212,"column":6},"end":{"line":212,"column":37}},{"start":{"line":212,"column":37},"end":{"line":212,"column":67}}],"line":212},"28":{"loc":{"start":{"line":216,"column":2},"end":{"line":225,"column":null}},"type":"if","locations":[{"start":{"line":216,"column":2},"end":{"line":225,"column":null}},{"start":{},"end":{}}],"line":216},"29":{"loc":{"start":{"line":217,"column":4},"end":{"line":220,"column":null}},"type":"binary-expr","locations":[{"start":{"line":217,"column":4},"end":{"line":217,"column":null}},{"start":{"line":218,"column":4},"end":{"line":220,"column":null}}],"line":217},"30":{"loc":{"start":{"line":219,"column":6},"end":{"line":220,"column":61}},"type":"binary-expr","locations":[{"start":{"line":219,"column":6},"end":{"line":219,"column":null}},{"start":{"line":220,"column":7},"end":{"line":220,"column":38}},{"start":{"line":220,"column":38},"end":{"line":220,"column":61}}],"line":219},"31":{"loc":{"start":{"line":228,"column":12},"end":{"line":228,"column":25}},"type":"binary-expr","locations":[{"start":{"line":228,"column":12},"end":{"line":228,"column":23}},{"start":{"line":228,"column":23},"end":{"line":228,"column":25}}],"line":228},"32":{"loc":{"start":{"line":230,"column":2},"end":{"line":233,"column":null}},"type":"if","locations":[{"start":{"line":230,"column":2},"end":{"line":233,"column":null}},{"start":{},"end":{}}],"line":230}},"s":{"0":18,"1":2,"2":16,"3":0,"4":0,"5":0,"6":0,"7":2,"8":0,"9":0,"10":0,"11":2,"12":2,"13":2,"14":2,"15":2,"16":2,"17":2,"18":0,"19":0,"20":0,"21":0,"22":0,"23":0,"24":0,"25":2,"26":2,"27":2,"28":2,"29":2,"30":2,"31":4,"32":4,"33":4,"34":4,"35":1,"36":3,"37":3,"38":2,"39":1,"40":1,"41":0,"42":3,"43":0,"44":0,"45":0,"46":0,"47":3,"48":3,"49":20,"50":20,"51":0,"52":0,"53":0,"54":20,"55":0,"56":20,"57":2,"58":18,"59":3,"60":2,"61":2,"62":0,"63":2,"64":2,"65":0,"66":2,"67":0,"68":2,"69":0,"70":2,"71":2,"72":0,"73":2,"74":2,"75":2,"76":2,"77":2,"78":2,"79":2},"f":{"0":18,"1":0,"2":2,"3":0,"4":2,"5":2},"b":{"0":[2,16],"1":[18,18,18,18,18,16,16,16,16,16,16,16,16,16,16],"2":[2],"3":[0,2],"4":[2,0],"5":[0,0],"6":[0,0],"7":[2,0],"8":[2,0],"9":[2,0],"10":[1,3],"11":[4,1],"12":[3,0],"13":[2,1],"14":[1,0],"15":[0,3],"16":[3,3],"17":[0,0],"18":[0,0],"19":[0,20],"20":[0,0],"21":[0,20],"22":[2,18],"23":[0,2],"24":[0,2],"25":[2,0],"26":[0,2],"27":[2,2],"28":[0,2],"29":[2,0],"30":[0,0,0],"31":[2,2],"32":[0,2]},"meta":{"lastBranch":33,"lastFunction":6,"lastStatement":80,"seen":{"f:7:9:7:26":0,"b:8:2:27:Infinity:26:9:27:Infinity":0,"s:8:2:27:Infinity":0,"b:9:4:9:Infinity:10:4:10:Infinity:11:4:11:Infinity:12:4:12:Infinity:13:4:13:Infinity:14:4:14:Infinity:15:4:15:Infinity:16:4:16:Infinity:17:4:17:Infinity:18:4:18:Infinity:19:4:19:Infinity:20:4:20:Infinity:21:4:21:Infinity:22:4:22:Infinity:23:4:23:Infinity":1,"s:25:4:25:Infinity":1,"s:27:4:27:Infinity":2,"f:34:9:34:28":1,"s:35:15:35:Infinity":3,"s:36:2:37:Infinity":4,"s:37:4:37:Infinity":5,"s:39:2:39:Infinity":6,"f:45:9:45:Infinity":2,"b:47:32:47:Infinity":2,"b:49:2:51:Infinity:undefined:undefined:undefined:undefined":3,"s:49:2:51:Infinity":7,"s:50:27:50:77":8,"f:50:35:50:40":3,"s:50:46:50:77":9,"s:51:4:51:Infinity":10,"s:54:26:54:Infinity":11,"s:55:25:55:Infinity":12,"s:56:17:56:Infinity":13,"b:58:2:75:Infinity:67:13:75:Infinity":4,"s:58:2:75:Infinity":14,"s:64:4:64:Infinity":15,"s:65:4:65:Infinity":16,"s:66:4:66:Infinity":17,"b:67:13:75:Infinity:undefined:undefined:undefined:undefined":5,"s:67:13:75:Infinity":18,"s:68:4:68:Infinity":19,"s:69:4:69:Infinity":20,"b:71:4:75:Infinity:74:11:75:Infinity":6,"s:71:4:75:Infinity":21,"s:72:6:72:Infinity":22,"s:73:6:73:Infinity":23,"s:75:6:75:Infinity":24,"s:91:28:91:Infinity":25,"b:91:40:91:66:91:66:91:Infinity":7,"s:92:28:92:Infinity":26,"b:92:40:92:66:92:66:92:Infinity":8,"s:94:19:94:75":27,"b:94:31:94:63:94:66:94:75":9,"s:95:15:95:Infinity":28,"s:97:2:141:Infinity":29,"s:97:15:97:18":30,"s:98:20:98:Infinity":31,"s:99:24:99:Infinity":32,"s:100:27:100:Infinity":33,"b:102:4:103:Infinity:undefined:undefined:undefined:undefined":10,"s:102:4:103:Infinity":34,"b:102:8:102:20:102:20:102:27":11,"s:103:6:103:Infinity":35,"b:106:4:112:Infinity:undefined:undefined:undefined:undefined":12,"s:106:4:112:Infinity":36,"b:107:6:112:Infinity:109:17:112:Infinity":13,"s:107:6:112:Infinity":37,"s:108:8:108:Infinity":38,"b:109:17:112:Infinity:111:13:112:Infinity":14,"s:109:17:112:Infinity":39,"s:110:8:110:Infinity":40,"s:112:8:112:Infinity":41,"b:116:4:121:Infinity:undefined:undefined:undefined:undefined":15,"s:116:4:121:Infinity":42,"b:116:8:116:21:116:21:116:39":16,"b:117:6:119:Infinity:undefined:undefined:undefined:undefined":17,"s:117:6:119:Infinity":43,"s:118:8:118:Infinity":44,"b:118:28:118:33:118:33:118:Infinity":18,"s:119:8:119:Infinity":45,"s:121:6:121:Infinity":46,"s:124:4:137:Infinity":47,"s:124:17:124:20":48,"s:125:19:125:Infinity":49,"b:127:6:137:Infinity:132:17:137:Infinity":19,"s:127:6:137:Infinity":50,"b:128:8:130:Infinity:undefined:undefined:undefined:undefined":20,"s:128:8:130:Infinity":51,"s:129:10:129:Infinity":52,"s:130:10:130:Infinity":53,"b:132:17:137:Infinity:134:17:137:Infinity":21,"s:132:17:137:Infinity":54,"s:133:8:133:Infinity":55,"b:134:17:137:Infinity:136:13:137:Infinity":22,"s:134:17:137:Infinity":56,"s:135:8:135:Infinity":57,"s:137:8:137:Infinity":58,"s:141:4:141:Infinity":59,"s:144:2:144:Infinity":60,"f:179:9:179:17":4,"b:180:2:181:Infinity:undefined:undefined:undefined:undefined":23,"s:180:2:181:Infinity":61,"s:181:4:181:Infinity":62,"s:184:2:184:Infinity":63,"f:202:9:202:Infinity":5,"b:206:2:209:Infinity:undefined:undefined:undefined:undefined":24,"s:206:2:209:Infinity":64,"b:206:6:206:37:206:37:206:60":25,"s:207:4:209:Infinity":65,"b:212:2:213:Infinity:undefined:undefined:undefined:undefined":26,"s:212:2:213:Infinity":66,"b:212:6:212:37:212:37:212:67":27,"s:213:4:213:Infinity":67,"b:216:2:225:Infinity:undefined:undefined:undefined:undefined":28,"s:216:2:225:Infinity":68,"b:217:4:217:Infinity:218:4:220:Infinity":29,"b:219:6:219:Infinity:220:7:220:38:220:38:220:61":30,"s:223:4:225:Infinity":69,"s:228:2:228:Infinity":70,"b:228:12:228:23:228:23:228:25":31,"b:230:2:233:Infinity:undefined:undefined:undefined:undefined":32,"s:230:2:233:Infinity":71,"s:231:4:233:Infinity":72,"s:236:24:236:61":73,"s:237:17:237:64":74,"s:239:13:239:39":75,"s:240:2:240:Infinity":76,"s:241:2:241:Infinity":77,"s:242:2:242:Infinity":78,"s:243:2:243:Infinity":79}}}
}
