{"/Users/wook/.openclaw/workspace/aireseach/packages/auth/src/types.ts": {"path":"/Users/wook/.openclaw/workspace/aireseach/packages/auth/src/types.ts","statementMap":{"0":{"start":{"line":6,"column":23},"end":{"line":10,"column":null}},"1":{"start":{"line":14,"column":21},"end":{"line":21,"column":null}},"2":{"start":{"line":25,"column":21},"end":{"line":28,"column":null}},"3":{"start":{"line":32,"column":25},"end":{"line":41,"column":2}},"4":{"start":{"line":43,"column":17},"end":{"line":46,"column":null}},"5":{"start":{"line":50,"column":19},"end":{"line":54,"column":null}},"6":{"start":{"line":58,"column":25},"end":{"line":63,"column":null}},"7":{"start":{"line":68,"column":25},"end":{"line":72,"column":null}},"8":{"start":{"line":79,"column":23},"end":{"line":279,"column":null}}},"fnMap":{},"branchMap":{},"s":{"0":1,"1":1,"2":1,"3":1,"4":1,"5":1,"6":1,"7":1,"8":1},"f":{},"b":{},"meta":{"lastBranch":0,"lastFunction":0,"lastStatement":9,"seen":{"s:6:23:10:Infinity":0,"s:14:21:21:Infinity":1,"s:25:21:28:Infinity":2,"s:32:25:41:2":3,"s:43:17:46:Infinity":4,"s:50:19:54:Infinity":5,"s:58:25:63:Infinity":6,"s:68:25:72:Infinity":7,"s:79:23:279:Infinity":8}}}
,"/Users/wook/.openclaw/workspace/aireseach/packages/auth/src/lib/utils.ts": {"path":"/Users/wook/.openclaw/workspace/aireseach/packages/auth/src/lib/utils.ts","statementMap":{"0":{"start":{"line":9,"column":13},"end":{"line":51,"column":null}},"1":{"start":{"line":18,"column":20},"end":{"line":18,"column":49}},"2":{"start":{"line":19,"column":21},"end":{"line":19,"column":56}},"3":{"start":{"line":23,"column":2},"end":{"line":44,"column":null}},"4":{"start":{"line":25,"column":4},"end":{"line":25,"column":null}},"5":{"start":{"line":26,"column":4},"end":{"line":31,"column":null}},"6":{"start":{"line":27,"column":21},"end":{"line":29,"column":null}},"7":{"start":{"line":31,"column":6},"end":{"line":31,"column":null}},"8":{"start":{"line":33,"column":13},"end":{"line":44,"column":null}},"9":{"start":{"line":35,"column":4},"end":{"line":35,"column":null}},"10":{"start":{"line":36,"column":4},"end":{"line":39,"column":null}},"11":{"start":{"line":37,"column":24},"end":{"line":37,"column":36}},"12":{"start":{"line":38,"column":6},"end":{"line":39,"column":null}},"13":{"start":{"line":39,"column":8},"end":{"line":39,"column":null}},"14":{"start":{"line":44,"column":4},"end":{"line":44,"column":null}},"15":{"start":{"line":47,"column":2},"end":{"line":48,"column":null}},"16":{"start":{"line":48,"column":4},"end":{"line":48,"column":null}},"17":{"start":{"line":51,"column":2},"end":{"line":51,"column":null}},"18":{"start":{"line":54,"column":32},"end":{"line":58,"column":null}},"19":{"start":{"line":60,"column":13},"end":{"line":61,"column":null}},"20":{"start":{"line":61,"column":2},"end":{"line":61,"column":null}},"21":{"start":{"line":64,"column":13},"end":{"line":68,"column":null}},"22":{"start":{"line":65,"column":14},"end":{"line":65,"column":37}},"23":{"start":{"line":66,"column":2},"end":{"line":66,"column":null}},"24":{"start":{"line":66,"column":18},"end":{"line":66,"column":null}},"25":{"start":{"line":68,"column":2},"end":{"line":68,"column":null}},"26":{"start":{"line":71,"column":13},"end":{"line":74,"column":null}},"27":{"start":{"line":72,"column":14},"end":{"line":72,"column":37}},"28":{"start":{"line":73,"column":2},"end":{"line":73,"column":null}},"29":{"start":{"line":73,"column":18},"end":{"line":73,"column":null}},"30":{"start":{"line":74,"column":2},"end":{"line":74,"column":null}},"31":{"start":{"line":77,"column":13},"end":{"line":78,"column":null}},"32":{"start":{"line":78,"column":2},"end":{"line":78,"column":null}},"33":{"start":{"line":80,"column":13},"end":{"line":85,"column":null}},"34":{"start":{"line":81,"column":2},"end":{"line":82,"column":null}},"35":{"start":{"line":82,"column":4},"end":{"line":82,"column":null}},"36":{"start":{"line":85,"column":2},"end":{"line":85,"column":null}}},"fnMap":{"0":{"name":"(anonymous_0)","decl":{"start":{"line":9,"column":13},"end":{"line":9,"column":23}},"loc":{"start":{"line":17,"column":6},"end":{"line":51,"column":null}},"line":17},"1":{"name":"(anonymous_1)","decl":{"start":{"line":60,"column":13},"end":{"line":60,"column":29}},"loc":{"start":{"line":60,"column":48},"end":{"line":61,"column":null}},"line":60},"2":{"name":"(anonymous_2)","decl":{"start":{"line":64,"column":13},"end":{"line":64,"column":37}},"loc":{"start":{"line":64,"column":72},"end":{"line":68,"column":null}},"line":64},"3":{"name":"(anonymous_3)","decl":{"start":{"line":71,"column":13},"end":{"line":71,"column":37}},"loc":{"start":{"line":71,"column":72},"end":{"line":74,"column":null}},"line":71},"4":{"name":"(anonymous_4)","decl":{"start":{"line":77,"column":13},"end":{"line":77,"column":35}},"loc":{"start":{"line":78,"column":2},"end":{"line":78,"column":null}},"line":78},"5":{"name":"(anonymous_5)","decl":{"start":{"line":80,"column":13},"end":{"line":80,"column":29}},"loc":{"start":{"line":80,"column":59},"end":{"line":85,"column":null}},"line":80}},"branchMap":{"0":{"loc":{"start":{"line":23,"column":2},"end":{"line":44,"column":null}},"type":"if","locations":[{"start":{"line":23,"column":2},"end":{"line":44,"column":null}},{"start":{"line":33,"column":13},"end":{"line":44,"column":null}}],"line":23},"1":{"loc":{"start":{"line":26,"column":4},"end":{"line":31,"column":null}},"type":"if","locations":[{"start":{"line":26,"column":4},"end":{"line":31,"column":null}},{"start":{},"end":{}}],"line":26},"2":{"loc":{"start":{"line":28,"column":8},"end":{"line":29,"column":null}},"type":"binary-expr","locations":[{"start":{"line":28,"column":8},"end":{"line":29,"column":39}},{"start":{"line":29,"column":43},"end":{"line":29,"column":57}},{"start":{"line":29,"column":57},"end":{"line":29,"column":null}}],"line":28},"3":{"loc":{"start":{"line":33,"column":13},"end":{"line":44,"column":null}},"type":"if","locations":[{"start":{"line":33,"column":13},"end":{"line":44,"column":null}},{"start":{"line":42,"column":9},"end":{"line":44,"column":null}}],"line":33},"4":{"loc":{"start":{"line":36,"column":4},"end":{"line":39,"column":null}},"type":"if","locations":[{"start":{"line":36,"column":4},"end":{"line":39,"column":null}},{"start":{},"end":{}}],"line":36},"5":{"loc":{"start":{"line":38,"column":6},"end":{"line":39,"column":null}},"type":"if","locations":[{"start":{"line":38,"column":6},"end":{"line":39,"column":null}},{"start":{},"end":{}}],"line":38},"6":{"loc":{"start":{"line":44,"column":24},"end":{"line":44,"column":50}},"type":"binary-expr","locations":[{"start":{"line":44,"column":24},"end":{"line":44,"column":31}},{"start":{"line":44,"column":31},"end":{"line":44,"column":47}},{"start":{"line":44,"column":47},"end":{"line":44,"column":50}}],"line":44},"7":{"loc":{"start":{"line":47,"column":2},"end":{"line":48,"column":null}},"type":"if","locations":[{"start":{"line":47,"column":2},"end":{"line":48,"column":null}},{"start":{},"end":{}}],"line":47},"8":{"loc":{"start":{"line":61,"column":9},"end":{"line":61,"column":null}},"type":"binary-expr","locations":[{"start":{"line":61,"column":9},"end":{"line":61,"column":37}},{"start":{"line":61,"column":41},"end":{"line":61,"column":null}}],"line":61},"9":{"loc":{"start":{"line":66,"column":2},"end":{"line":66,"column":null}},"type":"if","locations":[{"start":{"line":66,"column":2},"end":{"line":66,"column":null}},{"start":{},"end":{}}],"line":66},"10":{"loc":{"start":{"line":73,"column":2},"end":{"line":73,"column":null}},"type":"if","locations":[{"start":{"line":73,"column":2},"end":{"line":73,"column":null}},{"start":{},"end":{}}],"line":73},"11":{"loc":{"start":{"line":78,"column":2},"end":{"line":78,"column":null}},"type":"binary-expr","locations":[{"start":{"line":78,"column":2},"end":{"line":78,"column":48}},{"start":{"line":78,"column":52},"end":{"line":78,"column":null}}],"line":78},"12":{"loc":{"start":{"line":81,"column":2},"end":{"line":82,"column":null}},"type":"if","locations":[{"start":{"line":81,"column":2},"end":{"line":82,"column":null}},{"start":{},"end":{}}],"line":81}},"s":{"0":1,"1":7,"2":7,"3":7,"4":2,"5":2,"6":1,"7":1,"8":5,"9":2,"10":2,"11":1,"12":1,"13":1,"14":3,"15":7,"16":1,"17":7,"18":1,"19":1,"20":2,"21":1,"22":2,"23":2,"24":0,"25":2,"26":1,"27":2,"28":2,"29":0,"30":2,"31":1,"32":4,"33":1,"34":7,"35":3,"36":4},"f":{"0":7,"1":2,"2":2,"3":2,"4":4,"5":7},"b":{"0":[2,5],"1":[1,1],"2":[1,0,0],"3":[2,3],"4":[1,1],"5":[1,0],"6":[3,2,0],"7":[1,6],"8":[2,1],"9":[0,2],"10":[0,2],"11":[4,1],"12":[3,4]},"meta":{"lastBranch":13,"lastFunction":6,"lastStatement":37,"seen":{"s:9:13:51:Infinity":0,"f:9:13:9:23":0,"s:18:20:18:49":1,"s:19:21:19:56":2,"b:23:2:44:Infinity:33:13:44:Infinity":0,"s:23:2:44:Infinity":3,"s:25:4:25:Infinity":4,"b:26:4:31:Infinity:undefined:undefined:undefined:undefined":1,"s:26:4:31:Infinity":5,"s:27:21:29:Infinity":6,"b:28:8:29:39:29:43:29:57:29:57:29:Infinity":2,"s:31:6:31:Infinity":7,"b:33:13:44:Infinity:42:9:44:Infinity":3,"s:33:13:44:Infinity":8,"s:35:4:35:Infinity":9,"b:36:4:39:Infinity:undefined:undefined:undefined:undefined":4,"s:36:4:39:Infinity":10,"s:37:24:37:36":11,"b:38:6:39:Infinity:undefined:undefined:undefined:undefined":5,"s:38:6:39:Infinity":12,"s:39:8:39:Infinity":13,"s:44:4:44:Infinity":14,"b:44:24:44:31:44:31:44:47:44:47:44:50":6,"b:47:2:48:Infinity:undefined:undefined:undefined:undefined":7,"s:47:2:48:Infinity":15,"s:48:4:48:Infinity":16,"s:51:2:51:Infinity":17,"s:54:32:58:Infinity":18,"s:60:13:61:Infinity":19,"f:60:13:60:29":1,"s:61:2:61:Infinity":20,"b:61:9:61:37:61:41:61:Infinity":8,"s:64:13:68:Infinity":21,"f:64:13:64:37":2,"s:65:14:65:37":22,"b:66:2:66:Infinity:undefined:undefined:undefined:undefined":9,"s:66:2:66:Infinity":23,"s:66:18:66:Infinity":24,"s:68:2:68:Infinity":25,"s:71:13:74:Infinity":26,"f:71:13:71:37":3,"s:72:14:72:37":27,"b:73:2:73:Infinity:undefined:undefined:undefined:undefined":10,"s:73:2:73:Infinity":28,"s:73:18:73:Infinity":29,"s:74:2:74:Infinity":30,"s:77:13:78:Infinity":31,"f:77:13:77:35":4,"s:78:2:78:Infinity":32,"b:78:2:78:48:78:52:78:Infinity":11,"s:80:13:85:Infinity":33,"f:80:13:80:29":5,"b:81:2:82:Infinity:undefined:undefined:undefined:undefined":12,"s:81:2:82:Infinity":34,"s:82:4:82:Infinity":35,"s:85:2:85:Infinity":36}}}
}
