{
  "/Users/wook/Documents/aireseach/packages/api/src/modules/report/cache.ts": {
    "path": "/Users/wook/Documents/aireseach/packages/api/src/modules/report/cache.ts",
    "statementMap": {
      "0": {
        "start": { "line": 19, "column": 6 },
        "end": { "line": 19, "column": 69 }
      },
      "1": {
        "start": { "line": 19, "column": 49 },
        "end": { "line": 19, "column": 69 }
      },
      "2": {
        "start": { "line": 21, "column": 13 },
        "end": { "line": 63, "column": null }
      },
      "3": {
        "start": { "line": 25, "column": 16 },
        "end": { "line": 25, "column": 53 }
      },
      "4": {
        "start": { "line": 26, "column": 17 },
        "end": { "line": 26, "column": null }
      },
      "5": {
        "start": { "line": 27, "column": 17 },
        "end": { "line": 27, "column": null }
      },
      "6": {
        "start": { "line": 27, "column": 52 },
        "end": { "line": 27, "column": 68 }
      },
      "7": {
        "start": { "line": 29, "column": 20 },
        "end": { "line": 56, "column": null }
      },
      "8": {
        "start": { "line": 30, "column": 16 },
        "end": { "line": 30, "column": 31 }
      },
      "9": {
        "start": { "line": 31, "column": 16 },
        "end": { "line": 31, "column": 24 }
      },
      "10": {
        "start": { "line": 32, "column": 19 },
        "end": { "line": 32, "column": 33 }
      },
      "11": {
        "start": { "line": 34, "column": 4 },
        "end": { "line": 37, "column": null }
      },
      "12": {
        "start": { "line": 35, "column": 6 },
        "end": { "line": 35, "column": null }
      },
      "13": {
        "start": { "line": 35, "column": 26 },
        "end": { "line": 35, "column": null }
      },
      "14": {
        "start": { "line": 36, "column": 6 },
        "end": { "line": 37, "column": null }
      },
      "15": {
        "start": { "line": 37, "column": 8 },
        "end": { "line": 37, "column": null }
      },
      "16": {
        "start": { "line": 41, "column": 20 },
        "end": { "line": 41, "column": 31 }
      },
      "17": {
        "start": { "line": 42, "column": 4 },
        "end": { "line": 45, "column": null }
      },
      "18": {
        "start": { "line": 47, "column": 4 },
        "end": { "line": 56, "column": null }
      },
      "19": {
        "start": { "line": 48, "column": 20 },
        "end": { "line": 48, "column": null }
      },
      "20": {
        "start": { "line": 49, "column": 6 },
        "end": { "line": 52, "column": null }
      },
      "21": {
        "start": { "line": 53, "column": 6 },
        "end": { "line": 53, "column": null }
      },
      "22": {
        "start": { "line": 55, "column": 6 },
        "end": { "line": 55, "column": null }
      },
      "23": {
        "start": { "line": 56, "column": 6 },
        "end": { "line": 56, "column": null }
      },
      "24": {
        "start": { "line": 60, "column": 2 },
        "end": { "line": 60, "column": null }
      },
      "25": {
        "start": { "line": 60, "column": 25 },
        "end": { "line": 60, "column": 38 }
      },
      "26": {
        "start": { "line": 61, "column": 2 },
        "end": { "line": 61, "column": null }
      },
      "27": {
        "start": { "line": 61, "column": 39 },
        "end": { "line": 61, "column": 68 }
      },
      "28": {
        "start": { "line": 63, "column": 2 },
        "end": { "line": 63, "column": null }
      }
    },
    "fnMap": {
      "0": {
        "name": "(anonymous_0)",
        "decl": {
          "start": { "line": 19, "column": 6 },
          "end": { "line": 19, "column": 20 }
        },
        "loc": {
          "start": { "line": 19, "column": 49 },
          "end": { "line": 19, "column": 69 }
        },
        "line": 19
      },
      "1": {
        "name": "(anonymous_1)",
        "decl": {
          "start": { "line": 21, "column": 13 },
          "end": { "line": 21, "column": null }
        },
        "loc": {
          "start": { "line": 24, "column": 32 },
          "end": { "line": 63, "column": null }
        },
        "line": 24
      },
      "2": {
        "name": "(anonymous_2)",
        "decl": {
          "start": { "line": 27, "column": 25 },
          "end": { "line": 27, "column": 34 }
        },
        "loc": {
          "start": { "line": 27, "column": 52 },
          "end": { "line": 27, "column": 68 }
        },
        "line": 27
      },
      "3": {
        "name": "(anonymous_3)",
        "decl": {
          "start": { "line": 29, "column": 20 },
          "end": { "line": 29, "column": 27 }
        },
        "loc": {
          "start": { "line": 29, "column": 45 },
          "end": { "line": 56, "column": null }
        },
        "line": 29
      },
      "4": {
        "name": "(anonymous_4)",
        "decl": {
          "start": { "line": 60, "column": 11 },
          "end": { "line": 60, "column": 25 }
        },
        "loc": {
          "start": { "line": 60, "column": 25 },
          "end": { "line": 60, "column": 38 }
        },
        "line": 60
      },
      "5": {
        "name": "(anonymous_5)",
        "decl": {
          "start": { "line": 61, "column": 11 },
          "end": { "line": 61, "column": 21 }
        },
        "loc": {
          "start": { "line": 61, "column": 39 },
          "end": { "line": 61, "column": 68 }
        },
        "line": 61
      }
    },
    "branchMap": {
      "0": {
        "loc": {
          "start": { "line": 26, "column": 17 },
          "end": { "line": 26, "column": null }
        },
        "type": "binary-expr",
        "locations": [
          {
            "start": { "line": 26, "column": 17 },
            "end": { "line": 26, "column": 32 }
          },
          {
            "start": { "line": 26, "column": 32 },
            "end": { "line": 26, "column": null }
          }
        ],
        "line": 26
      },
      "1": {
        "loc": {
          "start": { "line": 27, "column": 17 },
          "end": { "line": 27, "column": null }
        },
        "type": "binary-expr",
        "locations": [
          {
            "start": { "line": 27, "column": 17 },
            "end": { "line": 27, "column": 34 }
          },
          {
            "start": { "line": 27, "column": 25 },
            "end": { "line": 27, "column": 68 }
          }
        ],
        "line": 27
      },
      "2": {
        "loc": {
          "start": { "line": 34, "column": 4 },
          "end": { "line": 37, "column": null }
        },
        "type": "if",
        "locations": [
          {
            "start": { "line": 34, "column": 4 },
            "end": { "line": 37, "column": null }
          },
          { "start": {}, "end": {} }
        ],
        "line": 34
      },
      "3": {
        "loc": {
          "start": { "line": 35, "column": 6 },
          "end": { "line": 35, "column": null }
        },
        "type": "if",
        "locations": [
          {
            "start": { "line": 35, "column": 6 },
            "end": { "line": 35, "column": null }
          },
          { "start": {}, "end": {} }
        ],
        "line": 35
      },
      "4": {
        "loc": {
          "start": { "line": 36, "column": 6 },
          "end": { "line": 37, "column": null }
        },
        "type": "if",
        "locations": [
          {
            "start": { "line": 36, "column": 6 },
            "end": { "line": 37, "column": null }
          },
          { "start": {}, "end": {} }
        ],
        "line": 36
      },
      "5": {
        "loc": {
          "start": { "line": 36, "column": 10 },
          "end": { "line": 36, "column": 55 }
        },
        "type": "binary-expr",
        "locations": [
          {
            "start": { "line": 36, "column": 10 },
            "end": { "line": 36, "column": 36 }
          },
          {
            "start": { "line": 36, "column": 36 },
            "end": { "line": 36, "column": 55 }
          }
        ],
        "line": 36
      }
    },
    "s": {
      "0": 1,
      "1": 6,
      "2": 1,
      "3": 4,
      "4": 4,
      "5": 4,
      "6": 6,
      "7": 4,
      "8": 9,
      "9": 9,
      "10": 9,
      "11": 9,
      "12": 4,
      "13": 1,
      "14": 3,
      "15": 2,
      "16": 6,
      "17": 6,
      "18": 6,
      "19": 6,
      "20": 6,
      "21": 6,
      "22": 0,
      "23": 0,
      "24": 4,
      "25": 0,
      "26": 4,
      "27": 0,
      "28": 4
    },
    "f": { "0": 6, "1": 4, "2": 6, "3": 9, "4": 0, "5": 0 },
    "b": {
      "0": [4, 2],
      "1": [4, 6],
      "2": [4, 5],
      "3": [1, 3],
      "4": [2, 1],
      "5": [3, 2]
    },
    "meta": {
      "lastBranch": 6,
      "lastFunction": 6,
      "lastStatement": 29,
      "seen": {
        "s:19:6:19:69": 0,
        "f:19:6:19:20": 0,
        "s:19:49:19:69": 1,
        "s:21:13:63:Infinity": 2,
        "f:21:13:21:Infinity": 1,
        "s:25:16:25:53": 3,
        "s:26:17:26:Infinity": 4,
        "b:26:17:26:32:26:32:26:Infinity": 0,
        "s:27:17:27:Infinity": 5,
        "b:27:17:27:34:27:25:27:68": 1,
        "f:27:25:27:34": 2,
        "s:27:52:27:68": 6,
        "s:29:20:56:Infinity": 7,
        "f:29:20:29:27": 3,
        "s:30:16:30:31": 8,
        "s:31:16:31:24": 9,
        "s:32:19:32:33": 10,
        "b:34:4:37:Infinity:undefined:undefined:undefined:undefined": 2,
        "s:34:4:37:Infinity": 11,
        "b:35:6:35:Infinity:undefined:undefined:undefined:undefined": 3,
        "s:35:6:35:Infinity": 12,
        "s:35:26:35:Infinity": 13,
        "b:36:6:37:Infinity:undefined:undefined:undefined:undefined": 4,
        "s:36:6:37:Infinity": 14,
        "b:36:10:36:36:36:36:36:55": 5,
        "s:37:8:37:Infinity": 15,
        "s:41:20:41:31": 16,
        "s:42:4:45:Infinity": 17,
        "s:47:4:56:Infinity": 18,
        "s:48:20:48:Infinity": 19,
        "s:49:6:52:Infinity": 20,
        "s:53:6:53:Infinity": 21,
        "s:55:6:55:Infinity": 22,
        "s:56:6:56:Infinity": 23,
        "s:60:2:60:Infinity": 24,
        "f:60:11:60:25": 4,
        "s:60:25:60:38": 25,
        "s:61:2:61:Infinity": 26,
        "f:61:11:61:21": 5,
        "s:61:39:61:68": 27,
        "s:63:2:63:Infinity": 28
      }
    }
  },
  "/Users/wook/Documents/aireseach/packages/api/src/utils/index.ts": {
    "path": "/Users/wook/Documents/aireseach/packages/api/src/utils/index.ts",
    "statementMap": {
      "0": {
        "start": { "line": 22, "column": 23 },
        "end": { "line": 27, "column": 2 }
      },
      "1": {
        "start": { "line": 29, "column": 13 },
        "end": { "line": 30, "column": null }
      },
      "2": {
        "start": { "line": 30, "column": 2 },
        "end": { "line": 30, "column": null }
      },
      "3": {
        "start": { "line": 41, "column": 13 },
        "end": { "line": 103, "column": null }
      },
      "4": {
        "start": { "line": 53, "column": 47 },
        "end": { "line": 53, "column": null }
      },
      "5": {
        "start": { "line": 55, "column": 18 },
        "end": { "line": 98, "column": null }
      },
      "6": {
        "start": { "line": 59, "column": 21 },
        "end": { "line": 59, "column": 60 }
      },
      "7": {
        "start": { "line": 62, "column": 4 },
        "end": { "line": 73, "column": null }
      },
      "8": {
        "start": { "line": 63, "column": 6 },
        "end": { "line": 63, "column": null }
      },
      "9": {
        "start": { "line": 65, "column": 6 },
        "end": { "line": 71, "column": null }
      },
      "10": {
        "start": { "line": 66, "column": 8 },
        "end": { "line": 71, "column": null }
      },
      "11": {
        "start": { "line": 73, "column": 6 },
        "end": { "line": 73, "column": null }
      },
      "12": {
        "start": { "line": 76, "column": 4 },
        "end": { "line": 84, "column": null }
      },
      "13": {
        "start": { "line": 77, "column": 6 },
        "end": { "line": 82, "column": null }
      },
      "14": {
        "start": { "line": 78, "column": 8 },
        "end": { "line": 82, "column": null }
      },
      "15": {
        "start": { "line": 84, "column": 6 },
        "end": { "line": 84, "column": null }
      },
      "16": {
        "start": { "line": 87, "column": 4 },
        "end": { "line": 95, "column": null }
      },
      "17": {
        "start": { "line": 88, "column": 21 },
        "end": { "line": 88, "column": 43 }
      },
      "18": {
        "start": { "line": 89, "column": 6 },
        "end": { "line": 93, "column": null }
      },
      "19": {
        "start": { "line": 90, "column": 8 },
        "end": { "line": 91, "column": null }
      },
      "20": {
        "start": { "line": 91, "column": 10 },
        "end": { "line": 91, "column": null }
      },
      "21": {
        "start": { "line": 93, "column": 8 },
        "end": { "line": 93, "column": null }
      },
      "22": {
        "start": { "line": 95, "column": 6 },
        "end": { "line": 95, "column": null }
      },
      "23": {
        "start": { "line": 98, "column": 4 },
        "end": { "line": 98, "column": null }
      },
      "24": {
        "start": { "line": 101, "column": 2 },
        "end": { "line": 103, "column": null }
      },
      "25": {
        "start": { "line": 106, "column": 13 },
        "end": { "line": 115, "column": null }
      },
      "26": {
        "start": { "line": 110, "column": 2 },
        "end": { "line": 115, "column": null }
      },
      "27": {
        "start": { "line": 113, "column": 6 },
        "end": { "line": 113, "column": 78 }
      },
      "28": {
        "start": { "line": 113, "column": 23 },
        "end": { "line": 113, "column": 62 }
      }
    },
    "fnMap": {
      "0": {
        "name": "(anonymous_0)",
        "decl": {
          "start": { "line": 29, "column": 13 },
          "end": { "line": 29, "column": 27 }
        },
        "loc": {
          "start": { "line": 29, "column": 79 },
          "end": { "line": 30, "column": null }
        },
        "line": 29
      },
      "1": {
        "name": "(anonymous_1)",
        "decl": {
          "start": { "line": 41, "column": 13 },
          "end": { "line": 41, "column": null }
        },
        "loc": {
          "start": { "line": 52, "column": 5 },
          "end": { "line": 103, "column": null }
        },
        "line": 52
      },
      "2": {
        "name": "(anonymous_2)",
        "decl": {
          "start": { "line": 55, "column": 18 },
          "end": { "line": 55, "column": null }
        },
        "loc": {
          "start": { "line": 58, "column": 47 },
          "end": { "line": 98, "column": null }
        },
        "line": 58
      },
      "3": {
        "name": "(anonymous_3)",
        "decl": {
          "start": { "line": 106, "column": 13 },
          "end": { "line": 106, "column": null }
        },
        "loc": {
          "start": { "line": 109, "column": 17 },
          "end": { "line": 115, "column": null }
        },
        "line": 109
      },
      "4": {
        "name": "(anonymous_4)",
        "decl": {
          "start": { "line": 112, "column": 8 },
          "end": { "line": 112, "column": 20 }
        },
        "loc": {
          "start": { "line": 113, "column": 6 },
          "end": { "line": 113, "column": 78 }
        },
        "line": 113
      },
      "5": {
        "name": "(anonymous_5)",
        "decl": {
          "start": { "line": 113, "column": 6 },
          "end": { "line": 113, "column": 23 }
        },
        "loc": {
          "start": { "line": 113, "column": 23 },
          "end": { "line": 113, "column": 62 }
        },
        "line": 113
      }
    },
    "branchMap": {
      "0": {
        "loc": {
          "start": { "line": 51, "column": 2 },
          "end": { "line": 51, "column": 35 }
        },
        "type": "default-arg",
        "locations": [
          {
            "start": { "line": 51, "column": 33 },
            "end": { "line": 51, "column": 35 }
          }
        ],
        "line": 51
      },
      "1": {
        "loc": {
          "start": { "line": 53, "column": 10 },
          "end": { "line": 53, "column": 36 }
        },
        "type": "default-arg",
        "locations": [
          {
            "start": { "line": 53, "column": 25 },
            "end": { "line": 53, "column": 36 }
          }
        ],
        "line": 53
      },
      "2": {
        "loc": {
          "start": { "line": 65, "column": 6 },
          "end": { "line": 71, "column": null }
        },
        "type": "if",
        "locations": [
          {
            "start": { "line": 65, "column": 6 },
            "end": { "line": 71, "column": null }
          },
          { "start": {}, "end": {} }
        ],
        "line": 65
      },
      "3": {
        "loc": {
          "start": { "line": 67, "column": 10 },
          "end": { "line": 69, "column": null }
        },
        "type": "cond-expr",
        "locations": [
          {
            "start": { "line": 68, "column": 14 },
            "end": { "line": 68, "column": null }
          },
          {
            "start": { "line": 69, "column": 14 },
            "end": { "line": 69, "column": null }
          }
        ],
        "line": 67
      },
      "4": {
        "loc": {
          "start": { "line": 76, "column": 4 },
          "end": { "line": 84, "column": null }
        },
        "type": "if",
        "locations": [
          {
            "start": { "line": 76, "column": 4 },
            "end": { "line": 84, "column": null }
          },
          { "start": {}, "end": {} }
        ],
        "line": 76
      },
      "5": {
        "loc": {
          "start": { "line": 77, "column": 6 },
          "end": { "line": 82, "column": null }
        },
        "type": "if",
        "locations": [
          {
            "start": { "line": 77, "column": 6 },
            "end": { "line": 82, "column": null }
          },
          { "start": {}, "end": {} }
        ],
        "line": 77
      },
      "6": {
        "loc": {
          "start": { "line": 79, "column": 10 },
          "end": { "line": 81, "column": null }
        },
        "type": "cond-expr",
        "locations": [
          {
            "start": { "line": 80, "column": 14 },
            "end": { "line": 80, "column": null }
          },
          {
            "start": { "line": 81, "column": 14 },
            "end": { "line": 81, "column": null }
          }
        ],
        "line": 79
      },
      "7": {
        "loc": {
          "start": { "line": 87, "column": 4 },
          "end": { "line": 95, "column": null }
        },
        "type": "if",
        "locations": [
          {
            "start": { "line": 87, "column": 4 },
            "end": { "line": 95, "column": null }
          },
          { "start": {}, "end": {} }
        ],
        "line": 87
      },
      "8": {
        "loc": {
          "start": { "line": 89, "column": 6 },
          "end": { "line": 93, "column": null }
        },
        "type": "if",
        "locations": [
          {
            "start": { "line": 89, "column": 6 },
            "end": { "line": 93, "column": null }
          },
          { "start": {}, "end": {} }
        ],
        "line": 89
      },
      "9": {
        "loc": {
          "start": { "line": 90, "column": 8 },
          "end": { "line": 91, "column": null }
        },
        "type": "if",
        "locations": [
          {
            "start": { "line": 90, "column": 8 },
            "end": { "line": 91, "column": null }
          },
          { "start": {}, "end": {} }
        ],
        "line": 90
      }
    },
    "s": {
      "0": 1,
      "1": 1,
      "2": 9,
      "3": 1,
      "4": 8,
      "5": 8,
      "6": 8,
      "7": 6,
      "8": 6,
      "9": 0,
      "10": 0,
      "11": 0,
      "12": 6,
      "13": 2,
      "14": 1,
      "15": 1,
      "16": 4,
      "17": 3,
      "18": 3,
      "19": 2,
      "20": 1,
      "21": 1,
      "22": 1,
      "23": 1,
      "24": 8,
      "25": 1,
      "26": 2,
      "27": 2,
      "28": 1
    },
    "f": { "0": 9, "1": 8, "2": 8, "3": 2, "4": 2, "5": 1 },
    "b": {
      "0": [8],
      "1": [8],
      "2": [0, 0],
      "3": [0, 0],
      "4": [2, 4],
      "5": [1, 1],
      "6": [0, 1],
      "7": [3, 1],
      "8": [2, 1],
      "9": [1, 1]
    },
    "meta": {
      "lastBranch": 10,
      "lastFunction": 6,
      "lastStatement": 29,
      "seen": {
        "s:22:23:27:2": 0,
        "s:29:13:30:Infinity": 1,
        "f:29:13:29:27": 0,
        "s:30:2:30:Infinity": 2,
        "s:41:13:103:Infinity": 3,
        "f:41:13:41:Infinity": 1,
        "b:51:33:51:35": 0,
        "s:53:47:53:Infinity": 4,
        "b:53:25:53:36": 1,
        "s:55:18:98:Infinity": 5,
        "f:55:18:55:Infinity": 2,
        "s:59:21:59:60": 6,
        "s:62:4:73:Infinity": 7,
        "s:63:6:63:Infinity": 8,
        "b:65:6:71:Infinity:undefined:undefined:undefined:undefined": 2,
        "s:65:6:71:Infinity": 9,
        "s:66:8:71:Infinity": 10,
        "b:68:14:68:Infinity:69:14:69:Infinity": 3,
        "s:73:6:73:Infinity": 11,
        "b:76:4:84:Infinity:undefined:undefined:undefined:undefined": 4,
        "s:76:4:84:Infinity": 12,
        "b:77:6:82:Infinity:undefined:undefined:undefined:undefined": 5,
        "s:77:6:82:Infinity": 13,
        "s:78:8:82:Infinity": 14,
        "b:80:14:80:Infinity:81:14:81:Infinity": 6,
        "s:84:6:84:Infinity": 15,
        "b:87:4:95:Infinity:undefined:undefined:undefined:undefined": 7,
        "s:87:4:95:Infinity": 16,
        "s:88:21:88:43": 17,
        "b:89:6:93:Infinity:undefined:undefined:undefined:undefined": 8,
        "s:89:6:93:Infinity": 18,
        "b:90:8:91:Infinity:undefined:undefined:undefined:undefined": 9,
        "s:90:8:91:Infinity": 19,
        "s:91:10:91:Infinity": 20,
        "s:93:8:93:Infinity": 21,
        "s:95:6:95:Infinity": 22,
        "s:98:4:98:Infinity": 23,
        "s:101:2:103:Infinity": 24,
        "s:106:13:115:Infinity": 25,
        "f:106:13:106:Infinity": 3,
        "s:110:2:115:Infinity": 26,
        "f:112:8:112:20": 4,
        "s:113:6:113:78": 27,
        "f:113:6:113:23": 5,
        "s:113:23:113:62": 28
      }
    }
  },
  "/Users/wook/Documents/aireseach/packages/api/src/utils/on-error.ts": {
    "path": "/Users/wook/Documents/aireseach/packages/api/src/utils/on-error.ts",
    "statementMap": {
      "0": {
        "start": { "line": 12, "column": 20 },
        "end": { "line": 15, "column": 2 }
      },
      "1": {
        "start": { "line": 17, "column": 6 },
        "end": { "line": 18, "column": null }
      },
      "2": {
        "start": { "line": 18, "column": 2 },
        "end": { "line": 18, "column": null }
      },
      "3": {
        "start": { "line": 21, "column": 23 },
        "end": { "line": 75, "column": null }
      },
      "4": {
        "start": { "line": 28, "column": 22 },
        "end": { "line": 31, "column": 4 }
      },
      "5": {
        "start": { "line": 33, "column": 8 },
        "end": { "line": 33, "column": 33 }
      },
      "6": {
        "start": { "line": 34, "column": 18 },
        "end": { "line": 39, "column": null }
      },
      "7": {
        "start": { "line": 41, "column": 20 },
        "end": { "line": 41, "column": 44 }
      },
      "8": {
        "start": { "line": 42, "column": 15 },
        "end": { "line": 42, "column": null }
      },
      "9": {
        "start": { "line": 44, "column": 2 },
        "end": { "line": 45, "column": null }
      },
      "10": {
        "start": { "line": 45, "column": 4 },
        "end": { "line": 45, "column": null }
      },
      "11": {
        "start": { "line": 48, "column": 2 },
        "end": { "line": 63, "column": null }
      },
      "12": {
        "start": { "line": 49, "column": 4 },
        "end": { "line": 49, "column": null }
      },
      "13": {
        "start": { "line": 50, "column": 4 },
        "end": { "line": 63, "column": null }
      },
      "14": {
        "start": { "line": 66, "column": 2 },
        "end": { "line": 66, "column": null }
      },
      "15": {
        "start": { "line": 67, "column": 2 },
        "end": { "line": 75, "column": null }
      }
    },
    "fnMap": {
      "0": {
        "name": "(anonymous_0)",
        "decl": {
          "start": { "line": 17, "column": 6 },
          "end": { "line": 17, "column": 17 }
        },
        "loc": {
          "start": { "line": 17, "column": 66 },
          "end": { "line": 18, "column": null }
        },
        "line": 17
      },
      "1": {
        "name": "(anonymous_1)",
        "decl": {
          "start": { "line": 21, "column": 23 },
          "end": { "line": 21, "column": null }
        },
        "loc": {
          "start": { "line": 27, "column": 5 },
          "end": { "line": 75, "column": null }
        },
        "line": 27
      }
    },
    "branchMap": {
      "0": {
        "loc": {
          "start": { "line": 42, "column": 15 },
          "end": { "line": 42, "column": null }
        },
        "type": "cond-expr",
        "locations": [
          {
            "start": { "line": 42, "column": 32 },
            "end": { "line": 42, "column": 66 }
          },
          {
            "start": { "line": 42, "column": 66 },
            "end": { "line": 42, "column": null }
          }
        ],
        "line": 42
      },
      "1": {
        "loc": {
          "start": { "line": 44, "column": 2 },
          "end": { "line": 45, "column": null }
        },
        "type": "if",
        "locations": [
          {
            "start": { "line": 44, "column": 2 },
            "end": { "line": 45, "column": null }
          },
          { "start": {}, "end": {} }
        ],
        "line": 44
      },
      "2": {
        "loc": {
          "start": { "line": 48, "column": 2 },
          "end": { "line": 63, "column": null }
        },
        "type": "if",
        "locations": [
          {
            "start": { "line": 48, "column": 2 },
            "end": { "line": 63, "column": null }
          },
          { "start": {}, "end": {} }
        ],
        "line": 48
      },
      "3": {
        "loc": {
          "start": { "line": 53, "column": 17 },
          "end": { "line": 57, "column": 65 }
        },
        "type": "cond-expr",
        "locations": [
          {
            "start": { "line": 54, "column": 12 },
            "end": { "line": 54, "column": null }
          },
          {
            "start": { "line": 55, "column": 12 },
            "end": { "line": 57, "column": 65 }
          }
        ],
        "line": 53
      },
      "4": {
        "loc": {
          "start": { "line": 55, "column": 12 },
          "end": { "line": 57, "column": 65 }
        },
        "type": "cond-expr",
        "locations": [
          {
            "start": { "line": 56, "column": 14 },
            "end": { "line": 56, "column": 23 }
          },
          {
            "start": { "line": 56, "column": 23 },
            "end": { "line": 57, "column": 65 }
          }
        ],
        "line": 55
      },
      "5": {
        "loc": {
          "start": { "line": 55, "column": 12 },
          "end": { "line": 55, "column": 41 }
        },
        "type": "binary-expr",
        "locations": [
          {
            "start": { "line": 55, "column": 12 },
            "end": { "line": 55, "column": 22 }
          },
          {
            "start": { "line": 55, "column": 14 },
            "end": { "line": 55, "column": 41 }
          }
        ],
        "line": 55
      },
      "6": {
        "loc": {
          "start": { "line": 56, "column": 23 },
          "end": { "line": 57, "column": 65 }
        },
        "type": "binary-expr",
        "locations": [
          {
            "start": { "line": 57, "column": 16 },
            "end": { "line": 57, "column": 29 }
          },
          {
            "start": { "line": 57, "column": 29 },
            "end": { "line": 57, "column": 40 }
          },
          {
            "start": { "line": 57, "column": 40 },
            "end": { "line": 57, "column": 65 }
          }
        ],
        "line": 56
      }
    },
    "s": {
      "0": 1,
      "1": 1,
      "2": 3,
      "3": 1,
      "4": 3,
      "5": 3,
      "6": 3,
      "7": 3,
      "8": 3,
      "9": 3,
      "10": 3,
      "11": 3,
      "12": 2,
      "13": 2,
      "14": 1,
      "15": 1
    },
    "f": { "0": 3, "1": 3 },
    "b": {
      "0": [3, 0],
      "1": [3, 0],
      "2": [2, 1],
      "3": [1, 1],
      "4": [1, 0],
      "5": [1, 1],
      "6": [0, 0, 0]
    },
    "meta": {
      "lastBranch": 7,
      "lastFunction": 2,
      "lastStatement": 16,
      "seen": {
        "s:12:20:15:2": 0,
        "s:17:6:18:Infinity": 1,
        "f:17:6:17:17": 0,
        "s:18:2:18:Infinity": 2,
        "s:21:23:75:Infinity": 3,
        "f:21:23:21:Infinity": 1,
        "s:28:22:31:4": 4,
        "s:33:8:33:33": 5,
        "s:34:18:39:Infinity": 6,
        "s:41:20:41:44": 7,
        "s:42:15:42:Infinity": 8,
        "b:42:32:42:66:42:66:42:Infinity": 0,
        "b:44:2:45:Infinity:undefined:undefined:undefined:undefined": 1,
        "s:44:2:45:Infinity": 9,
        "s:45:4:45:Infinity": 10,
        "b:48:2:63:Infinity:undefined:undefined:undefined:undefined": 2,
        "s:48:2:63:Infinity": 11,
        "s:49:4:49:Infinity": 12,
        "s:50:4:63:Infinity": 13,
        "b:54:12:54:Infinity:55:12:57:65": 3,
        "b:56:14:56:23:56:23:57:65": 4,
        "b:55:12:55:22:55:14:55:41": 5,
        "b:57:16:57:29:57:29:57:40:57:40:57:65": 6,
        "s:66:2:66:Infinity": 14,
        "s:67:2:75:Infinity": 15
      }
    }
  }
}
