{"/Users/wook/.openclaw/workspace/aireseach/packages/api/src/modules/ledger/router.ts": {"path":"/Users/wook/.openclaw/workspace/aireseach/packages/api/src/modules/ledger/router.ts","statementMap":{"0":{"start":{"line":11,"column":27},"end":{"line":11,"column":37}},"1":{"start":{"line":14,"column":29},"end":{"line":29,"column":2}},"2":{"start":{"line":31,"column":26},"end":{"line":33,"column":2}},"3":{"start":{"line":35,"column":0},"end":{"line":106,"column":null}},"4":{"start":{"line":39,"column":20},"end":{"line":39,"column":77}},"5":{"start":{"line":40,"column":17},"end":{"line":40,"column":null}},"6":{"start":{"line":41,"column":4},"end":{"line":42,"column":null}},"7":{"start":{"line":42,"column":6},"end":{"line":42,"column":null}},"8":{"start":{"line":44,"column":26},"end":{"line":44,"column":45}},"9":{"start":{"line":47,"column":4},"end":{"line":51,"column":null}},"10":{"start":{"line":48,"column":6},"end":{"line":51,"column":null}},"11":{"start":{"line":49,"column":8},"end":{"line":51,"column":null}},"12":{"start":{"line":56,"column":68},"end":{"line":56,"column":70}},"13":{"start":{"line":57,"column":28},"end":{"line":57,"column":null}},"14":{"start":{"line":58,"column":17},"end":{"line":58,"column":null}},"15":{"start":{"line":60,"column":4},"end":{"line":94,"column":null}},"16":{"start":{"line":61,"column":6},"end":{"line":94,"column":null}},"17":{"start":{"line":62,"column":22},"end":{"line":82,"column":22}},"18":{"start":{"line":83,"column":8},"end":{"line":87,"column":null}},"19":{"start":{"line":84,"column":10},"end":{"line":84,"column":null}},"20":{"start":{"line":87,"column":10},"end":{"line":87,"column":null}},"21":{"start":{"line":90,"column":8},"end":{"line":90,"column":null}},"22":{"start":{"line":91,"column":8},"end":{"line":94,"column":null}},"23":{"start":{"line":98,"column":4},"end":{"line":104,"column":null}},"24":{"start":{"line":109,"column":0},"end":{"line":133,"column":null}},"25":{"start":{"line":113,"column":20},"end":{"line":113,"column":77}},"26":{"start":{"line":114,"column":17},"end":{"line":114,"column":null}},"27":{"start":{"line":115,"column":4},"end":{"line":116,"column":null}},"28":{"start":{"line":116,"column":6},"end":{"line":116,"column":null}},"29":{"start":{"line":118,"column":23},"end":{"line":118,"column":43}},"30":{"start":{"line":120,"column":17},"end":{"line":129,"column":48}},"31":{"start":{"line":131,"column":4},"end":{"line":131,"column":null}},"32":{"start":{"line":136,"column":21},"end":{"line":143,"column":2}},"33":{"start":{"line":145,"column":0},"end":{"line":177,"column":null}},"34":{"start":{"line":146,"column":18},"end":{"line":146,"column":75}},"35":{"start":{"line":147,"column":15},"end":{"line":147,"column":null}},"36":{"start":{"line":148,"column":2},"end":{"line":149,"column":null}},"37":{"start":{"line":149,"column":4},"end":{"line":149,"column":null}},"38":{"start":{"line":151,"column":15},"end":{"line":151,"column":34}},"39":{"start":{"line":154,"column":21},"end":{"line":158,"column":13}},"40":{"start":{"line":160,"column":2},"end":{"line":161,"column":null}},"41":{"start":{"line":161,"column":4},"end":{"line":161,"column":null}},"42":{"start":{"line":164,"column":25},"end":{"line":174,"column":16}},"43":{"start":{"line":176,"column":2},"end":{"line":176,"column":null}},"44":{"start":{"line":180,"column":0},"end":{"line":228,"column":null}},"45":{"start":{"line":184,"column":20},"end":{"line":184,"column":77}},"46":{"start":{"line":185,"column":17},"end":{"line":185,"column":null}},"47":{"start":{"line":186,"column":4},"end":{"line":187,"column":null}},"48":{"start":{"line":187,"column":6},"end":{"line":187,"column":null}},"49":{"start":{"line":189,"column":23},"end":{"line":189,"column":43}},"50":{"start":{"line":191,"column":22},"end":{"line":200,"column":48}},"51":{"start":{"line":202,"column":24},"end":{"line":202,"column":50}},"52":{"start":{"line":202,"column":45},"end":{"line":202,"column":50}},"53":{"start":{"line":204,"column":71},"end":{"line":204,"column":73}},"54":{"start":{"line":205,"column":4},"end":{"line":210,"column":null}},"55":{"start":{"line":206,"column":6},"end":{"line":210,"column":null}},"56":{"start":{"line":214,"column":28},"end":{"line":214,"column":67}},"57":{"start":{"line":215,"column":4},"end":{"line":218,"column":null}},"58":{"start":{"line":216,"column":23},"end":{"line":216,"column":62}},"59":{"start":{"line":217,"column":6},"end":{"line":217,"column":null}},"60":{"start":{"line":218,"column":6},"end":{"line":218,"column":null}},"61":{"start":{"line":221,"column":20},"end":{"line":224,"column":7}},"62":{"start":{"line":221,"column":42},"end":{"line":224,"column":7}},"63":{"start":{"line":226,"column":4},"end":{"line":226,"column":null}}},"fnMap":{"0":{"name":"(anonymous_0)","decl":{"start":{"line":38,"column":2},"end":{"line":38,"column":9}},"loc":{"start":{"line":38,"column":15},"end":{"line":106,"column":null}},"line":38},"1":{"name":"(anonymous_1)","decl":{"start":{"line":112,"column":2},"end":{"line":112,"column":9}},"loc":{"start":{"line":112,"column":15},"end":{"line":133,"column":null}},"line":112},"2":{"name":"(anonymous_2)","decl":{"start":{"line":145,"column":62},"end":{"line":145,"column":69}},"loc":{"start":{"line":145,"column":75},"end":{"line":177,"column":null}},"line":145},"3":{"name":"(anonymous_3)","decl":{"start":{"line":183,"column":2},"end":{"line":183,"column":9}},"loc":{"start":{"line":183,"column":15},"end":{"line":228,"column":null}},"line":183},"4":{"name":"(anonymous_4)","decl":{"start":{"line":202,"column":34},"end":{"line":202,"column":39}},"loc":{"start":{"line":202,"column":45},"end":{"line":202,"column":50}},"line":202},"5":{"name":"(anonymous_5)","decl":{"start":{"line":221,"column":30},"end":{"line":221,"column":35}},"loc":{"start":{"line":221,"column":42},"end":{"line":224,"column":7}},"line":221}},"branchMap":{"0":{"loc":{"start":{"line":40,"column":17},"end":{"line":40,"column":null}},"type":"binary-expr","locations":[{"start":{"line":40,"column":17},"end":{"line":40,"column":34}},{"start":{"line":40,"column":34},"end":{"line":40,"column":null}}],"line":40},"1":{"loc":{"start":{"line":41,"column":4},"end":{"line":42,"column":null}},"type":"if","locations":[{"start":{"line":41,"column":4},"end":{"line":42,"column":null}},{"start":{},"end":{}}],"line":41},"2":{"loc":{"start":{"line":48,"column":6},"end":{"line":51,"column":null}},"type":"if","locations":[{"start":{"line":48,"column":6},"end":{"line":51,"column":null}},{"start":{},"end":{}}],"line":48},"3":{"loc":{"start":{"line":48,"column":10},"end":{"line":48,"column":59}},"type":"binary-expr","locations":[{"start":{"line":48,"column":10},"end":{"line":48,"column":36}},{"start":{"line":48,"column":36},"end":{"line":48,"column":59}}],"line":48},"4":{"loc":{"start":{"line":71,"column":28},"end":{"line":71,"column":null}},"type":"binary-expr","locations":[{"start":{"line":71,"column":28},"end":{"line":71,"column":48}},{"start":{"line":71,"column":48},"end":{"line":71,"column":null}}],"line":71},"5":{"loc":{"start":{"line":73,"column":20},"end":{"line":73,"column":null}},"type":"binary-expr","locations":[{"start":{"line":73,"column":20},"end":{"line":73,"column":32}},{"start":{"line":73,"column":32},"end":{"line":73,"column":null}}],"line":73},"6":{"loc":{"start":{"line":74,"column":21},"end":{"line":74,"column":null}},"type":"binary-expr","locations":[{"start":{"line":74,"column":21},"end":{"line":74,"column":34}},{"start":{"line":74,"column":34},"end":{"line":74,"column":null}}],"line":74},"7":{"loc":{"start":{"line":75,"column":23},"end":{"line":75,"column":null}},"type":"binary-expr","locations":[{"start":{"line":75,"column":23},"end":{"line":75,"column":38}},{"start":{"line":75,"column":38},"end":{"line":75,"column":null}}],"line":75},"8":{"loc":{"start":{"line":76,"column":20},"end":{"line":76,"column":null}},"type":"binary-expr","locations":[{"start":{"line":76,"column":20},"end":{"line":76,"column":32}},{"start":{"line":76,"column":32},"end":{"line":76,"column":null}}],"line":76},"9":{"loc":{"start":{"line":77,"column":18},"end":{"line":77,"column":null}},"type":"binary-expr","locations":[{"start":{"line":77,"column":18},"end":{"line":77,"column":28}},{"start":{"line":77,"column":28},"end":{"line":77,"column":null}}],"line":77},"10":{"loc":{"start":{"line":79,"column":24},"end":{"line":79,"column":null}},"type":"cond-expr","locations":[{"start":{"line":79,"column":39},"end":{"line":79,"column":61}},{"start":{"line":79,"column":64},"end":{"line":79,"column":null}}],"line":79},"11":{"loc":{"start":{"line":83,"column":8},"end":{"line":87,"column":null}},"type":"if","locations":[{"start":{"line":83,"column":8},"end":{"line":87,"column":null}},{"start":{"line":85,"column":15},"end":{"line":87,"column":null}}],"line":83},"12":{"loc":{"start":{"line":114,"column":17},"end":{"line":114,"column":null}},"type":"binary-expr","locations":[{"start":{"line":114,"column":17},"end":{"line":114,"column":34}},{"start":{"line":114,"column":34},"end":{"line":114,"column":null}}],"line":114},"13":{"loc":{"start":{"line":115,"column":4},"end":{"line":116,"column":null}},"type":"if","locations":[{"start":{"line":115,"column":4},"end":{"line":116,"column":null}},{"start":{},"end":{}}],"line":115},"14":{"loc":{"start":{"line":147,"column":15},"end":{"line":147,"column":null}},"type":"binary-expr","locations":[{"start":{"line":147,"column":15},"end":{"line":147,"column":32}},{"start":{"line":147,"column":32},"end":{"line":147,"column":null}}],"line":147},"15":{"loc":{"start":{"line":148,"column":2},"end":{"line":149,"column":null}},"type":"if","locations":[{"start":{"line":148,"column":2},"end":{"line":149,"column":null}},{"start":{},"end":{}}],"line":148},"16":{"loc":{"start":{"line":160,"column":2},"end":{"line":161,"column":null}},"type":"if","locations":[{"start":{"line":160,"column":2},"end":{"line":161,"column":null}},{"start":{},"end":{}}],"line":160},"17":{"loc":{"start":{"line":160,"column":6},"end":{"line":160,"column":48}},"type":"binary-expr","locations":[{"start":{"line":160,"column":6},"end":{"line":160,"column":19}},{"start":{"line":160,"column":19},"end":{"line":160,"column":48}}],"line":160},"18":{"loc":{"start":{"line":169,"column":17},"end":{"line":169,"column":null}},"type":"binary-expr","locations":[{"start":{"line":169,"column":17},"end":{"line":169,"column":35}},{"start":{"line":169,"column":35},"end":{"line":169,"column":null}}],"line":169},"19":{"loc":{"start":{"line":170,"column":19},"end":{"line":170,"column":null}},"type":"binary-expr","locations":[{"start":{"line":170,"column":19},"end":{"line":170,"column":39}},{"start":{"line":170,"column":39},"end":{"line":170,"column":null}}],"line":170},"20":{"loc":{"start":{"line":171,"column":13},"end":{"line":171,"column":null}},"type":"binary-expr","locations":[{"start":{"line":171,"column":13},"end":{"line":171,"column":27}},{"start":{"line":171,"column":27},"end":{"line":171,"column":null}}],"line":171},"21":{"loc":{"start":{"line":185,"column":17},"end":{"line":185,"column":null}},"type":"binary-expr","locations":[{"start":{"line":185,"column":17},"end":{"line":185,"column":34}},{"start":{"line":185,"column":34},"end":{"line":185,"column":null}}],"line":185},"22":{"loc":{"start":{"line":186,"column":4},"end":{"line":187,"column":null}},"type":"if","locations":[{"start":{"line":186,"column":4},"end":{"line":187,"column":null}},{"start":{},"end":{}}],"line":186},"23":{"loc":{"start":{"line":205,"column":4},"end":{"line":210,"column":null}},"type":"if","locations":[{"start":{"line":205,"column":4},"end":{"line":210,"column":null}},{"start":{},"end":{}}],"line":205},"24":{"loc":{"start":{"line":216,"column":23},"end":{"line":216,"column":62}},"type":"binary-expr","locations":[{"start":{"line":216,"column":23},"end":{"line":216,"column":56}},{"start":{"line":216,"column":60},"end":{"line":216,"column":62}}],"line":216},"25":{"loc":{"start":{"line":223,"column":21},"end":{"line":223,"column":null}},"type":"binary-expr","locations":[{"start":{"line":223,"column":21},"end":{"line":223,"column":46}},{"start":{"line":223,"column":50},"end":{"line":223,"column":null}}],"line":223}},"s":{"0":1,"1":1,"2":1,"3":1,"4":9,"5":9,"6":9,"7":1,"8":8,"9":8,"10":9,"11":3,"12":5,"13":5,"14":5,"15":5,"16":5,"17":5,"18":4,"19":3,"20":1,"21":1,"22":1,"23":5,"24":1,"25":2,"26":2,"27":2,"28":0,"29":2,"30":2,"31":2,"32":1,"33":1,"34":5,"35":5,"36":5,"37":0,"38":5,"39":5,"40":5,"41":1,"42":4,"43":4,"44":1,"45":1,"46":1,"47":1,"48":0,"49":1,"50":1,"51":1,"52":1,"53":1,"54":1,"55":1,"56":1,"57":1,"58":1,"59":1,"60":1,"61":1,"62":1,"63":1},"f":{"0":9,"1":2,"2":5,"3":1,"4":1,"5":1},"b":{"0":[9,1],"1":[1,8],"2":[3,6],"3":[9,7],"4":[5,0],"5":[5,0],"6":[5,0],"7":[5,0],"8":[5,0],"9":[5,0],"10":[0,5],"11":[3,1],"12":[2,0],"13":[0,2],"14":[5,0],"15":[0,5],"16":[1,4],"17":[5,4],"18":[4,4],"19":[5,4],"20":[5,4],"21":[1,0],"22":[0,1],"23":[1,0],"24":[1,1],"25":[1,1]},"meta":{"lastBranch":26,"lastFunction":6,"lastStatement":64,"seen":{"s:11:27:11:37":0,"s:14:29:29:2":1,"s:31:26:33:2":2,"s:35:0:106:Infinity":3,"f:38:2:38:9":0,"s:39:20:39:77":4,"s:40:17:40:Infinity":5,"b:40:17:40:34:40:34:40:Infinity":0,"b:41:4:42:Infinity:undefined:undefined:undefined:undefined":1,"s:41:4:42:Infinity":6,"s:42:6:42:Infinity":7,"s:44:26:44:45":8,"s:47:4:51:Infinity":9,"b:48:6:51:Infinity:undefined:undefined:undefined:undefined":2,"s:48:6:51:Infinity":10,"b:48:10:48:36:48:36:48:59":3,"s:49:8:51:Infinity":11,"s:56:68:56:70":12,"s:57:28:57:Infinity":13,"s:58:17:58:Infinity":14,"s:60:4:94:Infinity":15,"s:61:6:94:Infinity":16,"s:62:22:82:22":17,"b:71:28:71:48:71:48:71:Infinity":4,"b:73:20:73:32:73:32:73:Infinity":5,"b:74:21:74:34:74:34:74:Infinity":6,"b:75:23:75:38:75:38:75:Infinity":7,"b:76:20:76:32:76:32:76:Infinity":8,"b:77:18:77:28:77:28:77:Infinity":9,"b:79:39:79:61:79:64:79:Infinity":10,"b:83:8:87:Infinity:85:15:87:Infinity":11,"s:83:8:87:Infinity":18,"s:84:10:84:Infinity":19,"s:87:10:87:Infinity":20,"s:90:8:90:Infinity":21,"s:91:8:94:Infinity":22,"s:98:4:104:Infinity":23,"s:109:0:133:Infinity":24,"f:112:2:112:9":1,"s:113:20:113:77":25,"s:114:17:114:Infinity":26,"b:114:17:114:34:114:34:114:Infinity":12,"b:115:4:116:Infinity:undefined:undefined:undefined:undefined":13,"s:115:4:116:Infinity":27,"s:116:6:116:Infinity":28,"s:118:23:118:43":29,"s:120:17:129:48":30,"s:131:4:131:Infinity":31,"s:136:21:143:2":32,"s:145:0:177:Infinity":33,"f:145:62:145:69":2,"s:146:18:146:75":34,"s:147:15:147:Infinity":35,"b:147:15:147:32:147:32:147:Infinity":14,"b:148:2:149:Infinity:undefined:undefined:undefined:undefined":15,"s:148:2:149:Infinity":36,"s:149:4:149:Infinity":37,"s:151:15:151:34":38,"s:154:21:158:13":39,"b:160:2:161:Infinity:undefined:undefined:undefined:undefined":16,"s:160:2:161:Infinity":40,"b:160:6:160:19:160:19:160:48":17,"s:161:4:161:Infinity":41,"s:164:25:174:16":42,"b:169:17:169:35:169:35:169:Infinity":18,"b:170:19:170:39:170:39:170:Infinity":19,"b:171:13:171:27:171:27:171:Infinity":20,"s:176:2:176:Infinity":43,"s:180:0:228:Infinity":44,"f:183:2:183:9":3,"s:184:20:184:77":45,"s:185:17:185:Infinity":46,"b:185:17:185:34:185:34:185:Infinity":21,"b:186:4:187:Infinity:undefined:undefined:undefined:undefined":22,"s:186:4:187:Infinity":47,"s:187:6:187:Infinity":48,"s:189:23:189:43":49,"s:191:22:200:48":50,"s:202:24:202:50":51,"f:202:34:202:39":4,"s:202:45:202:50":52,"s:204:71:204:73":53,"b:205:4:210:Infinity:undefined:undefined:undefined:undefined":23,"s:205:4:210:Infinity":54,"s:206:6:210:Infinity":55,"s:214:28:214:67":56,"s:215:4:218:Infinity":57,"s:216:23:216:62":58,"b:216:23:216:56:216:60:216:62":24,"s:217:6:217:Infinity":59,"s:218:6:218:Infinity":60,"s:221:20:224:7":61,"f:221:30:221:35":5,"s:221:42:224:7":62,"b:223:21:223:46:223:50:223:Infinity":25,"s:226:4:226:Infinity":63}}}
,"/Users/wook/.openclaw/workspace/aireseach/packages/api/src/modules/mcp/auth.ts": {"path":"/Users/wook/.openclaw/workspace/aireseach/packages/api/src/modules/mcp/auth.ts","statementMap":{"0":{"start":{"line":13,"column":6},"end":{"line":17,"column":null}},"1":{"start":{"line":14,"column":2},"end":{"line":14,"column":null}},"2":{"start":{"line":14,"column":29},"end":{"line":14,"column":null}},"3":{"start":{"line":15,"column":15},"end":{"line":15,"column":29}},"4":{"start":{"line":16,"column":15},"end":{"line":16,"column":29}},"5":{"start":{"line":17,"column":2},"end":{"line":17,"column":null}},"6":{"start":{"line":25,"column":13},"end":{"line":26,"column":62}},"7":{"start":{"line":25,"column":31},"end":{"line":26,"column":62}},"8":{"start":{"line":28,"column":13},"end":{"line":32,"column":null}},"9":{"start":{"line":29,"column":2},"end":{"line":29,"column":null}},"10":{"start":{"line":29,"column":22},"end":{"line":29,"column":null}},"11":{"start":{"line":30,"column":26},"end":{"line":30,"column":55}},"12":{"start":{"line":31,"column":2},"end":{"line":31,"column":null}},"13":{"start":{"line":31,"column":42},"end":{"line":31,"column":null}},"14":{"start":{"line":32,"column":2},"end":{"line":32,"column":null}},"15":{"start":{"line":40,"column":13},"end":{"line":42,"column":null}},"16":{"start":{"line":41,"column":13},"end":{"line":41,"column":29}},"17":{"start":{"line":42,"column":2},"end":{"line":42,"column":null}},"18":{"start":{"line":45,"column":13},"end":{"line":50,"column":22}},"19":{"start":{"line":45,"column":36},"end":{"line":50,"column":22}},"20":{"start":{"line":48,"column":18},"end":{"line":48,"column":28}},"21":{"start":{"line":52,"column":13},"end":{"line":54,"column":null}},"22":{"start":{"line":53,"column":13},"end":{"line":53,"column":29}},"23":{"start":{"line":54,"column":2},"end":{"line":54,"column":null}},"24":{"start":{"line":57,"column":13},"end":{"line":75,"column":null}},"25":{"start":{"line":61,"column":8},"end":{"line":64,"column":20}},"26":{"start":{"line":63,"column":18},"end":{"line":63,"column":28}},"27":{"start":{"line":66,"column":2},"end":{"line":66,"column":null}},"28":{"start":{"line":66,"column":31},"end":{"line":66,"column":null}},"29":{"start":{"line":68,"column":16},"end":{"line":68,"column":39}},"30":{"start":{"line":69,"column":2},"end":{"line":71,"column":null}},"31":{"start":{"line":70,"column":4},"end":{"line":71,"column":null}},"32":{"start":{"line":71,"column":6},"end":{"line":71,"column":null}},"33":{"start":{"line":75,"column":2},"end":{"line":75,"column":null}},"34":{"start":{"line":78,"column":13},"end":{"line":82,"column":null}},"35":{"start":{"line":82,"column":2},"end":{"line":82,"column":null}}},"fnMap":{"0":{"name":"(anonymous_0)","decl":{"start":{"line":13,"column":6},"end":{"line":13,"column":27}},"loc":{"start":{"line":13,"column":61},"end":{"line":17,"column":null}},"line":13},"1":{"name":"(anonymous_1)","decl":{"start":{"line":25,"column":13},"end":{"line":25,"column":31}},"loc":{"start":{"line":25,"column":31},"end":{"line":26,"column":62}},"line":25},"2":{"name":"(anonymous_2)","decl":{"start":{"line":28,"column":13},"end":{"line":28,"column":25}},"loc":{"start":{"line":28,"column":63},"end":{"line":32,"column":null}},"line":28},"3":{"name":"(anonymous_3)","decl":{"start":{"line":40,"column":13},"end":{"line":40,"column":29}},"loc":{"start":{"line":40,"column":45},"end":{"line":42,"column":null}},"line":40},"4":{"name":"(anonymous_4)","decl":{"start":{"line":45,"column":13},"end":{"line":45,"column":36}},"loc":{"start":{"line":45,"column":36},"end":{"line":50,"column":22}},"line":45},"5":{"name":"(anonymous_5)","decl":{"start":{"line":48,"column":5},"end":{"line":48,"column":10}},"loc":{"start":{"line":48,"column":18},"end":{"line":48,"column":28}},"line":48},"6":{"name":"(anonymous_6)","decl":{"start":{"line":52,"column":13},"end":{"line":52,"column":31}},"loc":{"start":{"line":52,"column":47},"end":{"line":54,"column":null}},"line":52},"7":{"name":"(anonymous_7)","decl":{"start":{"line":57,"column":13},"end":{"line":57,"column":null}},"loc":{"start":{"line":60,"column":48},"end":{"line":75,"column":null}},"line":60},"8":{"name":"(anonymous_8)","decl":{"start":{"line":63,"column":5},"end":{"line":63,"column":10}},"loc":{"start":{"line":63,"column":18},"end":{"line":63,"column":28}},"line":63},"9":{"name":"(anonymous_9)","decl":{"start":{"line":78,"column":13},"end":{"line":78,"column":null}},"loc":{"start":{"line":81,"column":5},"end":{"line":82,"column":null}},"line":81}},"branchMap":{"0":{"loc":{"start":{"line":14,"column":2},"end":{"line":14,"column":null}},"type":"if","locations":[{"start":{"line":14,"column":2},"end":{"line":14,"column":null}},{"start":{},"end":{}}],"line":14},"1":{"loc":{"start":{"line":29,"column":2},"end":{"line":29,"column":null}},"type":"if","locations":[{"start":{"line":29,"column":2},"end":{"line":29,"column":null}},{"start":{},"end":{}}],"line":29},"2":{"loc":{"start":{"line":31,"column":2},"end":{"line":31,"column":null}},"type":"if","locations":[{"start":{"line":31,"column":2},"end":{"line":31,"column":null}},{"start":{},"end":{}}],"line":31},"3":{"loc":{"start":{"line":31,"column":49},"end":{"line":31,"column":null}},"type":"binary-expr","locations":[{"start":{"line":31,"column":49},"end":{"line":31,"column":58}},{"start":{"line":31,"column":58},"end":{"line":31,"column":null}}],"line":31},"4":{"loc":{"start":{"line":42,"column":9},"end":{"line":42,"column":null}},"type":"cond-expr","locations":[{"start":{"line":42,"column":18},"end":{"line":42,"column":35}},{"start":{"line":42,"column":38},"end":{"line":42,"column":null}}],"line":42},"5":{"loc":{"start":{"line":46,"column":3},"end":{"line":46,"column":null}},"type":"binary-expr","locations":[{"start":{"line":46,"column":3},"end":{"line":46,"column":17}},{"start":{"line":46,"column":17},"end":{"line":46,"column":null}}],"line":46},"6":{"loc":{"start":{"line":54,"column":9},"end":{"line":54,"column":null}},"type":"cond-expr","locations":[{"start":{"line":54,"column":18},"end":{"line":54,"column":34}},{"start":{"line":54,"column":37},"end":{"line":54,"column":null}}],"line":54},"7":{"loc":{"start":{"line":61,"column":22},"end":{"line":61,"column":null}},"type":"binary-expr","locations":[{"start":{"line":61,"column":22},"end":{"line":61,"column":40}},{"start":{"line":61,"column":40},"end":{"line":61,"column":null}}],"line":61},"8":{"loc":{"start":{"line":66,"column":2},"end":{"line":66,"column":null}},"type":"if","locations":[{"start":{"line":66,"column":2},"end":{"line":66,"column":null}},{"start":{},"end":{}}],"line":66},"9":{"loc":{"start":{"line":70,"column":4},"end":{"line":71,"column":null}},"type":"if","locations":[{"start":{"line":70,"column":4},"end":{"line":71,"column":null}},{"start":{},"end":{}}],"line":70}},"s":{"0":1,"1":25,"2":10,"3":15,"4":15,"5":15,"6":1,"7":6,"8":1,"9":22,"10":2,"11":20,"12":20,"13":19,"14":1,"15":1,"16":35,"17":35,"18":1,"19":6,"20":11,"21":1,"22":13,"23":13,"24":1,"25":21,"26":37,"27":21,"28":5,"29":16,"30":16,"31":25,"32":11,"33":5,"34":1,"35":16},"f":{"0":25,"1":6,"2":22,"3":35,"4":6,"5":11,"6":13,"7":21,"8":37,"9":16},"b":{"0":[10,15],"1":[2,20],"2":[19,1],"3":[19,1],"4":[24,11],"5":[6,1],"6":[10,3],"7":[21,2],"8":[5,16],"9":[11,14]},"meta":{"lastBranch":10,"lastFunction":10,"lastStatement":36,"seen":{"s:13:6:17:Infinity":0,"f:13:6:13:27":0,"b:14:2:14:Infinity:undefined:undefined:undefined:undefined":0,"s:14:2:14:Infinity":1,"s:14:29:14:Infinity":2,"s:15:15:15:29":3,"s:16:15:16:29":4,"s:17:2:17:Infinity":5,"s:25:13:26:62":6,"f:25:13:25:31":1,"s:25:31:26:62":7,"s:28:13:32:Infinity":8,"f:28:13:28:25":2,"b:29:2:29:Infinity:undefined:undefined:undefined:undefined":1,"s:29:2:29:Infinity":9,"s:29:22:29:Infinity":10,"s:30:26:30:55":11,"b:31:2:31:Infinity:undefined:undefined:undefined:undefined":2,"s:31:2:31:Infinity":12,"s:31:42:31:Infinity":13,"b:31:49:31:58:31:58:31:Infinity":3,"s:32:2:32:Infinity":14,"s:40:13:42:Infinity":15,"f:40:13:40:29":3,"s:41:13:41:29":16,"s:42:2:42:Infinity":17,"b:42:18:42:35:42:38:42:Infinity":4,"s:45:13:50:22":18,"f:45:13:45:36":4,"s:45:36:50:22":19,"b:46:3:46:17:46:17:46:Infinity":5,"f:48:5:48:10":5,"s:48:18:48:28":20,"s:52:13:54:Infinity":21,"f:52:13:52:31":6,"s:53:13:53:29":22,"s:54:2:54:Infinity":23,"b:54:18:54:34:54:37:54:Infinity":6,"s:57:13:75:Infinity":24,"f:57:13:57:Infinity":7,"s:61:8:64:20":25,"b:61:22:61:40:61:40:61:Infinity":7,"f:63:5:63:10":8,"s:63:18:63:28":26,"b:66:2:66:Infinity:undefined:undefined:undefined:undefined":8,"s:66:2:66:Infinity":27,"s:66:31:66:Infinity":28,"s:68:16:68:39":29,"s:69:2:71:Infinity":30,"b:70:4:71:Infinity:undefined:undefined:undefined:undefined":9,"s:70:4:71:Infinity":31,"s:71:6:71:Infinity":32,"s:75:2:75:Infinity":33,"s:78:13:82:Infinity":34,"f:78:13:78:Infinity":9,"s:82:2:82:Infinity":35}}}
,"/Users/wook/.openclaw/workspace/aireseach/packages/api/src/modules/report/cache.ts": {"path":"/Users/wook/.openclaw/workspace/aireseach/packages/api/src/modules/report/cache.ts","statementMap":{"0":{"start":{"line":19,"column":6},"end":{"line":19,"column":69}},"1":{"start":{"line":19,"column":49},"end":{"line":19,"column":69}},"2":{"start":{"line":21,"column":13},"end":{"line":63,"column":null}},"3":{"start":{"line":25,"column":16},"end":{"line":25,"column":53}},"4":{"start":{"line":26,"column":17},"end":{"line":26,"column":null}},"5":{"start":{"line":27,"column":17},"end":{"line":27,"column":null}},"6":{"start":{"line":27,"column":52},"end":{"line":27,"column":68}},"7":{"start":{"line":29,"column":20},"end":{"line":56,"column":null}},"8":{"start":{"line":30,"column":16},"end":{"line":30,"column":31}},"9":{"start":{"line":31,"column":16},"end":{"line":31,"column":24}},"10":{"start":{"line":32,"column":19},"end":{"line":32,"column":33}},"11":{"start":{"line":34,"column":4},"end":{"line":37,"column":null}},"12":{"start":{"line":35,"column":6},"end":{"line":35,"column":null}},"13":{"start":{"line":35,"column":26},"end":{"line":35,"column":null}},"14":{"start":{"line":36,"column":6},"end":{"line":37,"column":null}},"15":{"start":{"line":37,"column":8},"end":{"line":37,"column":null}},"16":{"start":{"line":41,"column":20},"end":{"line":41,"column":31}},"17":{"start":{"line":42,"column":4},"end":{"line":45,"column":null}},"18":{"start":{"line":47,"column":4},"end":{"line":56,"column":null}},"19":{"start":{"line":48,"column":20},"end":{"line":48,"column":null}},"20":{"start":{"line":49,"column":6},"end":{"line":52,"column":null}},"21":{"start":{"line":53,"column":6},"end":{"line":53,"column":null}},"22":{"start":{"line":55,"column":6},"end":{"line":55,"column":null}},"23":{"start":{"line":56,"column":6},"end":{"line":56,"column":null}},"24":{"start":{"line":60,"column":2},"end":{"line":60,"column":null}},"25":{"start":{"line":60,"column":25},"end":{"line":60,"column":38}},"26":{"start":{"line":61,"column":2},"end":{"line":61,"column":null}},"27":{"start":{"line":61,"column":39},"end":{"line":61,"column":68}},"28":{"start":{"line":63,"column":2},"end":{"line":63,"column":null}}},"fnMap":{"0":{"name":"(anonymous_0)","decl":{"start":{"line":19,"column":6},"end":{"line":19,"column":20}},"loc":{"start":{"line":19,"column":49},"end":{"line":19,"column":69}},"line":19},"1":{"name":"(anonymous_1)","decl":{"start":{"line":21,"column":13},"end":{"line":21,"column":null}},"loc":{"start":{"line":24,"column":32},"end":{"line":63,"column":null}},"line":24},"2":{"name":"(anonymous_2)","decl":{"start":{"line":27,"column":25},"end":{"line":27,"column":34}},"loc":{"start":{"line":27,"column":52},"end":{"line":27,"column":68}},"line":27},"3":{"name":"(anonymous_3)","decl":{"start":{"line":29,"column":20},"end":{"line":29,"column":27}},"loc":{"start":{"line":29,"column":45},"end":{"line":56,"column":null}},"line":29},"4":{"name":"(anonymous_4)","decl":{"start":{"line":60,"column":11},"end":{"line":60,"column":25}},"loc":{"start":{"line":60,"column":25},"end":{"line":60,"column":38}},"line":60},"5":{"name":"(anonymous_5)","decl":{"start":{"line":61,"column":11},"end":{"line":61,"column":21}},"loc":{"start":{"line":61,"column":39},"end":{"line":61,"column":68}},"line":61}},"branchMap":{"0":{"loc":{"start":{"line":26,"column":17},"end":{"line":26,"column":null}},"type":"binary-expr","locations":[{"start":{"line":26,"column":17},"end":{"line":26,"column":32}},{"start":{"line":26,"column":32},"end":{"line":26,"column":null}}],"line":26},"1":{"loc":{"start":{"line":27,"column":17},"end":{"line":27,"column":null}},"type":"binary-expr","locations":[{"start":{"line":27,"column":17},"end":{"line":27,"column":34}},{"start":{"line":27,"column":25},"end":{"line":27,"column":68}}],"line":27},"2":{"loc":{"start":{"line":34,"column":4},"end":{"line":37,"column":null}},"type":"if","locations":[{"start":{"line":34,"column":4},"end":{"line":37,"column":null}},{"start":{},"end":{}}],"line":34},"3":{"loc":{"start":{"line":35,"column":6},"end":{"line":35,"column":null}},"type":"if","locations":[{"start":{"line":35,"column":6},"end":{"line":35,"column":null}},{"start":{},"end":{}}],"line":35},"4":{"loc":{"start":{"line":36,"column":6},"end":{"line":37,"column":null}},"type":"if","locations":[{"start":{"line":36,"column":6},"end":{"line":37,"column":null}},{"start":{},"end":{}}],"line":36},"5":{"loc":{"start":{"line":36,"column":10},"end":{"line":36,"column":55}},"type":"binary-expr","locations":[{"start":{"line":36,"column":10},"end":{"line":36,"column":36}},{"start":{"line":36,"column":36},"end":{"line":36,"column":55}}],"line":36}},"s":{"0":1,"1":6,"2":1,"3":4,"4":4,"5":4,"6":6,"7":4,"8":9,"9":9,"10":9,"11":9,"12":4,"13":1,"14":3,"15":2,"16":6,"17":6,"18":6,"19":6,"20":6,"21":6,"22":0,"23":0,"24":4,"25":0,"26":4,"27":0,"28":4},"f":{"0":6,"1":4,"2":6,"3":9,"4":0,"5":0},"b":{"0":[4,2],"1":[4,6],"2":[4,5],"3":[1,3],"4":[2,1],"5":[3,2]},"meta":{"lastBranch":6,"lastFunction":6,"lastStatement":29,"seen":{"s:19:6:19:69":0,"f:19:6:19:20":0,"s:19:49:19:69":1,"s:21:13:63:Infinity":2,"f:21:13:21:Infinity":1,"s:25:16:25:53":3,"s:26:17:26:Infinity":4,"b:26:17:26:32:26:32:26:Infinity":0,"s:27:17:27:Infinity":5,"b:27:17:27:34:27:25:27:68":1,"f:27:25:27:34":2,"s:27:52:27:68":6,"s:29:20:56:Infinity":7,"f:29:20:29:27":3,"s:30:16:30:31":8,"s:31:16:31:24":9,"s:32:19:32:33":10,"b:34:4:37:Infinity:undefined:undefined:undefined:undefined":2,"s:34:4:37:Infinity":11,"b:35:6:35:Infinity:undefined:undefined:undefined:undefined":3,"s:35:6:35:Infinity":12,"s:35:26:35:Infinity":13,"b:36:6:37:Infinity:undefined:undefined:undefined:undefined":4,"s:36:6:37:Infinity":14,"b:36:10:36:36:36:36:36:55":5,"s:37:8:37:Infinity":15,"s:41:20:41:31":16,"s:42:4:45:Infinity":17,"s:47:4:56:Infinity":18,"s:48:20:48:Infinity":19,"s:49:6:52:Infinity":20,"s:53:6:53:Infinity":21,"s:55:6:55:Infinity":22,"s:56:6:56:Infinity":23,"s:60:2:60:Infinity":24,"f:60:11:60:25":4,"s:60:25:60:38":25,"s:61:2:61:Infinity":26,"f:61:11:61:21":5,"s:61:39:61:68":27,"s:63:2:63:Infinity":28}}}
,"/Users/wook/.openclaw/workspace/aireseach/packages/api/src/modules/report/financial-sanitizer.ts": {"path":"/Users/wook/.openclaw/workspace/aireseach/packages/api/src/modules/report/financial-sanitizer.ts","statementMap":{"0":{"start":{"line":32,"column":2},"end":{"line":32,"column":null}},"1":{"start":{"line":43,"column":2},"end":{"line":43,"column":null}},"2":{"start":{"line":43,"column":28},"end":{"line":43,"column":null}},"3":{"start":{"line":44,"column":2},"end":{"line":44,"column":null}},"4":{"start":{"line":52,"column":29},"end":{"line":52,"column":31}},"5":{"start":{"line":53,"column":42},"end":{"line":53,"column":44}},"6":{"start":{"line":55,"column":8},"end":{"line":57,"column":null}},"7":{"start":{"line":56,"column":4},"end":{"line":56,"column":null}},"8":{"start":{"line":57,"column":4},"end":{"line":57,"column":null}},"9":{"start":{"line":61,"column":12},"end":{"line":61,"column":22}},"10":{"start":{"line":63,"column":30},"end":{"line":63,"column":79}},"11":{"start":{"line":67,"column":2},"end":{"line":76,"column":null}},"12":{"start":{"line":72,"column":4},"end":{"line":75,"column":null}},"13":{"start":{"line":76,"column":4},"end":{"line":76,"column":null}},"14":{"start":{"line":83,"column":7},"end":{"line":88,"column":null}},"15":{"start":{"line":90,"column":2},"end":{"line":94,"column":null}},"16":{"start":{"line":91,"column":16},"end":{"line":91,"column":null}},"17":{"start":{"line":92,"column":4},"end":{"line":94,"column":null}},"18":{"start":{"line":93,"column":6},"end":{"line":93,"column":null}},"19":{"start":{"line":94,"column":6},"end":{"line":94,"column":null}},"20":{"start":{"line":101,"column":2},"end":{"line":120,"column":null}},"21":{"start":{"line":105,"column":9},"end":{"line":111,"column":null}},"22":{"start":{"line":113,"column":4},"end":{"line":120,"column":null}},"23":{"start":{"line":114,"column":18},"end":{"line":114,"column":null}},"24":{"start":{"line":115,"column":6},"end":{"line":120,"column":null}},"25":{"start":{"line":116,"column":8},"end":{"line":119,"column":null}},"26":{"start":{"line":120,"column":8},"end":{"line":120,"column":null}},"27":{"start":{"line":128,"column":2},"end":{"line":158,"column":null}},"28":{"start":{"line":133,"column":9},"end":{"line":149,"column":null}},"29":{"start":{"line":151,"column":4},"end":{"line":158,"column":null}},"30":{"start":{"line":152,"column":18},"end":{"line":152,"column":null}},"31":{"start":{"line":153,"column":6},"end":{"line":158,"column":null}},"32":{"start":{"line":154,"column":8},"end":{"line":157,"column":null}},"33":{"start":{"line":158,"column":8},"end":{"line":158,"column":null}},"34":{"start":{"line":164,"column":2},"end":{"line":173,"column":null}},"35":{"start":{"line":169,"column":4},"end":{"line":172,"column":null}},"36":{"start":{"line":173,"column":4},"end":{"line":173,"column":null}},"37":{"start":{"line":176,"column":2},"end":{"line":184,"column":null}},"38":{"start":{"line":188,"column":2},"end":{"line":188,"column":null}},"39":{"start":{"line":188,"column":27},"end":{"line":188,"column":null}},"40":{"start":{"line":189,"column":2},"end":{"line":189,"column":null}},"41":{"start":{"line":189,"column":26},"end":{"line":189,"column":null}},"42":{"start":{"line":190,"column":2},"end":{"line":190,"column":null}},"43":{"start":{"line":190,"column":26},"end":{"line":190,"column":null}},"44":{"start":{"line":191,"column":2},"end":{"line":191,"column":null}}},"fnMap":{"0":{"name":"isFiniteNonZero","decl":{"start":{"line":31,"column":9},"end":{"line":31,"column":25}},"loc":{"start":{"line":31,"column":68},"end":{"line":32,"column":null}},"line":31},"1":{"name":"currenciesDiffer","decl":{"start":{"line":39,"column":9},"end":{"line":39,"column":null}},"loc":{"start":{"line":42,"column":11},"end":{"line":44,"column":null}},"line":42},"2":{"name":"sanitizeFinancialMetrics","decl":{"start":{"line":49,"column":16},"end":{"line":49,"column":null}},"loc":{"start":{"line":51,"column":19},"end":{"line":184,"column":null}},"line":51},"3":{"name":"(anonymous_3)","decl":{"start":{"line":55,"column":8},"end":{"line":55,"column":20}},"loc":{"start":{"line":55,"column":54},"end":{"line":57,"column":null}},"line":55},"4":{"name":"fmtCompact","decl":{"start":{"line":187,"column":9},"end":{"line":187,"column":20}},"loc":{"start":{"line":187,"column":39},"end":{"line":191,"column":null}},"line":187}},"branchMap":{"0":{"loc":{"start":{"line":32,"column":9},"end":{"line":32,"column":null}},"type":"binary-expr","locations":[{"start":{"line":32,"column":9},"end":{"line":32,"column":22}},{"start":{"line":32,"column":22},"end":{"line":32,"column":40}},{"start":{"line":32,"column":44},"end":{"line":32,"column":null}}],"line":32},"1":{"loc":{"start":{"line":43,"column":2},"end":{"line":43,"column":null}},"type":"if","locations":[{"start":{"line":43,"column":2},"end":{"line":43,"column":null}},{"start":{},"end":{}}],"line":43},"2":{"loc":{"start":{"line":43,"column":6},"end":{"line":43,"column":28}},"type":"binary-expr","locations":[{"start":{"line":43,"column":6},"end":{"line":43,"column":16}},{"start":{"line":43,"column":16},"end":{"line":43,"column":28}}],"line":43},"3":{"loc":{"start":{"line":67,"column":2},"end":{"line":76,"column":null}},"type":"if","locations":[{"start":{"line":67,"column":2},"end":{"line":76,"column":null}},{"start":{},"end":{}}],"line":67},"4":{"loc":{"start":{"line":68,"column":4},"end":{"line":70,"column":null}},"type":"binary-expr","locations":[{"start":{"line":68,"column":4},"end":{"line":68,"column":34}},{"start":{"line":69,"column":4},"end":{"line":69,"column":38}},{"start":{"line":70,"column":4},"end":{"line":70,"column":null}}],"line":68},"5":{"loc":{"start":{"line":92,"column":4},"end":{"line":94,"column":null}},"type":"if","locations":[{"start":{"line":92,"column":4},"end":{"line":94,"column":null}},{"start":{},"end":{}}],"line":92},"6":{"loc":{"start":{"line":92,"column":8},"end":{"line":92,"column":62}},"type":"binary-expr","locations":[{"start":{"line":92,"column":8},"end":{"line":92,"column":36}},{"start":{"line":92,"column":36},"end":{"line":92,"column":50}},{"start":{"line":92,"column":50},"end":{"line":92,"column":62}}],"line":92},"7":{"loc":{"start":{"line":101,"column":2},"end":{"line":120,"column":null}},"type":"if","locations":[{"start":{"line":101,"column":2},"end":{"line":120,"column":null}},{"start":{},"end":{}}],"line":101},"8":{"loc":{"start":{"line":115,"column":6},"end":{"line":120,"column":null}},"type":"if","locations":[{"start":{"line":115,"column":6},"end":{"line":120,"column":null}},{"start":{},"end":{}}],"line":115},"9":{"loc":{"start":{"line":128,"column":2},"end":{"line":158,"column":null}},"type":"if","locations":[{"start":{"line":128,"column":2},"end":{"line":158,"column":null}},{"start":{},"end":{}}],"line":128},"10":{"loc":{"start":{"line":128,"column":6},"end":{"line":128,"column":55}},"type":"binary-expr","locations":[{"start":{"line":128,"column":6},"end":{"line":128,"column":34}},{"start":{"line":128,"column":38},"end":{"line":128,"column":55}}],"line":128},"11":{"loc":{"start":{"line":153,"column":6},"end":{"line":158,"column":null}},"type":"if","locations":[{"start":{"line":153,"column":6},"end":{"line":158,"column":null}},{"start":{},"end":{}}],"line":153},"12":{"loc":{"start":{"line":153,"column":10},"end":{"line":153,"column":64}},"type":"binary-expr","locations":[{"start":{"line":153,"column":10},"end":{"line":153,"column":37}},{"start":{"line":153,"column":37},"end":{"line":153,"column":64}}],"line":153},"13":{"loc":{"start":{"line":164,"column":2},"end":{"line":173,"column":null}},"type":"if","locations":[{"start":{"line":164,"column":2},"end":{"line":173,"column":null}},{"start":{},"end":{}}],"line":164},"14":{"loc":{"start":{"line":165,"column":4},"end":{"line":167,"column":null}},"type":"binary-expr","locations":[{"start":{"line":165,"column":4},"end":{"line":165,"column":35}},{"start":{"line":166,"column":4},"end":{"line":166,"column":26}},{"start":{"line":167,"column":4},"end":{"line":167,"column":null}}],"line":165},"15":{"loc":{"start":{"line":188,"column":2},"end":{"line":188,"column":null}},"type":"if","locations":[{"start":{"line":188,"column":2},"end":{"line":188,"column":null}},{"start":{},"end":{}}],"line":188},"16":{"loc":{"start":{"line":189,"column":2},"end":{"line":189,"column":null}},"type":"if","locations":[{"start":{"line":189,"column":2},"end":{"line":189,"column":null}},{"start":{},"end":{}}],"line":189},"17":{"loc":{"start":{"line":190,"column":2},"end":{"line":190,"column":null}},"type":"if","locations":[{"start":{"line":190,"column":2},"end":{"line":190,"column":null}},{"start":{},"end":{}}],"line":190}},"s":{"0":65,"1":8,"2":0,"3":8,"4":8,"5":8,"6":8,"7":52,"8":52,"9":8,"10":8,"11":8,"12":5,"13":5,"14":8,"15":8,"16":32,"17":32,"18":2,"19":2,"20":8,"21":5,"22":5,"23":25,"24":25,"25":25,"26":25,"27":8,"28":8,"29":8,"30":24,"31":24,"32":15,"33":15,"34":8,"35":5,"36":5,"37":8,"38":30,"39":15,"40":15,"41":15,"42":0,"43":0,"44":0},"f":{"0":65,"1":8,"2":8,"3":52,"4":30},"b":{"0":[65,65,65],"1":[0,8],"2":[8,8],"3":[5,3],"4":[8,8,8],"5":[2,30],"6":[32,27,26],"7":[5,3],"8":[25,0],"9":[8,0],"10":[8,8],"11":[15,9],"12":[24,24],"13":[5,3],"14":[8,8,8],"15":[15,15],"16":[15,0],"17":[0,0]},"meta":{"lastBranch":18,"lastFunction":5,"lastStatement":45,"seen":{"f:31:9:31:25":0,"s:32:2:32:Infinity":0,"b:32:9:32:22:32:22:32:40:32:44:32:Infinity":0,"f:39:9:39:Infinity":1,"b:43:2:43:Infinity:undefined:undefined:undefined:undefined":1,"s:43:2:43:Infinity":1,"b:43:6:43:16:43:16:43:28":2,"s:43:28:43:Infinity":2,"s:44:2:44:Infinity":3,"f:49:16:49:Infinity":2,"s:52:29:52:31":4,"s:53:42:53:44":5,"s:55:8:57:Infinity":6,"f:55:8:55:20":3,"s:56:4:56:Infinity":7,"s:57:4:57:Infinity":8,"s:61:12:61:22":9,"s:63:30:63:79":10,"b:67:2:76:Infinity:undefined:undefined:undefined:undefined":3,"s:67:2:76:Infinity":11,"b:68:4:68:34:69:4:69:38:70:4:70:Infinity":4,"s:72:4:75:Infinity":12,"s:76:4:76:Infinity":13,"s:83:7:88:Infinity":14,"s:90:2:94:Infinity":15,"s:91:16:91:Infinity":16,"b:92:4:94:Infinity:undefined:undefined:undefined:undefined":5,"s:92:4:94:Infinity":17,"b:92:8:92:36:92:36:92:50:92:50:92:62":6,"s:93:6:93:Infinity":18,"s:94:6:94:Infinity":19,"b:101:2:120:Infinity:undefined:undefined:undefined:undefined":7,"s:101:2:120:Infinity":20,"s:105:9:111:Infinity":21,"s:113:4:120:Infinity":22,"s:114:18:114:Infinity":23,"b:115:6:120:Infinity:undefined:undefined:undefined:undefined":8,"s:115:6:120:Infinity":24,"s:116:8:119:Infinity":25,"s:120:8:120:Infinity":26,"b:128:2:158:Infinity:undefined:undefined:undefined:undefined":9,"s:128:2:158:Infinity":27,"b:128:6:128:34:128:38:128:55":10,"s:133:9:149:Infinity":28,"s:151:4:158:Infinity":29,"s:152:18:152:Infinity":30,"b:153:6:158:Infinity:undefined:undefined:undefined:undefined":11,"s:153:6:158:Infinity":31,"b:153:10:153:37:153:37:153:64":12,"s:154:8:157:Infinity":32,"s:158:8:158:Infinity":33,"b:164:2:173:Infinity:undefined:undefined:undefined:undefined":13,"s:164:2:173:Infinity":34,"b:165:4:165:35:166:4:166:26:167:4:167:Infinity":14,"s:169:4:172:Infinity":35,"s:173:4:173:Infinity":36,"s:176:2:184:Infinity":37,"f:187:9:187:20":4,"b:188:2:188:Infinity:undefined:undefined:undefined:undefined":15,"s:188:2:188:Infinity":38,"s:188:27:188:Infinity":39,"b:189:2:189:Infinity:undefined:undefined:undefined:undefined":16,"s:189:2:189:Infinity":40,"s:189:26:189:Infinity":41,"b:190:2:190:Infinity:undefined:undefined:undefined:undefined":17,"s:190:2:190:Infinity":42,"s:190:26:190:Infinity":43,"s:191:2:191:Infinity":44}}}
,"/Users/wook/.openclaw/workspace/aireseach/packages/api/src/modules/report/landing-validator.ts": {"path":"/Users/wook/.openclaw/workspace/aireseach/packages/api/src/modules/report/landing-validator.ts","statementMap":{"0":{"start":{"line":24,"column":38},"end":{"line":24,"column":57}},"1":{"start":{"line":31,"column":2},"end":{"line":31,"column":null}},"2":{"start":{"line":31,"column":18},"end":{"line":31,"column":null}},"3":{"start":{"line":32,"column":18},"end":{"line":32,"column":34}},"4":{"start":{"line":33,"column":2},"end":{"line":33,"column":null}},"5":{"start":{"line":33,"column":28},"end":{"line":33,"column":null}},"6":{"start":{"line":34,"column":16},"end":{"line":34,"column":37}},"7":{"start":{"line":35,"column":2},"end":{"line":36,"column":null}},"8":{"start":{"line":36,"column":4},"end":{"line":36,"column":null}},"9":{"start":{"line":37,"column":2},"end":{"line":37,"column":null}},"10":{"start":{"line":48,"column":16},"end":{"line":48,"column":null}},"11":{"start":{"line":49,"column":2},"end":{"line":50,"column":null}},"12":{"start":{"line":50,"column":4},"end":{"line":50,"column":null}},"13":{"start":{"line":53,"column":28},"end":{"line":53,"column":30}},"14":{"start":{"line":54,"column":15},"end":{"line":54,"column":null}},"15":{"start":{"line":56,"column":2},"end":{"line":60,"column":null}},"16":{"start":{"line":57,"column":4},"end":{"line":60,"column":null}},"17":{"start":{"line":58,"column":6},"end":{"line":58,"column":null}},"18":{"start":{"line":60,"column":6},"end":{"line":60,"column":null}},"19":{"start":{"line":64,"column":15},"end":{"line":64,"column":null}},"20":{"start":{"line":65,"column":17},"end":{"line":65,"column":null}},"21":{"start":{"line":67,"column":2},"end":{"line":67,"column":null}},"22":{"start":{"line":75,"column":2},"end":{"line":75,"column":null}},"23":{"start":{"line":75,"column":21},"end":{"line":75,"column":null}},"24":{"start":{"line":77,"column":22},"end":{"line":79,"column":15}},"25":{"start":{"line":78,"column":19},"end":{"line":78,"column":78}},"26":{"start":{"line":81,"column":2},"end":{"line":84,"column":null}}},"fnMap":{"0":{"name":"isValidBinding","decl":{"start":{"line":30,"column":16},"end":{"line":30,"column":31}},"loc":{"start":{"line":30,"column":71},"end":{"line":37,"column":null}},"line":30},"1":{"name":"validateLandingRate","decl":{"start":{"line":44,"column":16},"end":{"line":44,"column":null}},"loc":{"start":{"line":47,"column":17},"end":{"line":67,"column":null}},"line":47},"2":{"name":"buildRetryPromptSuffix","decl":{"start":{"line":74,"column":16},"end":{"line":74,"column":39}},"loc":{"start":{"line":74,"column":70},"end":{"line":84,"column":null}},"line":74},"3":{"name":"(anonymous_3)","decl":{"start":{"line":78,"column":5},"end":{"line":78,"column":10}},"loc":{"start":{"line":78,"column":19},"end":{"line":78,"column":78}},"line":78}},"branchMap":{"0":{"loc":{"start":{"line":31,"column":2},"end":{"line":31,"column":null}},"type":"if","locations":[{"start":{"line":31,"column":2},"end":{"line":31,"column":null}},{"start":{},"end":{}}],"line":31},"1":{"loc":{"start":{"line":33,"column":2},"end":{"line":33,"column":null}},"type":"if","locations":[{"start":{"line":33,"column":2},"end":{"line":33,"column":null}},{"start":{},"end":{}}],"line":33},"2":{"loc":{"start":{"line":35,"column":2},"end":{"line":36,"column":null}},"type":"if","locations":[{"start":{"line":35,"column":2},"end":{"line":36,"column":null}},{"start":{},"end":{}}],"line":35},"3":{"loc":{"start":{"line":46,"column":2},"end":{"line":46,"column":null}},"type":"default-arg","locations":[{"start":{"line":46,"column":26},"end":{"line":46,"column":null}}],"line":46},"4":{"loc":{"start":{"line":49,"column":2},"end":{"line":50,"column":null}},"type":"if","locations":[{"start":{"line":49,"column":2},"end":{"line":50,"column":null}},{"start":{},"end":{}}],"line":49},"5":{"loc":{"start":{"line":57,"column":4},"end":{"line":60,"column":null}},"type":"if","locations":[{"start":{"line":57,"column":4},"end":{"line":60,"column":null}},{"start":{"line":59,"column":11},"end":{"line":60,"column":null}}],"line":57},"6":{"loc":{"start":{"line":75,"column":2},"end":{"line":75,"column":null}},"type":"if","locations":[{"start":{"line":75,"column":2},"end":{"line":75,"column":null}},{"start":{},"end":{}}],"line":75}},"s":{"0":1,"1":53,"2":13,"3":40,"4":40,"5":1,"6":39,"7":39,"8":23,"9":16,"10":14,"11":14,"12":1,"13":13,"14":13,"15":13,"16":39,"17":13,"18":26,"19":13,"20":13,"21":13,"22":2,"23":1,"24":1,"25":2,"26":1},"f":{"0":53,"1":14,"2":2,"3":2},"b":{"0":[13,40],"1":[1,39],"2":[23,16],"3":[14],"4":[1,13],"5":[13,26],"6":[1,1]},"meta":{"lastBranch":7,"lastFunction":4,"lastStatement":27,"seen":{"s:24:38:24:57":0,"f:30:16:30:31":0,"b:31:2:31:Infinity:undefined:undefined:undefined:undefined":0,"s:31:2:31:Infinity":1,"s:31:18:31:Infinity":2,"s:32:18:32:34":3,"b:33:2:33:Infinity:undefined:undefined:undefined:undefined":1,"s:33:2:33:Infinity":4,"s:33:28:33:Infinity":5,"s:34:16:34:37":6,"b:35:2:36:Infinity:undefined:undefined:undefined:undefined":2,"s:35:2:36:Infinity":7,"s:36:4:36:Infinity":8,"s:37:2:37:Infinity":9,"f:44:16:44:Infinity":1,"b:46:26:46:Infinity":3,"s:48:16:48:Infinity":10,"b:49:2:50:Infinity:undefined:undefined:undefined:undefined":4,"s:49:2:50:Infinity":11,"s:50:4:50:Infinity":12,"s:53:28:53:30":13,"s:54:15:54:Infinity":14,"s:56:2:60:Infinity":15,"b:57:4:60:Infinity:59:11:60:Infinity":5,"s:57:4:60:Infinity":16,"s:58:6:58:Infinity":17,"s:60:6:60:Infinity":18,"s:64:15:64:Infinity":19,"s:65:17:65:Infinity":20,"s:67:2:67:Infinity":21,"f:74:16:74:39":2,"b:75:2:75:Infinity:undefined:undefined:undefined:undefined":6,"s:75:2:75:Infinity":22,"s:75:21:75:Infinity":23,"s:77:22:79:15":24,"f:78:5:78:10":3,"s:78:19:78:78":25,"s:81:2:84:Infinity":26}}}
,"/Users/wook/.openclaw/workspace/aireseach/packages/api/src/utils/index.ts": {"path":"/Users/wook/.openclaw/workspace/aireseach/packages/api/src/utils/index.ts","statementMap":{"0":{"start":{"line":22,"column":23},"end":{"line":27,"column":2}},"1":{"start":{"line":29,"column":13},"end":{"line":30,"column":null}},"2":{"start":{"line":30,"column":2},"end":{"line":30,"column":null}},"3":{"start":{"line":41,"column":13},"end":{"line":103,"column":null}},"4":{"start":{"line":53,"column":47},"end":{"line":53,"column":null}},"5":{"start":{"line":55,"column":18},"end":{"line":98,"column":null}},"6":{"start":{"line":59,"column":21},"end":{"line":59,"column":60}},"7":{"start":{"line":62,"column":4},"end":{"line":73,"column":null}},"8":{"start":{"line":63,"column":6},"end":{"line":63,"column":null}},"9":{"start":{"line":65,"column":6},"end":{"line":71,"column":null}},"10":{"start":{"line":66,"column":8},"end":{"line":71,"column":null}},"11":{"start":{"line":73,"column":6},"end":{"line":73,"column":null}},"12":{"start":{"line":76,"column":4},"end":{"line":84,"column":null}},"13":{"start":{"line":77,"column":6},"end":{"line":82,"column":null}},"14":{"start":{"line":78,"column":8},"end":{"line":82,"column":null}},"15":{"start":{"line":84,"column":6},"end":{"line":84,"column":null}},"16":{"start":{"line":87,"column":4},"end":{"line":95,"column":null}},"17":{"start":{"line":88,"column":21},"end":{"line":88,"column":43}},"18":{"start":{"line":89,"column":6},"end":{"line":93,"column":null}},"19":{"start":{"line":90,"column":8},"end":{"line":91,"column":null}},"20":{"start":{"line":91,"column":10},"end":{"line":91,"column":null}},"21":{"start":{"line":93,"column":8},"end":{"line":93,"column":null}},"22":{"start":{"line":95,"column":6},"end":{"line":95,"column":null}},"23":{"start":{"line":98,"column":4},"end":{"line":98,"column":null}},"24":{"start":{"line":101,"column":2},"end":{"line":103,"column":null}},"25":{"start":{"line":106,"column":13},"end":{"line":115,"column":null}},"26":{"start":{"line":110,"column":2},"end":{"line":115,"column":null}},"27":{"start":{"line":113,"column":6},"end":{"line":113,"column":78}},"28":{"start":{"line":113,"column":23},"end":{"line":113,"column":62}}},"fnMap":{"0":{"name":"(anonymous_0)","decl":{"start":{"line":29,"column":13},"end":{"line":29,"column":27}},"loc":{"start":{"line":29,"column":79},"end":{"line":30,"column":null}},"line":29},"1":{"name":"(anonymous_1)","decl":{"start":{"line":41,"column":13},"end":{"line":41,"column":null}},"loc":{"start":{"line":52,"column":5},"end":{"line":103,"column":null}},"line":52},"2":{"name":"(anonymous_2)","decl":{"start":{"line":55,"column":18},"end":{"line":55,"column":null}},"loc":{"start":{"line":58,"column":47},"end":{"line":98,"column":null}},"line":58},"3":{"name":"(anonymous_3)","decl":{"start":{"line":106,"column":13},"end":{"line":106,"column":null}},"loc":{"start":{"line":109,"column":17},"end":{"line":115,"column":null}},"line":109},"4":{"name":"(anonymous_4)","decl":{"start":{"line":112,"column":8},"end":{"line":112,"column":20}},"loc":{"start":{"line":113,"column":6},"end":{"line":113,"column":78}},"line":113},"5":{"name":"(anonymous_5)","decl":{"start":{"line":113,"column":6},"end":{"line":113,"column":23}},"loc":{"start":{"line":113,"column":23},"end":{"line":113,"column":62}},"line":113}},"branchMap":{"0":{"loc":{"start":{"line":51,"column":2},"end":{"line":51,"column":35}},"type":"default-arg","locations":[{"start":{"line":51,"column":33},"end":{"line":51,"column":35}}],"line":51},"1":{"loc":{"start":{"line":53,"column":10},"end":{"line":53,"column":36}},"type":"default-arg","locations":[{"start":{"line":53,"column":25},"end":{"line":53,"column":36}}],"line":53},"2":{"loc":{"start":{"line":65,"column":6},"end":{"line":71,"column":null}},"type":"if","locations":[{"start":{"line":65,"column":6},"end":{"line":71,"column":null}},{"start":{},"end":{}}],"line":65},"3":{"loc":{"start":{"line":67,"column":10},"end":{"line":69,"column":null}},"type":"cond-expr","locations":[{"start":{"line":68,"column":14},"end":{"line":68,"column":null}},{"start":{"line":69,"column":14},"end":{"line":69,"column":null}}],"line":67},"4":{"loc":{"start":{"line":76,"column":4},"end":{"line":84,"column":null}},"type":"if","locations":[{"start":{"line":76,"column":4},"end":{"line":84,"column":null}},{"start":{},"end":{}}],"line":76},"5":{"loc":{"start":{"line":77,"column":6},"end":{"line":82,"column":null}},"type":"if","locations":[{"start":{"line":77,"column":6},"end":{"line":82,"column":null}},{"start":{},"end":{}}],"line":77},"6":{"loc":{"start":{"line":79,"column":10},"end":{"line":81,"column":null}},"type":"cond-expr","locations":[{"start":{"line":80,"column":14},"end":{"line":80,"column":null}},{"start":{"line":81,"column":14},"end":{"line":81,"column":null}}],"line":79},"7":{"loc":{"start":{"line":87,"column":4},"end":{"line":95,"column":null}},"type":"if","locations":[{"start":{"line":87,"column":4},"end":{"line":95,"column":null}},{"start":{},"end":{}}],"line":87},"8":{"loc":{"start":{"line":89,"column":6},"end":{"line":93,"column":null}},"type":"if","locations":[{"start":{"line":89,"column":6},"end":{"line":93,"column":null}},{"start":{},"end":{}}],"line":89},"9":{"loc":{"start":{"line":90,"column":8},"end":{"line":91,"column":null}},"type":"if","locations":[{"start":{"line":90,"column":8},"end":{"line":91,"column":null}},{"start":{},"end":{}}],"line":90}},"s":{"0":1,"1":1,"2":9,"3":1,"4":8,"5":8,"6":8,"7":6,"8":6,"9":0,"10":0,"11":0,"12":6,"13":2,"14":1,"15":1,"16":4,"17":3,"18":3,"19":2,"20":1,"21":1,"22":1,"23":1,"24":8,"25":1,"26":2,"27":2,"28":1},"f":{"0":9,"1":8,"2":8,"3":2,"4":2,"5":1},"b":{"0":[8],"1":[8],"2":[0,0],"3":[0,0],"4":[2,4],"5":[1,1],"6":[0,1],"7":[3,1],"8":[2,1],"9":[1,1]},"meta":{"lastBranch":10,"lastFunction":6,"lastStatement":29,"seen":{"s:22:23:27:2":0,"s:29:13:30:Infinity":1,"f:29:13:29:27":0,"s:30:2:30:Infinity":2,"s:41:13:103:Infinity":3,"f:41:13:41:Infinity":1,"b:51:33:51:35":0,"s:53:47:53:Infinity":4,"b:53:25:53:36":1,"s:55:18:98:Infinity":5,"f:55:18:55:Infinity":2,"s:59:21:59:60":6,"s:62:4:73:Infinity":7,"s:63:6:63:Infinity":8,"b:65:6:71:Infinity:undefined:undefined:undefined:undefined":2,"s:65:6:71:Infinity":9,"s:66:8:71:Infinity":10,"b:68:14:68:Infinity:69:14:69:Infinity":3,"s:73:6:73:Infinity":11,"b:76:4:84:Infinity:undefined:undefined:undefined:undefined":4,"s:76:4:84:Infinity":12,"b:77:6:82:Infinity:undefined:undefined:undefined:undefined":5,"s:77:6:82:Infinity":13,"s:78:8:82:Infinity":14,"b:80:14:80:Infinity:81:14:81:Infinity":6,"s:84:6:84:Infinity":15,"b:87:4:95:Infinity:undefined:undefined:undefined:undefined":7,"s:87:4:95:Infinity":16,"s:88:21:88:43":17,"b:89:6:93:Infinity:undefined:undefined:undefined:undefined":8,"s:89:6:93:Infinity":18,"b:90:8:91:Infinity:undefined:undefined:undefined:undefined":9,"s:90:8:91:Infinity":19,"s:91:10:91:Infinity":20,"s:93:8:93:Infinity":21,"s:95:6:95:Infinity":22,"s:98:4:98:Infinity":23,"s:101:2:103:Infinity":24,"s:106:13:115:Infinity":25,"f:106:13:106:Infinity":3,"s:110:2:115:Infinity":26,"f:112:8:112:20":4,"s:113:6:113:78":27,"f:113:6:113:23":5,"s:113:23:113:62":28}}}
,"/Users/wook/.openclaw/workspace/aireseach/packages/api/src/utils/on-error.ts": {"path":"/Users/wook/.openclaw/workspace/aireseach/packages/api/src/utils/on-error.ts","statementMap":{"0":{"start":{"line":12,"column":20},"end":{"line":15,"column":2}},"1":{"start":{"line":17,"column":6},"end":{"line":18,"column":null}},"2":{"start":{"line":18,"column":2},"end":{"line":18,"column":null}},"3":{"start":{"line":21,"column":23},"end":{"line":75,"column":null}},"4":{"start":{"line":28,"column":22},"end":{"line":31,"column":4}},"5":{"start":{"line":33,"column":8},"end":{"line":33,"column":33}},"6":{"start":{"line":34,"column":18},"end":{"line":39,"column":null}},"7":{"start":{"line":41,"column":20},"end":{"line":41,"column":44}},"8":{"start":{"line":42,"column":15},"end":{"line":42,"column":null}},"9":{"start":{"line":44,"column":2},"end":{"line":45,"column":null}},"10":{"start":{"line":45,"column":4},"end":{"line":45,"column":null}},"11":{"start":{"line":48,"column":2},"end":{"line":63,"column":null}},"12":{"start":{"line":49,"column":4},"end":{"line":49,"column":null}},"13":{"start":{"line":50,"column":4},"end":{"line":63,"column":null}},"14":{"start":{"line":66,"column":2},"end":{"line":66,"column":null}},"15":{"start":{"line":67,"column":2},"end":{"line":75,"column":null}}},"fnMap":{"0":{"name":"(anonymous_0)","decl":{"start":{"line":17,"column":6},"end":{"line":17,"column":17}},"loc":{"start":{"line":17,"column":66},"end":{"line":18,"column":null}},"line":17},"1":{"name":"(anonymous_1)","decl":{"start":{"line":21,"column":23},"end":{"line":21,"column":null}},"loc":{"start":{"line":27,"column":5},"end":{"line":75,"column":null}},"line":27}},"branchMap":{"0":{"loc":{"start":{"line":42,"column":15},"end":{"line":42,"column":null}},"type":"cond-expr","locations":[{"start":{"line":42,"column":32},"end":{"line":42,"column":66}},{"start":{"line":42,"column":66},"end":{"line":42,"column":null}}],"line":42},"1":{"loc":{"start":{"line":44,"column":2},"end":{"line":45,"column":null}},"type":"if","locations":[{"start":{"line":44,"column":2},"end":{"line":45,"column":null}},{"start":{},"end":{}}],"line":44},"2":{"loc":{"start":{"line":48,"column":2},"end":{"line":63,"column":null}},"type":"if","locations":[{"start":{"line":48,"column":2},"end":{"line":63,"column":null}},{"start":{},"end":{}}],"line":48},"3":{"loc":{"start":{"line":53,"column":17},"end":{"line":57,"column":65}},"type":"cond-expr","locations":[{"start":{"line":54,"column":12},"end":{"line":54,"column":null}},{"start":{"line":55,"column":12},"end":{"line":57,"column":65}}],"line":53},"4":{"loc":{"start":{"line":55,"column":12},"end":{"line":57,"column":65}},"type":"cond-expr","locations":[{"start":{"line":56,"column":14},"end":{"line":56,"column":23}},{"start":{"line":56,"column":23},"end":{"line":57,"column":65}}],"line":55},"5":{"loc":{"start":{"line":55,"column":12},"end":{"line":55,"column":41}},"type":"binary-expr","locations":[{"start":{"line":55,"column":12},"end":{"line":55,"column":22}},{"start":{"line":55,"column":14},"end":{"line":55,"column":41}}],"line":55},"6":{"loc":{"start":{"line":56,"column":23},"end":{"line":57,"column":65}},"type":"binary-expr","locations":[{"start":{"line":57,"column":16},"end":{"line":57,"column":29}},{"start":{"line":57,"column":29},"end":{"line":57,"column":40}},{"start":{"line":57,"column":40},"end":{"line":57,"column":65}}],"line":56}},"s":{"0":1,"1":1,"2":3,"3":1,"4":3,"5":3,"6":3,"7":3,"8":3,"9":3,"10":3,"11":3,"12":2,"13":2,"14":1,"15":1},"f":{"0":3,"1":3},"b":{"0":[3,0],"1":[3,0],"2":[2,1],"3":[1,1],"4":[1,0],"5":[1,1],"6":[0,0,0]},"meta":{"lastBranch":7,"lastFunction":2,"lastStatement":16,"seen":{"s:12:20:15:2":0,"s:17:6:18:Infinity":1,"f:17:6:17:17":0,"s:18:2:18:Infinity":2,"s:21:23:75:Infinity":3,"f:21:23:21:Infinity":1,"s:28:22:31:4":4,"s:33:8:33:33":5,"s:34:18:39:Infinity":6,"s:41:20:41:44":7,"s:42:15:42:Infinity":8,"b:42:32:42:66:42:66:42:Infinity":0,"b:44:2:45:Infinity:undefined:undefined:undefined:undefined":1,"s:44:2:45:Infinity":9,"s:45:4:45:Infinity":10,"b:48:2:63:Infinity:undefined:undefined:undefined:undefined":2,"s:48:2:63:Infinity":11,"s:49:4:49:Infinity":12,"s:50:4:63:Infinity":13,"b:54:12:54:Infinity:55:12:57:65":3,"b:56:14:56:23:56:23:57:65":4,"b:55:12:55:22:55:14:55:41":5,"b:57:16:57:29:57:29:57:40:57:40:57:65":6,"s:66:2:66:Infinity":14,"s:67:2:75:Infinity":15}}}
}
