{"/Users/wook/.openclaw/workspace/aireseach/packages/billing/shared/src/types.ts": {"path":"/Users/wook/.openclaw/workspace/aireseach/packages/billing/shared/src/types.ts","statementMap":{"0":{"start":{"line":8,"column":34},"end":{"line":12,"column":null}},"1":{"start":{"line":9,"column":67},"end":{"line":11,"column":null}},"2":{"start":{"line":17,"column":29},"end":{"line":21,"column":null}},"3":{"start":{"line":18,"column":62},"end":{"line":20,"column":null}},"4":{"start":{"line":25,"column":27},"end":{"line":29,"column":null}},"5":{"start":{"line":32,"column":28},"end":{"line":35,"column":null}},"6":{"start":{"line":37,"column":32},"end":{"line":40,"column":null}},"7":{"start":{"line":45,"column":33},"end":{"line":50,"column":null}},"8":{"start":{"line":52,"column":27},"end":{"line":56,"column":null}},"9":{"start":{"line":58,"column":35},"end":{"line":61,"column":null}},"10":{"start":{"line":63,"column":27},"end":{"line":66,"column":null}}},"fnMap":{"0":{"name":"(anonymous_0)","decl":{"start":{"line":9,"column":51},"end":{"line":9,"column":56}},"loc":{"start":{"line":9,"column":67},"end":{"line":11,"column":null}},"line":9},"1":{"name":"(anonymous_1)","decl":{"start":{"line":18,"column":46},"end":{"line":18,"column":51}},"loc":{"start":{"line":18,"column":62},"end":{"line":20,"column":null}},"line":18}},"branchMap":{},"s":{"0":3,"1":24,"2":3,"3":9,"4":3,"5":3,"6":3,"7":3,"8":3,"9":3,"10":3},"f":{"0":24,"1":9},"b":{},"meta":{"lastBranch":0,"lastFunction":2,"lastStatement":11,"seen":{"s:8:34:12:Infinity":0,"f:9:51:9:56":0,"s:9:67:11:Infinity":1,"s:17:29:21:Infinity":2,"f:18:46:18:51":1,"s:18:62:20:Infinity":3,"s:25:27:29:Infinity":4,"s:32:28:35:Infinity":5,"s:37:32:40:Infinity":6,"s:45:33:50:Infinity":7,"s:52:27:56:Infinity":8,"s:58:35:61:Infinity":9,"s:63:27:66:Infinity":10}}}
,"/Users/wook/.openclaw/workspace/aireseach/packages/billing/shared/src/config/features.ts": {"path":"/Users/wook/.openclaw/workspace/aireseach/packages/billing/shared/src/config/features.ts","statementMap":{"0":{"start":{"line":3,"column":22},"end":{"line":9,"column":null}},"1":{"start":{"line":11,"column":21},"end":{"line":19,"column":null}},"2":{"start":{"line":21,"column":26},"end":{"line":29,"column":null}},"3":{"start":{"line":31,"column":24},"end":{"line":35,"column":null}}},"fnMap":{},"branchMap":{},"s":{"0":1,"1":1,"2":1,"3":1},"f":{},"b":{},"meta":{"lastBranch":0,"lastFunction":0,"lastStatement":4,"seen":{"s:3:22:9:Infinity":0,"s:11:21:19:Infinity":1,"s:21:26:29:Infinity":2,"s:31:24:35:Infinity":3}}}
,"/Users/wook/.openclaw/workspace/aireseach/packages/billing/shared/src/config/index.ts": {"path":"/Users/wook/.openclaw/workspace/aireseach/packages/billing/shared/src/config/index.ts","statementMap":{"0":{"start":{"line":14,"column":22},"end":{"line":90,"column":2}},"1":{"start":{"line":95,"column":44},"end":{"line":97,"column":null}},"2":{"start":{"line":100,"column":34},"end":{"line":104,"column":null}}},"fnMap":{},"branchMap":{},"s":{"0":1,"1":1,"2":1},"f":{},"b":{},"meta":{"lastBranch":0,"lastFunction":0,"lastStatement":3,"seen":{"s:14:22:90:2":0,"s:95:44:97:Infinity":1,"s:100:34:104:Infinity":2}}}
,"/Users/wook/.openclaw/workspace/aireseach/packages/billing/shared/src/config/schema.ts": {"path":"/Users/wook/.openclaw/workspace/aireseach/packages/billing/shared/src/config/schema.ts","statementMap":{"0":{"start":{"line":11,"column":30},"end":{"line":16,"column":2}},"1":{"start":{"line":18,"column":19},"end":{"line":24,"column":2}},"2":{"start":{"line":26,"column":27},"end":{"line":35,"column":2}},"3":{"start":{"line":37,"column":26},"end":{"line":72,"column":2}},"4":{"start":{"line":74,"column":28},"end":{"line":88,"column":2}},"5":{"start":{"line":90,"column":28},"end":{"line":96,"column":null}},"6":{"start":{"line":99,"column":29},"end":{"line":124,"column":null}},"7":{"start":{"line":102,"column":4},"end":{"line":110,"column":null}},"8":{"start":{"line":106,"column":6},"end":{"line":110,"column":null}},"9":{"start":{"line":113,"column":4},"end":{"line":122,"column":null}},"10":{"start":{"line":118,"column":6},"end":{"line":122,"column":null}},"11":{"start":{"line":126,"column":26},"end":{"line":134,"column":2}},"12":{"start":{"line":136,"column":35},"end":{"line":147,"column":2}},"13":{"start":{"line":139,"column":20},"end":{"line":139,"column":57}},"14":{"start":{"line":139,"column":48},"end":{"line":139,"column":56}},"15":{"start":{"line":140,"column":6},"end":{"line":140,"column":null}}},"fnMap":{"0":{"name":"(anonymous_0)","decl":{"start":{"line":101,"column":3},"end":{"line":101,"column":16}},"loc":{"start":{"line":101,"column":33},"end":{"line":124,"column":null}},"line":101},"1":{"name":"(anonymous_1)","decl":{"start":{"line":137,"column":29},"end":{"line":137,"column":null}},"loc":{"start":{"line":138,"column":15},"end":{"line":142,"column":null}},"line":138},"2":{"name":"(anonymous_2)","decl":{"start":{"line":139,"column":34},"end":{"line":139,"column":39}},"loc":{"start":{"line":139,"column":48},"end":{"line":139,"column":56}},"line":139}},"branchMap":{"0":{"loc":{"start":{"line":102,"column":4},"end":{"line":110,"column":null}},"type":"if","locations":[{"start":{"line":102,"column":4},"end":{"line":110,"column":null}},{"start":{},"end":{}}],"line":102},"1":{"loc":{"start":{"line":103,"column":6},"end":{"line":104,"column":null}},"type":"binary-expr","locations":[{"start":{"line":103,"column":6},"end":{"line":103,"column":null}},{"start":{"line":104,"column":6},"end":{"line":104,"column":null}}],"line":103},"2":{"loc":{"start":{"line":113,"column":4},"end":{"line":122,"column":null}},"type":"if","locations":[{"start":{"line":113,"column":4},"end":{"line":122,"column":null}},{"start":{},"end":{}}],"line":113},"3":{"loc":{"start":{"line":114,"column":6},"end":{"line":116,"column":null}},"type":"binary-expr","locations":[{"start":{"line":114,"column":6},"end":{"line":114,"column":null}},{"start":{"line":115,"column":6},"end":{"line":115,"column":null}},{"start":{"line":116,"column":6},"end":{"line":116,"column":null}}],"line":114}},"s":{"0":1,"1":1,"2":1,"3":1,"4":1,"5":1,"6":1,"7":6,"8":0,"9":6,"10":0,"11":1,"12":1,"13":1,"14":3,"15":1},"f":{"0":6,"1":1,"2":3},"b":{"0":[0,6],"1":[6,0],"2":[0,6],"3":[6,0,0]},"meta":{"lastBranch":4,"lastFunction":3,"lastStatement":16,"seen":{"s:11:30:16:2":0,"s:18:19:24:2":1,"s:26:27:35:2":2,"s:37:26:72:2":3,"s:74:28:88:2":4,"s:90:28:96:Infinity":5,"s:99:29:124:Infinity":6,"f:101:3:101:16":0,"b:102:4:110:Infinity:undefined:undefined:undefined:undefined":0,"s:102:4:110:Infinity":7,"b:103:6:103:Infinity:104:6:104:Infinity":1,"s:106:6:110:Infinity":8,"b:113:4:122:Infinity:undefined:undefined:undefined:undefined":2,"s:113:4:122:Infinity":9,"b:114:6:114:Infinity:115:6:115:Infinity:116:6:116:Infinity":3,"s:118:6:122:Infinity":10,"s:126:26:134:2":11,"s:136:35:147:2":12,"f:137:29:137:Infinity":1,"s:139:20:139:57":13,"f:139:34:139:39":2,"s:139:48:139:56":14,"s:140:6:140:Infinity":15}}}
,"/Users/wook/.openclaw/workspace/aireseach/packages/billing/shared/src/utils/discount.ts": {"path":"/Users/wook/.openclaw/workspace/aireseach/packages/billing/shared/src/utils/discount.ts","statementMap":{"0":{"start":{"line":12,"column":13},"end":{"line":25,"column":null}},"1":{"start":{"line":13,"column":2},"end":{"line":14,"column":null}},"2":{"start":{"line":14,"column":4},"end":{"line":14,"column":null}},"3":{"start":{"line":17,"column":2},"end":{"line":18,"column":null}},"4":{"start":{"line":18,"column":4},"end":{"line":18,"column":null}},"5":{"start":{"line":21,"column":2},"end":{"line":22,"column":null}},"6":{"start":{"line":22,"column":4},"end":{"line":22,"column":null}},"7":{"start":{"line":22,"column":41},"end":{"line":22,"column":57}},"8":{"start":{"line":25,"column":2},"end":{"line":25,"column":null}},"9":{"start":{"line":28,"column":13},"end":{"line":41,"column":null}},"10":{"start":{"line":29,"column":2},"end":{"line":30,"column":null}},"11":{"start":{"line":30,"column":4},"end":{"line":30,"column":null}},"12":{"start":{"line":33,"column":2},"end":{"line":34,"column":null}},"13":{"start":{"line":34,"column":4},"end":{"line":34,"column":null}},"14":{"start":{"line":37,"column":2},"end":{"line":38,"column":null}},"15":{"start":{"line":38,"column":4},"end":{"line":38,"column":null}},"16":{"start":{"line":41,"column":2},"end":{"line":41,"column":null}},"17":{"start":{"line":44,"column":6},"end":{"line":52,"column":null}},"18":{"start":{"line":50,"column":2},"end":{"line":52,"column":null}},"19":{"start":{"line":54,"column":13},"end":{"line":91,"column":null}},"20":{"start":{"line":58,"column":32},"end":{"line":65,"column":54}},"21":{"start":{"line":59,"column":23},"end":{"line":59,"column":37}},"22":{"start":{"line":61,"column":6},"end":{"line":63,"column":8}},"23":{"start":{"line":62,"column":43},"end":{"line":62,"column":75}},"24":{"start":{"line":65,"column":25},"end":{"line":65,"column":54}},"25":{"start":{"line":67,"column":39},"end":{"line":82,"column":null}},"26":{"start":{"line":68,"column":29},"end":{"line":68,"column":61}},"27":{"start":{"line":69,"column":29},"end":{"line":69,"column":61}},"28":{"start":{"line":71,"column":22},"end":{"line":73,"column":null}},"29":{"start":{"line":74,"column":22},"end":{"line":76,"column":null}},"30":{"start":{"line":78,"column":4},"end":{"line":80,"column":null}},"31":{"start":{"line":84,"column":2},"end":{"line":85,"column":null}},"32":{"start":{"line":85,"column":4},"end":{"line":85,"column":null}},"33":{"start":{"line":88,"column":2},"end":{"line":91,"column":null}},"34":{"start":{"line":94,"column":13},"end":{"line":140,"column":null}},"35":{"start":{"line":98,"column":2},"end":{"line":99,"column":null}},"36":{"start":{"line":99,"column":4},"end":{"line":99,"column":null}},"37":{"start":{"line":102,"column":15},"end":{"line":102,"column":45}},"38":{"start":{"line":104,"column":2},"end":{"line":121,"column":null}},"39":{"start":{"line":105,"column":4},"end":{"line":121,"column":null}},"40":{"start":{"line":112,"column":50},"end":{"line":115,"column":17}},"41":{"start":{"line":124,"column":2},"end":{"line":140,"column":null}},"42":{"start":{"line":131,"column":48},"end":{"line":134,"column":15}},"43":{"start":{"line":143,"column":13},"end":{"line":192,"column":null}},"44":{"start":{"line":144,"column":2},"end":{"line":145,"column":null}},"45":{"start":{"line":145,"column":4},"end":{"line":145,"column":null}},"46":{"start":{"line":148,"column":10},"end":{"line":148,"column":50}},"47":{"start":{"line":150,"column":2},"end":{"line":151,"column":null}},"48":{"start":{"line":151,"column":4},"end":{"line":151,"column":null}},"49":{"start":{"line":154,"column":28},"end":{"line":156,"column":43}},"50":{"start":{"line":156,"column":19},"end":{"line":156,"column":43}},"51":{"start":{"line":158,"column":2},"end":{"line":159,"column":null}},"52":{"start":{"line":159,"column":4},"end":{"line":159,"column":null}},"53":{"start":{"line":162,"column":25},"end":{"line":162,"column":null}},"54":{"start":{"line":164,"column":25},"end":{"line":168,"column":27}},"55":{"start":{"line":165,"column":24},"end":{"line":165,"column":72}},"56":{"start":{"line":166,"column":24},"end":{"line":166,"column":72}},"57":{"start":{"line":167,"column":4},"end":{"line":167,"column":null}},"58":{"start":{"line":170,"column":2},"end":{"line":171,"column":null}},"59":{"start":{"line":171,"column":4},"end":{"line":171,"column":null}},"60":{"start":{"line":174,"column":22},"end":{"line":174,"column":77}},"61":{"start":{"line":175,"column":22},"end":{"line":175,"column":70}},"62":{"start":{"line":177,"column":21},"end":{"line":177,"column":null}},"63":{"start":{"line":179,"column":2},"end":{"line":180,"column":null}},"64":{"start":{"line":180,"column":4},"end":{"line":180,"column":null}},"65":{"start":{"line":183,"column":2},"end":{"line":192,"column":null}},"66":{"start":{"line":195,"column":13},"end":{"line":217,"column":null}},"67":{"start":{"line":199,"column":30},"end":{"line":200,"column":null}},"68":{"start":{"line":200,"column":4},"end":{"line":200,"column":36}},"69":{"start":{"line":203,"column":28},"end":{"line":215,"column":null}},"70":{"start":{"line":204,"column":22},"end":{"line":204,"column":51}},"71":{"start":{"line":205,"column":22},"end":{"line":205,"column":51}},"72":{"start":{"line":207,"column":10},"end":{"line":209,"column":null}},"73":{"start":{"line":210,"column":10},"end":{"line":212,"column":null}},"74":{"start":{"line":214,"column":4},"end":{"line":214,"column":null}},"75":{"start":{"line":217,"column":2},"end":{"line":217,"column":null}},"76":{"start":{"line":220,"column":6},"end":{"line":232,"column":null}},"77":{"start":{"line":227,"column":19},"end":{"line":227,"column":57}},"78":{"start":{"line":228,"column":2},"end":{"line":230,"column":null}},"79":{"start":{"line":229,"column":27},"end":{"line":229,"column":63}},"80":{"start":{"line":230,"column":4},"end":{"line":230,"column":null}},"81":{"start":{"line":232,"column":2},"end":{"line":232,"column":null}},"82":{"start":{"line":235,"column":24},"end":{"line":235,"column":null}},"83":{"start":{"line":236,"column":23},"end":{"line":236,"column":null}},"84":{"start":{"line":237,"column":24},"end":{"line":237,"column":null}},"85":{"start":{"line":238,"column":22},"end":{"line":238,"column":null}},"86":{"start":{"line":239,"column":23},"end":{"line":239,"column":null}},"87":{"start":{"line":240,"column":22},"end":{"line":240,"column":null}},"88":{"start":{"line":242,"column":6},"end":{"line":303,"column":null}},"89":{"start":{"line":250,"column":15},"end":{"line":250,"column":51}},"90":{"start":{"line":251,"column":25},"end":{"line":251,"column":null}},"91":{"start":{"line":253,"column":2},"end":{"line":254,"column":null}},"92":{"start":{"line":254,"column":4},"end":{"line":254,"column":null}},"93":{"start":{"line":257,"column":2},"end":{"line":303,"column":null}},"94":{"start":{"line":259,"column":6},"end":{"line":267,"column":null}},"95":{"start":{"line":261,"column":10},"end":{"line":261,"column":null}},"96":{"start":{"line":263,"column":10},"end":{"line":263,"column":null}},"97":{"start":{"line":265,"column":10},"end":{"line":265,"column":null}},"98":{"start":{"line":267,"column":10},"end":{"line":267,"column":null}},"99":{"start":{"line":270,"column":6},"end":{"line":278,"column":null}},"100":{"start":{"line":272,"column":10},"end":{"line":272,"column":null}},"101":{"start":{"line":274,"column":10},"end":{"line":274,"column":null}},"102":{"start":{"line":276,"column":10},"end":{"line":276,"column":null}},"103":{"start":{"line":278,"column":10},"end":{"line":278,"column":null}},"104":{"start":{"line":281,"column":6},"end":{"line":289,"column":null}},"105":{"start":{"line":283,"column":10},"end":{"line":283,"column":null}},"106":{"start":{"line":285,"column":10},"end":{"line":285,"column":null}},"107":{"start":{"line":287,"column":10},"end":{"line":287,"column":null}},"108":{"start":{"line":289,"column":10},"end":{"line":289,"column":null}},"109":{"start":{"line":292,"column":6},"end":{"line":300,"column":null}},"110":{"start":{"line":294,"column":10},"end":{"line":294,"column":null}},"111":{"start":{"line":296,"column":10},"end":{"line":296,"column":null}},"112":{"start":{"line":298,"column":10},"end":{"line":298,"column":null}},"113":{"start":{"line":300,"column":10},"end":{"line":300,"column":null}},"114":{"start":{"line":303,"column":6},"end":{"line":303,"column":null}}},"fnMap":{"0":{"name":"(anonymous_0)","decl":{"start":{"line":12,"column":13},"end":{"line":12,"column":23}},"loc":{"start":{"line":12,"column":58},"end":{"line":25,"column":null}},"line":12},"1":{"name":"(anonymous_1)","decl":{"start":{"line":22,"column":25},"end":{"line":22,"column":32}},"loc":{"start":{"line":22,"column":41},"end":{"line":22,"column":57}},"line":22},"2":{"name":"(anonymous_2)","decl":{"start":{"line":28,"column":13},"end":{"line":28,"column":38}},"loc":{"start":{"line":28,"column":73},"end":{"line":41,"column":null}},"line":28},"3":{"name":"(anonymous_3)","decl":{"start":{"line":44,"column":6},"end":{"line":44,"column":null}},"loc":{"start":{"line":50,"column":2},"end":{"line":52,"column":null}},"line":50},"4":{"name":"(anonymous_4)","decl":{"start":{"line":54,"column":13},"end":{"line":54,"column":null}},"loc":{"start":{"line":57,"column":5},"end":{"line":91,"column":null}},"line":57},"5":{"name":"(anonymous_5)","decl":{"start":{"line":59,"column":5},"end":{"line":59,"column":14}},"loc":{"start":{"line":59,"column":23},"end":{"line":59,"column":37}},"line":59},"6":{"name":"(anonymous_6)","decl":{"start":{"line":60,"column":5},"end":{"line":60,"column":10}},"loc":{"start":{"line":61,"column":6},"end":{"line":63,"column":8}},"line":61},"7":{"name":"(anonymous_7)","decl":{"start":{"line":62,"column":29},"end":{"line":62,"column":37}},"loc":{"start":{"line":62,"column":43},"end":{"line":62,"column":75}},"line":62},"8":{"name":"(anonymous_8)","decl":{"start":{"line":65,"column":5},"end":{"line":65,"column":13}},"loc":{"start":{"line":65,"column":25},"end":{"line":65,"column":54}},"line":65},"9":{"name":"(anonymous_9)","decl":{"start":{"line":67,"column":61},"end":{"line":67,"column":67}},"loc":{"start":{"line":67,"column":76},"end":{"line":82,"column":null}},"line":67},"10":{"name":"(anonymous_10)","decl":{"start":{"line":94,"column":13},"end":{"line":94,"column":null}},"loc":{"start":{"line":97,"column":5},"end":{"line":140,"column":null}},"line":97},"11":{"name":"(anonymous_11)","decl":{"start":{"line":112,"column":35},"end":{"line":112,"column":40}},"loc":{"start":{"line":112,"column":50},"end":{"line":115,"column":17}},"line":112},"12":{"name":"(anonymous_12)","decl":{"start":{"line":131,"column":33},"end":{"line":131,"column":38}},"loc":{"start":{"line":131,"column":48},"end":{"line":134,"column":15}},"line":131},"13":{"name":"(anonymous_13)","decl":{"start":{"line":143,"column":13},"end":{"line":143,"column":43}},"loc":{"start":{"line":143,"column":77},"end":{"line":192,"column":null}},"line":143},"14":{"name":"(anonymous_14)","decl":{"start":{"line":156,"column":5},"end":{"line":156,"column":13}},"loc":{"start":{"line":156,"column":19},"end":{"line":156,"column":43}},"line":156},"15":{"name":"(anonymous_15)","decl":{"start":{"line":164,"column":43},"end":{"line":164,"column":51}},"loc":{"start":{"line":164,"column":72},"end":{"line":168,"column":23}},"line":164},"16":{"name":"(anonymous_16)","decl":{"start":{"line":195,"column":13},"end":{"line":195,"column":null}},"loc":{"start":{"line":198,"column":5},"end":{"line":217,"column":null}},"line":198},"17":{"name":"(anonymous_17)","decl":{"start":{"line":199,"column":40},"end":{"line":199,"column":48}},"loc":{"start":{"line":200,"column":4},"end":{"line":200,"column":36}},"line":200},"18":{"name":"(anonymous_18)","decl":{"start":{"line":203,"column":48},"end":{"line":203,"column":54}},"loc":{"start":{"line":203,"column":63},"end":{"line":215,"column":null}},"line":203},"19":{"name":"(anonymous_19)","decl":{"start":{"line":220,"column":6},"end":{"line":220,"column":null}},"loc":{"start":{"line":226,"column":13},"end":{"line":232,"column":null}},"line":226},"20":{"name":"(anonymous_20)","decl":{"start":{"line":242,"column":6},"end":{"line":242,"column":null}},"loc":{"start":{"line":249,"column":13},"end":{"line":303,"column":null}},"line":249}},"branchMap":{"0":{"loc":{"start":{"line":13,"column":2},"end":{"line":14,"column":null}},"type":"if","locations":[{"start":{"line":13,"column":2},"end":{"line":14,"column":null}},{"start":{},"end":{}}],"line":13},"1":{"loc":{"start":{"line":17,"column":2},"end":{"line":18,"column":null}},"type":"if","locations":[{"start":{"line":17,"column":2},"end":{"line":18,"column":null}},{"start":{},"end":{}}],"line":17},"2":{"loc":{"start":{"line":21,"column":2},"end":{"line":22,"column":null}},"type":"if","locations":[{"start":{"line":21,"column":2},"end":{"line":22,"column":null}},{"start":{},"end":{}}],"line":21},"3":{"loc":{"start":{"line":29,"column":2},"end":{"line":30,"column":null}},"type":"if","locations":[{"start":{"line":29,"column":2},"end":{"line":30,"column":null}},{"start":{},"end":{}}],"line":29},"4":{"loc":{"start":{"line":33,"column":2},"end":{"line":34,"column":null}},"type":"if","locations":[{"start":{"line":33,"column":2},"end":{"line":34,"column":null}},{"start":{},"end":{}}],"line":33},"5":{"loc":{"start":{"line":37,"column":2},"end":{"line":38,"column":null}},"type":"if","locations":[{"start":{"line":37,"column":2},"end":{"line":38,"column":null}},{"start":{},"end":{}}],"line":37},"6":{"loc":{"start":{"line":38,"column":11},"end":{"line":38,"column":null}},"type":"binary-expr","locations":[{"start":{"line":38,"column":11},"end":{"line":38,"column":37}},{"start":{"line":38,"column":37},"end":{"line":38,"column":null}}],"line":38},"7":{"loc":{"start":{"line":50,"column":2},"end":{"line":52,"column":null}},"type":"binary-expr","locations":[{"start":{"line":50,"column":2},"end":{"line":50,"column":null}},{"start":{"line":51,"column":2},"end":{"line":51,"column":null}},{"start":{"line":52,"column":2},"end":{"line":52,"column":null}}],"line":50},"8":{"loc":{"start":{"line":55,"column":2},"end":{"line":55,"column":null}},"type":"default-arg","locations":[{"start":{"line":55,"column":10},"end":{"line":55,"column":null}}],"line":55},"9":{"loc":{"start":{"line":56,"column":2},"end":{"line":56,"column":null}},"type":"default-arg","locations":[{"start":{"line":56,"column":14},"end":{"line":56,"column":null}}],"line":56},"10":{"loc":{"start":{"line":71,"column":22},"end":{"line":73,"column":null}},"type":"cond-expr","locations":[{"start":{"line":72,"column":8},"end":{"line":72,"column":46}},{"start":{"line":73,"column":8},"end":{"line":73,"column":null}}],"line":71},"11":{"loc":{"start":{"line":74,"column":22},"end":{"line":76,"column":null}},"type":"cond-expr","locations":[{"start":{"line":75,"column":8},"end":{"line":75,"column":46}},{"start":{"line":76,"column":8},"end":{"line":76,"column":null}}],"line":74},"12":{"loc":{"start":{"line":79,"column":7},"end":{"line":79,"column":null}},"type":"binary-expr","locations":[{"start":{"line":79,"column":7},"end":{"line":79,"column":49}},{"start":{"line":79,"column":53},"end":{"line":79,"column":null}}],"line":79},"13":{"loc":{"start":{"line":80,"column":7},"end":{"line":80,"column":null}},"type":"binary-expr","locations":[{"start":{"line":80,"column":7},"end":{"line":80,"column":49}},{"start":{"line":80,"column":53},"end":{"line":80,"column":null}}],"line":80},"14":{"loc":{"start":{"line":84,"column":2},"end":{"line":85,"column":null}},"type":"if","locations":[{"start":{"line":84,"column":2},"end":{"line":85,"column":null}},{"start":{},"end":{}}],"line":84},"15":{"loc":{"start":{"line":98,"column":2},"end":{"line":99,"column":null}},"type":"if","locations":[{"start":{"line":98,"column":2},"end":{"line":99,"column":null}},{"start":{},"end":{}}],"line":98},"16":{"loc":{"start":{"line":104,"column":2},"end":{"line":121,"column":null}},"type":"if","locations":[{"start":{"line":104,"column":2},"end":{"line":121,"column":null}},{"start":{},"end":{}}],"line":104},"17":{"loc":{"start":{"line":110,"column":12},"end":{"line":117,"column":null}},"type":"cond-expr","locations":[{"start":{"line":111,"column":12},"end":{"line":115,"column":null}},{"start":{"line":117,"column":12},"end":{"line":117,"column":null}}],"line":110},"18":{"loc":{"start":{"line":129,"column":10},"end":{"line":136,"column":null}},"type":"cond-expr","locations":[{"start":{"line":130,"column":10},"end":{"line":134,"column":null}},{"start":{"line":136,"column":10},"end":{"line":136,"column":null}}],"line":129},"19":{"loc":{"start":{"line":144,"column":2},"end":{"line":145,"column":null}},"type":"if","locations":[{"start":{"line":144,"column":2},"end":{"line":145,"column":null}},{"start":{},"end":{}}],"line":144},"20":{"loc":{"start":{"line":144,"column":6},"end":{"line":144,"column":76}},"type":"binary-expr","locations":[{"start":{"line":144,"column":6},"end":{"line":144,"column":34}},{"start":{"line":144,"column":38},"end":{"line":144,"column":76}}],"line":144},"21":{"loc":{"start":{"line":150,"column":2},"end":{"line":151,"column":null}},"type":"if","locations":[{"start":{"line":150,"column":2},"end":{"line":151,"column":null}},{"start":{},"end":{}}],"line":150},"22":{"loc":{"start":{"line":158,"column":2},"end":{"line":159,"column":null}},"type":"if","locations":[{"start":{"line":158,"column":2},"end":{"line":159,"column":null}},{"start":{},"end":{}}],"line":158},"23":{"loc":{"start":{"line":167,"column":11},"end":{"line":167,"column":null}},"type":"cond-expr","locations":[{"start":{"line":167,"column":39},"end":{"line":167,"column":49}},{"start":{"line":167,"column":49},"end":{"line":167,"column":null}}],"line":167},"24":{"loc":{"start":{"line":170,"column":2},"end":{"line":171,"column":null}},"type":"if","locations":[{"start":{"line":170,"column":2},"end":{"line":171,"column":null}},{"start":{},"end":{}}],"line":170},"25":{"loc":{"start":{"line":179,"column":2},"end":{"line":180,"column":null}},"type":"if","locations":[{"start":{"line":179,"column":2},"end":{"line":180,"column":null}},{"start":{},"end":{}}],"line":179},"26":{"loc":{"start":{"line":197,"column":2},"end":{"line":197,"column":null}},"type":"default-arg","locations":[{"start":{"line":197,"column":14},"end":{"line":197,"column":null}}],"line":197},"27":{"loc":{"start":{"line":208,"column":7},"end":{"line":208,"column":null}},"type":"binary-expr","locations":[{"start":{"line":208,"column":7},"end":{"line":208,"column":49}},{"start":{"line":208,"column":53},"end":{"line":208,"column":null}}],"line":208},"28":{"loc":{"start":{"line":209,"column":7},"end":{"line":209,"column":null}},"type":"binary-expr","locations":[{"start":{"line":209,"column":7},"end":{"line":209,"column":51}},{"start":{"line":209,"column":55},"end":{"line":209,"column":null}}],"line":209},"29":{"loc":{"start":{"line":211,"column":7},"end":{"line":211,"column":null}},"type":"binary-expr","locations":[{"start":{"line":211,"column":7},"end":{"line":211,"column":49}},{"start":{"line":211,"column":53},"end":{"line":211,"column":null}}],"line":211},"30":{"loc":{"start":{"line":212,"column":7},"end":{"line":212,"column":null}},"type":"binary-expr","locations":[{"start":{"line":212,"column":7},"end":{"line":212,"column":51}},{"start":{"line":212,"column":55},"end":{"line":212,"column":null}}],"line":212},"31":{"loc":{"start":{"line":225,"column":2},"end":{"line":225,"column":null}},"type":"default-arg","locations":[{"start":{"line":225,"column":14},"end":{"line":225,"column":null}}],"line":225},"32":{"loc":{"start":{"line":228,"column":2},"end":{"line":230,"column":null}},"type":"if","locations":[{"start":{"line":228,"column":2},"end":{"line":230,"column":null}},{"start":{},"end":{}}],"line":228},"33":{"loc":{"start":{"line":230,"column":11},"end":{"line":230,"column":76}},"type":"binary-expr","locations":[{"start":{"line":230,"column":11},"end":{"line":230,"column":46}},{"start":{"line":230,"column":46},"end":{"line":230,"column":76}}],"line":230},"34":{"loc":{"start":{"line":248,"column":2},"end":{"line":248,"column":null}},"type":"default-arg","locations":[{"start":{"line":248,"column":14},"end":{"line":248,"column":null}}],"line":248},"35":{"loc":{"start":{"line":253,"column":2},"end":{"line":254,"column":null}},"type":"if","locations":[{"start":{"line":253,"column":2},"end":{"line":254,"column":null}},{"start":{},"end":{}}],"line":253},"36":{"loc":{"start":{"line":257,"column":2},"end":{"line":303,"column":null}},"type":"switch","locations":[{"start":{"line":258,"column":4},"end":{"line":267,"column":null}},{"start":{"line":269,"column":4},"end":{"line":278,"column":null}},{"start":{"line":280,"column":4},"end":{"line":289,"column":null}},{"start":{"line":291,"column":4},"end":{"line":300,"column":null}},{"start":{"line":302,"column":4},"end":{"line":303,"column":null}}],"line":257},"37":{"loc":{"start":{"line":259,"column":6},"end":{"line":267,"column":null}},"type":"switch","locations":[{"start":{"line":260,"column":8},"end":{"line":261,"column":null}},{"start":{"line":262,"column":8},"end":{"line":263,"column":null}},{"start":{"line":264,"column":8},"end":{"line":265,"column":null}},{"start":{"line":266,"column":8},"end":{"line":267,"column":null}}],"line":259},"38":{"loc":{"start":{"line":270,"column":6},"end":{"line":278,"column":null}},"type":"switch","locations":[{"start":{"line":271,"column":8},"end":{"line":272,"column":null}},{"start":{"line":273,"column":8},"end":{"line":274,"column":null}},{"start":{"line":275,"column":8},"end":{"line":276,"column":null}},{"start":{"line":277,"column":8},"end":{"line":278,"column":null}}],"line":270},"39":{"loc":{"start":{"line":281,"column":6},"end":{"line":289,"column":null}},"type":"switch","locations":[{"start":{"line":282,"column":8},"end":{"line":283,"column":null}},{"start":{"line":284,"column":8},"end":{"line":285,"column":null}},{"start":{"line":286,"column":8},"end":{"line":287,"column":null}},{"start":{"line":288,"column":8},"end":{"line":289,"column":null}}],"line":281},"40":{"loc":{"start":{"line":292,"column":6},"end":{"line":300,"column":null}},"type":"switch","locations":[{"start":{"line":293,"column":8},"end":{"line":294,"column":null}},{"start":{"line":295,"column":8},"end":{"line":296,"column":null}},{"start":{"line":297,"column":8},"end":{"line":298,"column":null}},{"start":{"line":299,"column":8},"end":{"line":300,"column":null}}],"line":292}},"s":{"0":1,"1":0,"2":0,"3":0,"4":0,"5":0,"6":0,"7":0,"8":0,"9":1,"10":177,"11":1,"12":176,"13":172,"14":4,"15":4,"16":0,"17":1,"18":20,"19":1,"20":3,"21":9,"22":30,"23":60,"24":30,"25":3,"26":2,"27":2,"28":2,"29":2,"30":2,"31":3,"32":1,"33":2,"34":1,"35":73,"36":1,"37":72,"38":72,"39":31,"40":2,"41":41,"42":2,"43":1,"44":8,"45":4,"46":4,"47":4,"48":1,"49":3,"50":6,"51":3,"52":0,"53":3,"54":3,"55":6,"56":6,"57":6,"58":3,"59":1,"60":2,"61":2,"62":2,"63":2,"64":0,"65":2,"66":1,"67":25,"68":70,"69":25,"70":23,"71":23,"72":23,"73":23,"74":23,"75":25,"76":1,"77":16,"78":16,"79":16,"80":16,"81":0,"82":1,"83":1,"84":1,"85":1,"86":1,"87":1,"88":1,"89":16,"90":16,"91":16,"92":7,"93":9,"94":0,"95":0,"96":0,"97":0,"98":0,"99":0,"100":0,"101":0,"102":0,"103":0,"104":8,"105":0,"106":0,"107":8,"108":0,"109":1,"110":0,"111":0,"112":1,"113":0,"114":0},"f":{"0":0,"1":0,"2":177,"3":20,"4":3,"5":9,"6":30,"7":60,"8":30,"9":2,"10":73,"11":2,"12":2,"13":8,"14":6,"15":6,"16":25,"17":70,"18":23,"19":16,"20":16},"b":{"0":[0,0],"1":[0,0],"2":[0,0],"3":[1,176],"4":[172,4],"5":[4,0],"6":[4,1],"7":[20,19,15],"8":[3],"9":[3],"10":[2,0],"11":[2,0],"12":[2,0],"13":[2,0],"14":[1,2],"15":[1,72],"16":[31,41],"17":[1,30],"18":[1,40],"19":[4,4],"20":[8,5],"21":[1,3],"22":[0,3],"23":[0,6],"24":[1,2],"25":[0,2],"26":[25],"27":[23,0],"28":[23,0],"29":[23,0],"30":[23,0],"31":[16],"32":[16,0],"33":[16,0],"34":[16],"35":[7,9],"36":[9,0,8,1,0],"37":[0,0,0,0],"38":[0,0,0,0],"39":[0,0,8,0],"40":[0,0,1,0]},"meta":{"lastBranch":41,"lastFunction":21,"lastStatement":115,"seen":{"s:12:13:25:Infinity":0,"f:12:13:12:23":0,"b:13:2:14:Infinity:undefined:undefined:undefined:undefined":0,"s:13:2:14:Infinity":1,"s:14:4:14:Infinity":2,"b:17:2:18:Infinity:undefined:undefined:undefined:undefined":1,"s:17:2:18:Infinity":3,"s:18:4:18:Infinity":4,"b:21:2:22:Infinity:undefined:undefined:undefined:undefined":2,"s:21:2:22:Infinity":5,"s:22:4:22:Infinity":6,"f:22:25:22:32":1,"s:22:41:22:57":7,"s:25:2:25:Infinity":8,"s:28:13:41:Infinity":9,"f:28:13:28:38":2,"b:29:2:30:Infinity:undefined:undefined:undefined:undefined":3,"s:29:2:30:Infinity":10,"s:30:4:30:Infinity":11,"b:33:2:34:Infinity:undefined:undefined:undefined:undefined":4,"s:33:2:34:Infinity":12,"s:34:4:34:Infinity":13,"b:37:2:38:Infinity:undefined:undefined:undefined:undefined":5,"s:37:2:38:Infinity":14,"s:38:4:38:Infinity":15,"b:38:11:38:37:38:37:38:Infinity":6,"s:41:2:41:Infinity":16,"s:44:6:52:Infinity":17,"f:44:6:44:Infinity":3,"s:50:2:52:Infinity":18,"b:50:2:50:Infinity:51:2:51:Infinity:52:2:52:Infinity":7,"s:54:13:91:Infinity":19,"f:54:13:54:Infinity":4,"b:55:10:55:Infinity":8,"b:56:14:56:Infinity":9,"s:58:32:65:54":20,"f:59:5:59:14":5,"s:59:23:59:37":21,"f:60:5:60:10":6,"s:61:6:63:8":22,"f:62:29:62:37":7,"s:62:43:62:75":23,"f:65:5:65:13":8,"s:65:25:65:54":24,"s:67:39:82:Infinity":25,"f:67:61:67:67":9,"s:68:29:68:61":26,"s:69:29:69:61":27,"s:71:22:73:Infinity":28,"b:72:8:72:46:73:8:73:Infinity":10,"s:74:22:76:Infinity":29,"b:75:8:75:46:76:8:76:Infinity":11,"s:78:4:80:Infinity":30,"b:79:7:79:49:79:53:79:Infinity":12,"b:80:7:80:49:80:53:80:Infinity":13,"b:84:2:85:Infinity:undefined:undefined:undefined:undefined":14,"s:84:2:85:Infinity":31,"s:85:4:85:Infinity":32,"s:88:2:91:Infinity":33,"s:94:13:140:Infinity":34,"f:94:13:94:Infinity":10,"b:98:2:99:Infinity:undefined:undefined:undefined:undefined":15,"s:98:2:99:Infinity":35,"s:99:4:99:Infinity":36,"s:102:15:102:45":37,"b:104:2:121:Infinity:undefined:undefined:undefined:undefined":16,"s:104:2:121:Infinity":38,"s:105:4:121:Infinity":39,"b:111:12:115:Infinity:117:12:117:Infinity":17,"f:112:35:112:40":11,"s:112:50:115:17":40,"s:124:2:140:Infinity":41,"b:130:10:134:Infinity:136:10:136:Infinity":18,"f:131:33:131:38":12,"s:131:48:134:15":42,"s:143:13:192:Infinity":43,"f:143:13:143:43":13,"b:144:2:145:Infinity:undefined:undefined:undefined:undefined":19,"s:144:2:145:Infinity":44,"b:144:6:144:34:144:38:144:76":20,"s:145:4:145:Infinity":45,"s:148:10:148:50":46,"b:150:2:151:Infinity:undefined:undefined:undefined:undefined":21,"s:150:2:151:Infinity":47,"s:151:4:151:Infinity":48,"s:154:28:156:43":49,"f:156:5:156:13":14,"s:156:19:156:43":50,"b:158:2:159:Infinity:undefined:undefined:undefined:undefined":22,"s:158:2:159:Infinity":51,"s:159:4:159:Infinity":52,"s:162:25:162:Infinity":53,"s:164:25:168:27":54,"f:164:43:164:51":15,"s:165:24:165:72":55,"s:166:24:166:72":56,"s:167:4:167:Infinity":57,"b:167:39:167:49:167:49:167:Infinity":23,"b:170:2:171:Infinity:undefined:undefined:undefined:undefined":24,"s:170:2:171:Infinity":58,"s:171:4:171:Infinity":59,"s:174:22:174:77":60,"s:175:22:175:70":61,"s:177:21:177:Infinity":62,"b:179:2:180:Infinity:undefined:undefined:undefined:undefined":25,"s:179:2:180:Infinity":63,"s:180:4:180:Infinity":64,"s:183:2:192:Infinity":65,"s:195:13:217:Infinity":66,"f:195:13:195:Infinity":16,"b:197:14:197:Infinity":26,"s:199:30:200:Infinity":67,"f:199:40:199:48":17,"s:200:4:200:36":68,"s:203:28:215:Infinity":69,"f:203:48:203:54":18,"s:204:22:204:51":70,"s:205:22:205:51":71,"s:207:10:209:Infinity":72,"b:208:7:208:49:208:53:208:Infinity":27,"b:209:7:209:51:209:55:209:Infinity":28,"s:210:10:212:Infinity":73,"b:211:7:211:49:211:53:211:Infinity":29,"b:212:7:212:51:212:55:212:Infinity":30,"s:214:4:214:Infinity":74,"s:217:2:217:Infinity":75,"s:220:6:232:Infinity":76,"f:220:6:220:Infinity":19,"b:225:14:225:Infinity":31,"s:227:19:227:57":77,"b:228:2:230:Infinity:undefined:undefined:undefined:undefined":32,"s:228:2:230:Infinity":78,"s:229:27:229:63":79,"s:230:4:230:Infinity":80,"b:230:11:230:46:230:46:230:76":33,"s:232:2:232:Infinity":81,"s:235:24:235:Infinity":82,"s:236:23:236:Infinity":83,"s:237:24:237:Infinity":84,"s:238:22:238:Infinity":85,"s:239:23:239:Infinity":86,"s:240:22:240:Infinity":87,"s:242:6:303:Infinity":88,"f:242:6:242:Infinity":20,"b:248:14:248:Infinity":34,"s:250:15:250:51":89,"s:251:25:251:Infinity":90,"b:253:2:254:Infinity:undefined:undefined:undefined:undefined":35,"s:253:2:254:Infinity":91,"s:254:4:254:Infinity":92,"b:258:4:267:Infinity:269:4:278:Infinity:280:4:289:Infinity:291:4:300:Infinity:302:4:303:Infinity":36,"s:257:2:303:Infinity":93,"b:260:8:261:Infinity:262:8:263:Infinity:264:8:265:Infinity:266:8:267:Infinity":37,"s:259:6:267:Infinity":94,"s:261:10:261:Infinity":95,"s:263:10:263:Infinity":96,"s:265:10:265:Infinity":97,"s:267:10:267:Infinity":98,"b:271:8:272:Infinity:273:8:274:Infinity:275:8:276:Infinity:277:8:278:Infinity":38,"s:270:6:278:Infinity":99,"s:272:10:272:Infinity":100,"s:274:10:274:Infinity":101,"s:276:10:276:Infinity":102,"s:278:10:278:Infinity":103,"b:282:8:283:Infinity:284:8:285:Infinity:286:8:287:Infinity:288:8:289:Infinity":39,"s:281:6:289:Infinity":104,"s:283:10:283:Infinity":105,"s:285:10:285:Infinity":106,"s:287:10:287:Infinity":107,"s:289:10:289:Infinity":108,"b:293:8:294:Infinity:295:8:296:Infinity:297:8:298:Infinity:299:8:300:Infinity":40,"s:292:6:300:Infinity":109,"s:294:10:294:Infinity":110,"s:296:10:296:Infinity":111,"s:298:10:298:Infinity":112,"s:300:10:300:Infinity":113,"s:303:6:303:Infinity":114}}}
,"/Users/wook/.openclaw/workspace/aireseach/packages/billing/shared/src/utils/plan.ts": {"path":"/Users/wook/.openclaw/workspace/aireseach/packages/billing/shared/src/utils/plan.ts","statementMap":{"0":{"start":{"line":16,"column":13},"end":{"line":26,"column":null}},"1":{"start":{"line":17,"column":15},"end":{"line":18,"column":null}},"2":{"start":{"line":18,"column":4},"end":{"line":18,"column":61}},"3":{"start":{"line":18,"column":36},"end":{"line":18,"column":61}},"4":{"start":{"line":21,"column":18},"end":{"line":21,"column":76}},"5":{"start":{"line":21,"column":51},"end":{"line":21,"column":76}},"6":{"start":{"line":23,"column":2},"end":{"line":26,"column":null}},"7":{"start":{"line":29,"column":13},"end":{"line":30,"column":null}},"8":{"start":{"line":30,"column":2},"end":{"line":30,"column":null}},"9":{"start":{"line":30,"column":37},"end":{"line":30,"column":52}},"10":{"start":{"line":33,"column":13},"end":{"line":34,"column":null}},"11":{"start":{"line":34,"column":2},"end":{"line":34,"column":null}},"12":{"start":{"line":34,"column":42},"end":{"line":34,"column":57}},"13":{"start":{"line":37,"column":13},"end":{"line":40,"column":null}},"14":{"start":{"line":38,"column":2},"end":{"line":40,"column":null}},"15":{"start":{"line":39,"column":23},"end":{"line":39,"column":37}},"16":{"start":{"line":40,"column":23},"end":{"line":40,"column":41}},"17":{"start":{"line":43,"column":13},"end":{"line":50,"column":null}},"18":{"start":{"line":44,"column":16},"end":{"line":44,"column":64}},"19":{"start":{"line":44,"column":49},"end":{"line":44,"column":64}},"20":{"start":{"line":45,"column":2},"end":{"line":46,"column":null}},"21":{"start":{"line":46,"column":4},"end":{"line":46,"column":null}},"22":{"start":{"line":48,"column":2},"end":{"line":50,"column":null}},"23":{"start":{"line":49,"column":60},"end":{"line":49,"column":71}},"24":{"start":{"line":53,"column":13},"end":{"line":106,"column":null}},"25":{"start":{"line":65,"column":15},"end":{"line":65,"column":59}},"26":{"start":{"line":67,"column":29},"end":{"line":74,"column":20}},"27":{"start":{"line":68,"column":27},"end":{"line":68,"column":50}},"28":{"start":{"line":69,"column":29},"end":{"line":69,"column":49}},"29":{"start":{"line":70,"column":27},"end":{"line":73,"column":7}},"30":{"start":{"line":76,"column":30},"end":{"line":83,"column":20}},"31":{"start":{"line":77,"column":27},"end":{"line":77,"column":51}},"32":{"start":{"line":80,"column":8},"end":{"line":80,"column":66}},"33":{"start":{"line":82,"column":27},"end":{"line":82,"column":51}},"34":{"start":{"line":85,"column":25},"end":{"line":89,"column":20}},"35":{"start":{"line":86,"column":27},"end":{"line":86,"column":44}},"36":{"start":{"line":87,"column":23},"end":{"line":87,"column":65}},"37":{"start":{"line":88,"column":20},"end":{"line":88,"column":37}},"38":{"start":{"line":91,"column":25},"end":{"line":101,"column":19}},"39":{"start":{"line":93,"column":6},"end":{"line":97,"column":null}},"40":{"start":{"line":99,"column":39},"end":{"line":99,"column":68}},"41":{"start":{"line":100,"column":34},"end":{"line":100,"column":null}},"42":{"start":{"line":103,"column":2},"end":{"line":106,"column":null}},"43":{"start":{"line":105,"column":22},"end":{"line":105,"column":71}},"44":{"start":{"line":110,"column":13},"end":{"line":117,"column":null}},"45":{"start":{"line":111,"column":14},"end":{"line":111,"column":39}},"46":{"start":{"line":113,"column":2},"end":{"line":114,"column":null}},"47":{"start":{"line":114,"column":4},"end":{"line":114,"column":null}},"48":{"start":{"line":117,"column":2},"end":{"line":117,"column":null}},"49":{"start":{"line":120,"column":13},"end":{"line":127,"column":null}},"50":{"start":{"line":121,"column":14},"end":{"line":121,"column":39}},"51":{"start":{"line":123,"column":2},"end":{"line":124,"column":null}},"52":{"start":{"line":124,"column":4},"end":{"line":124,"column":null}},"53":{"start":{"line":127,"column":2},"end":{"line":127,"column":null}},"54":{"start":{"line":130,"column":13},"end":{"line":168,"column":null}},"55":{"start":{"line":141,"column":15},"end":{"line":141,"column":31}},"56":{"start":{"line":143,"column":2},"end":{"line":149,"column":null}},"57":{"start":{"line":144,"column":4},"end":{"line":149,"column":null}},"58":{"start":{"line":152,"column":16},"end":{"line":152,"column":null}},"59":{"start":{"line":154,"column":2},"end":{"line":160,"column":null}},"60":{"start":{"line":155,"column":4},"end":{"line":160,"column":null}},"61":{"start":{"line":163,"column":2},"end":{"line":168,"column":null}},"62":{"start":{"line":179,"column":13},"end":{"line":220,"column":45}},"63":{"start":{"line":180,"column":2},"end":{"line":220,"column":45}},"64":{"start":{"line":182,"column":6},"end":{"line":183,"column":null}},"65":{"start":{"line":183,"column":8},"end":{"line":183,"column":null}},"66":{"start":{"line":185,"column":21},"end":{"line":185,"column":null}},"67":{"start":{"line":187,"column":6},"end":{"line":190,"column":null}},"68":{"start":{"line":188,"column":8},"end":{"line":190,"column":null}},"69":{"start":{"line":189,"column":23},"end":{"line":189,"column":null}},"70":{"start":{"line":192,"column":6},"end":{"line":196,"column":null}},"71":{"start":{"line":193,"column":8},"end":{"line":196,"column":null}},"72":{"start":{"line":195,"column":12},"end":{"line":195,"column":null}},"73":{"start":{"line":199,"column":6},"end":{"line":200,"column":null}},"74":{"start":{"line":200,"column":8},"end":{"line":200,"column":null}},"75":{"start":{"line":200,"column":48},"end":{"line":200,"column":78}},"76":{"start":{"line":203,"column":6},"end":{"line":209,"column":null}},"77":{"start":{"line":207,"column":8},"end":{"line":209,"column":null}},"78":{"start":{"line":208,"column":23},"end":{"line":208,"column":null}},"79":{"start":{"line":212,"column":6},"end":{"line":215,"column":null}},"80":{"start":{"line":213,"column":8},"end":{"line":215,"column":null}},"81":{"start":{"line":214,"column":23},"end":{"line":214,"column":null}},"82":{"start":{"line":218,"column":6},"end":{"line":218,"column":null}},"83":{"start":{"line":220,"column":22},"end":{"line":220,"column":45}},"84":{"start":{"line":222,"column":13},"end":{"line":231,"column":null}},"85":{"start":{"line":223,"column":2},"end":{"line":231,"column":null}},"86":{"start":{"line":226,"column":8},"end":{"line":227,"column":null}},"87":{"start":{"line":227,"column":10},"end":{"line":227,"column":null}},"88":{"start":{"line":234,"column":13},"end":{"line":243,"column":null}},"89":{"start":{"line":235,"column":2},"end":{"line":243,"column":null}},"90":{"start":{"line":238,"column":8},"end":{"line":239,"column":null}},"91":{"start":{"line":239,"column":10},"end":{"line":239,"column":null}},"92":{"start":{"line":246,"column":13},"end":{"line":255,"column":null}},"93":{"start":{"line":247,"column":2},"end":{"line":255,"column":null}},"94":{"start":{"line":250,"column":8},"end":{"line":251,"column":null}},"95":{"start":{"line":251,"column":10},"end":{"line":251,"column":null}}},"fnMap":{"0":{"name":"(anonymous_0)","decl":{"start":{"line":16,"column":13},"end":{"line":16,"column":36}},"loc":{"start":{"line":16,"column":58},"end":{"line":26,"column":null}},"line":16},"1":{"name":"(anonymous_1)","decl":{"start":{"line":17,"column":28},"end":{"line":17,"column":34}},"loc":{"start":{"line":18,"column":4},"end":{"line":18,"column":61}},"line":18},"2":{"name":"(anonymous_2)","decl":{"start":{"line":18,"column":18},"end":{"line":18,"column":24}},"loc":{"start":{"line":18,"column":36},"end":{"line":18,"column":61}},"line":18},"3":{"name":"(anonymous_3)","decl":{"start":{"line":21,"column":33},"end":{"line":21,"column":39}},"loc":{"start":{"line":21,"column":51},"end":{"line":21,"column":76}},"line":21},"4":{"name":"(anonymous_4)","decl":{"start":{"line":29,"column":13},"end":{"line":29,"column":29}},"loc":{"start":{"line":29,"column":44},"end":{"line":30,"column":null}},"line":29},"5":{"name":"(anonymous_5)","decl":{"start":{"line":30,"column":22},"end":{"line":30,"column":28}},"loc":{"start":{"line":30,"column":37},"end":{"line":30,"column":52}},"line":30},"6":{"name":"(anonymous_6)","decl":{"start":{"line":33,"column":13},"end":{"line":33,"column":34}},"loc":{"start":{"line":33,"column":49},"end":{"line":34,"column":null}},"line":33},"7":{"name":"(anonymous_7)","decl":{"start":{"line":34,"column":22},"end":{"line":34,"column":33}},"loc":{"start":{"line":34,"column":42},"end":{"line":34,"column":57}},"line":34},"8":{"name":"(anonymous_8)","decl":{"start":{"line":37,"column":13},"end":{"line":37,"column":32}},"loc":{"start":{"line":37,"column":47},"end":{"line":40,"column":null}},"line":37},"9":{"name":"(anonymous_9)","decl":{"start":{"line":39,"column":5},"end":{"line":39,"column":14}},"loc":{"start":{"line":39,"column":23},"end":{"line":39,"column":37}},"line":39},"10":{"name":"(anonymous_10)","decl":{"start":{"line":40,"column":5},"end":{"line":40,"column":11}},"loc":{"start":{"line":40,"column":23},"end":{"line":40,"column":41}},"line":40},"11":{"name":"(anonymous_11)","decl":{"start":{"line":43,"column":13},"end":{"line":43,"column":32}},"loc":{"start":{"line":43,"column":47},"end":{"line":50,"column":null}},"line":43},"12":{"name":"(anonymous_12)","decl":{"start":{"line":44,"column":29},"end":{"line":44,"column":40}},"loc":{"start":{"line":44,"column":49},"end":{"line":44,"column":64}},"line":44},"13":{"name":"(anonymous_13)","decl":{"start":{"line":49,"column":45},"end":{"line":49,"column":54}},"loc":{"start":{"line":49,"column":60},"end":{"line":49,"column":71}},"line":49},"14":{"name":"(anonymous_14)","decl":{"start":{"line":53,"column":13},"end":{"line":53,"column":null}},"loc":{"start":{"line":64,"column":5},"end":{"line":106,"column":null}},"line":64},"15":{"name":"(anonymous_15)","decl":{"start":{"line":68,"column":5},"end":{"line":68,"column":14}},"loc":{"start":{"line":68,"column":27},"end":{"line":68,"column":50}},"line":68},"16":{"name":"(anonymous_16)","decl":{"start":{"line":69,"column":5},"end":{"line":69,"column":13}},"loc":{"start":{"line":69,"column":29},"end":{"line":69,"column":49}},"line":69},"17":{"name":"(anonymous_17)","decl":{"start":{"line":70,"column":5},"end":{"line":70,"column":10}},"loc":{"start":{"line":70,"column":27},"end":{"line":73,"column":7}},"line":70},"18":{"name":"(anonymous_18)","decl":{"start":{"line":77,"column":5},"end":{"line":77,"column":14}},"loc":{"start":{"line":77,"column":27},"end":{"line":77,"column":51}},"line":77},"19":{"name":"(anonymous_19)","decl":{"start":{"line":78,"column":5},"end":{"line":78,"column":null}},"loc":{"start":{"line":80,"column":8},"end":{"line":80,"column":66}},"line":80},"20":{"name":"(anonymous_20)","decl":{"start":{"line":82,"column":5},"end":{"line":82,"column":10}},"loc":{"start":{"line":82,"column":27},"end":{"line":82,"column":51}},"line":82},"21":{"name":"(anonymous_21)","decl":{"start":{"line":86,"column":5},"end":{"line":86,"column":14}},"loc":{"start":{"line":86,"column":27},"end":{"line":86,"column":44}},"line":86},"22":{"name":"(anonymous_22)","decl":{"start":{"line":87,"column":5},"end":{"line":87,"column":13}},"loc":{"start":{"line":87,"column":23},"end":{"line":87,"column":65}},"line":87},"23":{"name":"(anonymous_23)","decl":{"start":{"line":88,"column":5},"end":{"line":88,"column":10}},"loc":{"start":{"line":88,"column":20},"end":{"line":88,"column":37}},"line":88},"24":{"name":"(anonymous_24)","decl":{"start":{"line":92,"column":26},"end":{"line":92,"column":31}},"loc":{"start":{"line":93,"column":6},"end":{"line":97,"column":null}},"line":93},"25":{"name":"(anonymous_25)","decl":{"start":{"line":99,"column":27},"end":{"line":99,"column":32}},"loc":{"start":{"line":99,"column":39},"end":{"line":99,"column":68}},"line":99},"26":{"name":"(anonymous_26)","decl":{"start":{"line":100,"column":22},"end":{"line":100,"column":27}},"loc":{"start":{"line":100,"column":34},"end":{"line":100,"column":null}},"line":100},"27":{"name":"(anonymous_27)","decl":{"start":{"line":105,"column":7},"end":{"line":105,"column":13}},"loc":{"start":{"line":105,"column":22},"end":{"line":105,"column":71}},"line":105},"28":{"name":"(anonymous_28)","decl":{"start":{"line":110,"column":13},"end":{"line":110,"column":31}},"loc":{"start":{"line":110,"column":55},"end":{"line":117,"column":null}},"line":110},"29":{"name":"(anonymous_29)","decl":{"start":{"line":120,"column":13},"end":{"line":120,"column":30}},"loc":{"start":{"line":120,"column":54},"end":{"line":127,"column":null}},"line":120},"30":{"name":"(anonymous_30)","decl":{"start":{"line":130,"column":13},"end":{"line":130,"column":31}},"loc":{"start":{"line":140,"column":6},"end":{"line":168,"column":null}},"line":140},"31":{"name":"(anonymous_31)","decl":{"start":{"line":179,"column":13},"end":{"line":179,"column":33}},"loc":{"start":{"line":180,"column":2},"end":{"line":220,"column":45}},"line":180},"32":{"name":"(anonymous_32)","decl":{"start":{"line":181,"column":5},"end":{"line":181,"column":10}},"loc":{"start":{"line":181,"column":19},"end":{"line":219,"column":null}},"line":181},"33":{"name":"(anonymous_33)","decl":{"start":{"line":188,"column":28},"end":{"line":188,"column":null}},"loc":{"start":{"line":189,"column":23},"end":{"line":189,"column":null}},"line":189},"34":{"name":"(anonymous_34)","decl":{"start":{"line":193,"column":28},"end":{"line":193,"column":null}},"loc":{"start":{"line":195,"column":12},"end":{"line":195,"column":null}},"line":195},"35":{"name":"(anonymous_35)","decl":{"start":{"line":200,"column":28},"end":{"line":200,"column":36}},"loc":{"start":{"line":200,"column":48},"end":{"line":200,"column":78}},"line":200},"36":{"name":"(anonymous_36)","decl":{"start":{"line":207,"column":28},"end":{"line":207,"column":null}},"loc":{"start":{"line":208,"column":23},"end":{"line":208,"column":null}},"line":208},"37":{"name":"(anonymous_37)","decl":{"start":{"line":213,"column":28},"end":{"line":213,"column":null}},"loc":{"start":{"line":214,"column":23},"end":{"line":214,"column":null}},"line":214},"38":{"name":"(anonymous_38)","decl":{"start":{"line":220,"column":5},"end":{"line":220,"column":13}},"loc":{"start":{"line":220,"column":22},"end":{"line":220,"column":45}},"line":220},"39":{"name":"(anonymous_39)","decl":{"start":{"line":222,"column":13},"end":{"line":222,"column":38}},"loc":{"start":{"line":222,"column":60},"end":{"line":231,"column":null}},"line":222},"40":{"name":"(anonymous_40)","decl":{"start":{"line":225,"column":32},"end":{"line":225,"column":41}},"loc":{"start":{"line":226,"column":8},"end":{"line":227,"column":null}},"line":226},"41":{"name":"(anonymous_41)","decl":{"start":{"line":226,"column":22},"end":{"line":226,"column":31}},"loc":{"start":{"line":227,"column":10},"end":{"line":227,"column":null}},"line":227},"42":{"name":"(anonymous_42)","decl":{"start":{"line":234,"column":13},"end":{"line":234,"column":35}},"loc":{"start":{"line":234,"column":57},"end":{"line":243,"column":null}},"line":234},"43":{"name":"(anonymous_43)","decl":{"start":{"line":237,"column":32},"end":{"line":237,"column":41}},"loc":{"start":{"line":238,"column":8},"end":{"line":239,"column":null}},"line":238},"44":{"name":"(anonymous_44)","decl":{"start":{"line":238,"column":22},"end":{"line":238,"column":31}},"loc":{"start":{"line":239,"column":10},"end":{"line":239,"column":null}},"line":239},"45":{"name":"(anonymous_45)","decl":{"start":{"line":246,"column":13},"end":{"line":246,"column":34}},"loc":{"start":{"line":246,"column":56},"end":{"line":255,"column":null}},"line":246},"46":{"name":"(anonymous_46)","decl":{"start":{"line":249,"column":32},"end":{"line":249,"column":41}},"loc":{"start":{"line":250,"column":8},"end":{"line":251,"column":null}},"line":250},"47":{"name":"(anonymous_47)","decl":{"start":{"line":250,"column":22},"end":{"line":250,"column":31}},"loc":{"start":{"line":251,"column":10},"end":{"line":251,"column":null}},"line":251}},"branchMap":{"0":{"loc":{"start":{"line":45,"column":2},"end":{"line":46,"column":null}},"type":"if","locations":[{"start":{"line":45,"column":2},"end":{"line":46,"column":null}},{"start":{},"end":{}}],"line":45},"1":{"loc":{"start":{"line":65,"column":15},"end":{"line":65,"column":59}},"type":"cond-expr","locations":[{"start":{"line":65,"column":40},"end":{"line":65,"column":50}},{"start":{"line":65,"column":50},"end":{"line":65,"column":59}}],"line":65},"2":{"loc":{"start":{"line":80,"column":8},"end":{"line":80,"column":66}},"type":"binary-expr","locations":[{"start":{"line":80,"column":8},"end":{"line":80,"column":32}},{"start":{"line":80,"column":22},"end":{"line":80,"column":66}}],"line":80},"3":{"loc":{"start":{"line":93,"column":6},"end":{"line":97,"column":null}},"type":"cond-expr","locations":[{"start":{"line":94,"column":10},"end":{"line":94,"column":null}},{"start":{"line":95,"column":10},"end":{"line":97,"column":null}}],"line":93},"4":{"loc":{"start":{"line":95,"column":10},"end":{"line":97,"column":null}},"type":"cond-expr","locations":[{"start":{"line":96,"column":12},"end":{"line":96,"column":40}},{"start":{"line":97,"column":12},"end":{"line":97,"column":null}}],"line":95},"5":{"loc":{"start":{"line":104,"column":4},"end":{"line":106,"column":null}},"type":"binary-expr","locations":[{"start":{"line":104,"column":4},"end":{"line":106,"column":21}},{"start":{"line":106,"column":21},"end":{"line":106,"column":null}}],"line":104},"6":{"loc":{"start":{"line":113,"column":2},"end":{"line":114,"column":null}},"type":"if","locations":[{"start":{"line":113,"column":2},"end":{"line":114,"column":null}},{"start":{},"end":{}}],"line":113},"7":{"loc":{"start":{"line":123,"column":2},"end":{"line":124,"column":null}},"type":"if","locations":[{"start":{"line":123,"column":2},"end":{"line":124,"column":null}},{"start":{},"end":{}}],"line":123},"8":{"loc":{"start":{"line":134,"column":2},"end":{"line":134,"column":null}},"type":"default-arg","locations":[{"start":{"line":134,"column":14},"end":{"line":134,"column":null}}],"line":134},"9":{"loc":{"start":{"line":143,"column":2},"end":{"line":149,"column":null}},"type":"if","locations":[{"start":{"line":143,"column":2},"end":{"line":149,"column":null}},{"start":{},"end":{}}],"line":143},"10":{"loc":{"start":{"line":152,"column":16},"end":{"line":152,"column":null}},"type":"cond-expr","locations":[{"start":{"line":152,"column":35},"end":{"line":152,"column":56}},{"start":{"line":152,"column":56},"end":{"line":152,"column":null}}],"line":152},"11":{"loc":{"start":{"line":154,"column":2},"end":{"line":160,"column":null}},"type":"if","locations":[{"start":{"line":154,"column":2},"end":{"line":160,"column":null}},{"start":{},"end":{}}],"line":154},"12":{"loc":{"start":{"line":182,"column":6},"end":{"line":183,"column":null}},"type":"if","locations":[{"start":{"line":182,"column":6},"end":{"line":183,"column":null}},{"start":{},"end":{}}],"line":182},"13":{"loc":{"start":{"line":187,"column":6},"end":{"line":190,"column":null}},"type":"if","locations":[{"start":{"line":187,"column":6},"end":{"line":190,"column":null}},{"start":{},"end":{}}],"line":187},"14":{"loc":{"start":{"line":192,"column":6},"end":{"line":196,"column":null}},"type":"if","locations":[{"start":{"line":192,"column":6},"end":{"line":196,"column":null}},{"start":{},"end":{}}],"line":192},"15":{"loc":{"start":{"line":195,"column":12},"end":{"line":195,"column":null}},"type":"binary-expr","locations":[{"start":{"line":195,"column":12},"end":{"line":195,"column":37}},{"start":{"line":195,"column":37},"end":{"line":195,"column":null}}],"line":195},"16":{"loc":{"start":{"line":199,"column":6},"end":{"line":200,"column":null}},"type":"if","locations":[{"start":{"line":199,"column":6},"end":{"line":200,"column":null}},{"start":{},"end":{}}],"line":199},"17":{"loc":{"start":{"line":203,"column":6},"end":{"line":209,"column":null}},"type":"if","locations":[{"start":{"line":203,"column":6},"end":{"line":209,"column":null}},{"start":{},"end":{}}],"line":203},"18":{"loc":{"start":{"line":204,"column":8},"end":{"line":205,"column":null}},"type":"binary-expr","locations":[{"start":{"line":204,"column":8},"end":{"line":204,"column":null}},{"start":{"line":205,"column":8},"end":{"line":205,"column":null}}],"line":204},"19":{"loc":{"start":{"line":212,"column":6},"end":{"line":215,"column":null}},"type":"if","locations":[{"start":{"line":212,"column":6},"end":{"line":215,"column":null}},{"start":{},"end":{}}],"line":212},"20":{"loc":{"start":{"line":227,"column":10},"end":{"line":227,"column":null}},"type":"cond-expr","locations":[{"start":{"line":227,"column":34},"end":{"line":227,"column":53}},{"start":{"line":227,"column":53},"end":{"line":227,"column":null}}],"line":227},"21":{"loc":{"start":{"line":239,"column":10},"end":{"line":239,"column":null}},"type":"cond-expr","locations":[{"start":{"line":239,"column":31},"end":{"line":239,"column":47}},{"start":{"line":239,"column":47},"end":{"line":239,"column":null}}],"line":239},"22":{"loc":{"start":{"line":251,"column":10},"end":{"line":251,"column":null}},"type":"cond-expr","locations":[{"start":{"line":251,"column":30},"end":{"line":251,"column":45}},{"start":{"line":251,"column":45},"end":{"line":251,"column":null}}],"line":251}},"s":{"0":2,"1":17,"2":33,"3":85,"4":17,"5":28,"6":17,"7":2,"8":14,"9":26,"10":2,"11":16,"12":33,"13":2,"14":0,"15":0,"16":0,"17":2,"18":5,"19":12,"20":5,"21":1,"22":4,"23":9,"24":2,"25":13,"26":13,"27":14,"28":13,"29":4,"30":13,"31":14,"32":13,"33":4,"34":13,"35":14,"36":13,"37":1,"38":13,"39":4,"40":4,"41":1,"42":13,"43":2,"44":2,"45":4,"46":4,"47":1,"48":3,"49":2,"50":4,"51":4,"52":1,"53":3,"54":2,"55":9,"56":9,"57":1,"58":8,"59":9,"60":3,"61":5,"62":2,"63":10,"64":30,"65":3,"66":27,"67":27,"68":15,"69":50,"70":27,"71":15,"72":37,"73":27,"74":0,"75":0,"76":27,"77":0,"78":0,"79":27,"80":9,"81":24,"82":27,"83":30,"84":2,"85":0,"86":0,"87":0,"88":2,"89":0,"90":0,"91":0,"92":2,"93":0,"94":0,"95":0},"f":{"0":17,"1":33,"2":85,"3":28,"4":14,"5":26,"6":16,"7":33,"8":0,"9":0,"10":0,"11":5,"12":12,"13":9,"14":13,"15":14,"16":13,"17":4,"18":14,"19":13,"20":4,"21":14,"22":13,"23":1,"24":4,"25":4,"26":1,"27":2,"28":4,"29":4,"30":9,"31":10,"32":30,"33":50,"34":37,"35":0,"36":0,"37":24,"38":30,"39":0,"40":0,"41":0,"42":0,"43":0,"44":0,"45":0,"46":0,"47":0},"b":{"0":[1,4],"1":[1,12],"2":[13,5],"3":[3,1],"4":[1,0],"5":[13,6],"6":[1,3],"7":[1,3],"8":[9],"9":[1,8],"10":[7,1],"11":[3,6],"12":[3,27],"13":[15,12],"14":[15,12],"15":[37,28],"16":[0,27],"17":[0,27],"18":[27,0],"19":[9,18],"20":[0,0],"21":[0,0],"22":[0,0]},"meta":{"lastBranch":23,"lastFunction":48,"lastStatement":96,"seen":{"s:16:13:26:Infinity":0,"f:16:13:16:36":0,"s:17:15:18:Infinity":1,"f:17:28:17:34":1,"s:18:4:18:61":2,"f:18:18:18:24":2,"s:18:36:18:61":3,"s:21:18:21:76":4,"f:21:33:21:39":3,"s:21:51:21:76":5,"s:23:2:26:Infinity":6,"s:29:13:30:Infinity":7,"f:29:13:29:29":4,"s:30:2:30:Infinity":8,"f:30:22:30:28":5,"s:30:37:30:52":9,"s:33:13:34:Infinity":10,"f:33:13:33:34":6,"s:34:2:34:Infinity":11,"f:34:22:34:33":7,"s:34:42:34:57":12,"s:37:13:40:Infinity":13,"f:37:13:37:32":8,"s:38:2:40:Infinity":14,"f:39:5:39:14":9,"s:39:23:39:37":15,"f:40:5:40:11":10,"s:40:23:40:41":16,"s:43:13:50:Infinity":17,"f:43:13:43:32":11,"s:44:16:44:64":18,"f:44:29:44:40":12,"s:44:49:44:64":19,"b:45:2:46:Infinity:undefined:undefined:undefined:undefined":0,"s:45:2:46:Infinity":20,"s:46:4:46:Infinity":21,"s:48:2:50:Infinity":22,"f:49:45:49:54":13,"s:49:60:49:71":23,"s:53:13:106:Infinity":24,"f:53:13:53:Infinity":14,"s:65:15:65:59":25,"b:65:40:65:50:65:50:65:59":1,"s:67:29:74:20":26,"f:68:5:68:14":15,"s:68:27:68:50":27,"f:69:5:69:13":16,"s:69:29:69:49":28,"f:70:5:70:10":17,"s:70:27:73:7":29,"s:76:30:83:20":30,"f:77:5:77:14":18,"s:77:27:77:51":31,"f:78:5:78:Infinity":19,"s:80:8:80:66":32,"b:80:8:80:32:80:22:80:66":2,"f:82:5:82:10":20,"s:82:27:82:51":33,"s:85:25:89:20":34,"f:86:5:86:14":21,"s:86:27:86:44":35,"f:87:5:87:13":22,"s:87:23:87:65":36,"f:88:5:88:10":23,"s:88:20:88:37":37,"s:91:25:101:19":38,"f:92:26:92:31":24,"s:93:6:97:Infinity":39,"b:94:10:94:Infinity:95:10:97:Infinity":3,"b:96:12:96:40:97:12:97:Infinity":4,"f:99:27:99:32":25,"s:99:39:99:68":40,"f:100:22:100:27":26,"s:100:34:100:Infinity":41,"s:103:2:106:Infinity":42,"b:104:4:106:21:106:21:106:Infinity":5,"f:105:7:105:13":27,"s:105:22:105:71":43,"s:110:13:117:Infinity":44,"f:110:13:110:31":28,"s:111:14:111:39":45,"b:113:2:114:Infinity:undefined:undefined:undefined:undefined":6,"s:113:2:114:Infinity":46,"s:114:4:114:Infinity":47,"s:117:2:117:Infinity":48,"s:120:13:127:Infinity":49,"f:120:13:120:30":29,"s:121:14:121:39":50,"b:123:2:124:Infinity:undefined:undefined:undefined:undefined":7,"s:123:2:124:Infinity":51,"s:124:4:124:Infinity":52,"s:127:2:127:Infinity":53,"s:130:13:168:Infinity":54,"f:130:13:130:31":30,"b:134:14:134:Infinity":8,"s:141:15:141:31":55,"b:143:2:149:Infinity:undefined:undefined:undefined:undefined":9,"s:143:2:149:Infinity":56,"s:144:4:149:Infinity":57,"s:152:16:152:Infinity":58,"b:152:35:152:56:152:56:152:Infinity":10,"b:154:2:160:Infinity:undefined:undefined:undefined:undefined":11,"s:154:2:160:Infinity":59,"s:155:4:160:Infinity":60,"s:163:2:168:Infinity":61,"s:179:13:220:45":62,"f:179:13:179:33":31,"s:180:2:220:45":63,"f:181:5:181:10":32,"b:182:6:183:Infinity:undefined:undefined:undefined:undefined":12,"s:182:6:183:Infinity":64,"s:183:8:183:Infinity":65,"s:185:21:185:Infinity":66,"b:187:6:190:Infinity:undefined:undefined:undefined:undefined":13,"s:187:6:190:Infinity":67,"s:188:8:190:Infinity":68,"f:188:28:188:Infinity":33,"s:189:23:189:Infinity":69,"b:192:6:196:Infinity:undefined:undefined:undefined:undefined":14,"s:192:6:196:Infinity":70,"s:193:8:196:Infinity":71,"f:193:28:193:Infinity":34,"s:195:12:195:Infinity":72,"b:195:12:195:37:195:37:195:Infinity":15,"b:199:6:200:Infinity:undefined:undefined:undefined:undefined":16,"s:199:6:200:Infinity":73,"s:200:8:200:Infinity":74,"f:200:28:200:36":35,"s:200:48:200:78":75,"b:203:6:209:Infinity:undefined:undefined:undefined:undefined":17,"s:203:6:209:Infinity":76,"b:204:8:204:Infinity:205:8:205:Infinity":18,"s:207:8:209:Infinity":77,"f:207:28:207:Infinity":36,"s:208:23:208:Infinity":78,"b:212:6:215:Infinity:undefined:undefined:undefined:undefined":19,"s:212:6:215:Infinity":79,"s:213:8:215:Infinity":80,"f:213:28:213:Infinity":37,"s:214:23:214:Infinity":81,"s:218:6:218:Infinity":82,"f:220:5:220:13":38,"s:220:22:220:45":83,"s:222:13:231:Infinity":84,"f:222:13:222:38":39,"s:223:2:231:Infinity":85,"f:225:32:225:41":40,"s:226:8:227:Infinity":86,"f:226:22:226:31":41,"s:227:10:227:Infinity":87,"b:227:34:227:53:227:53:227:Infinity":20,"s:234:13:243:Infinity":88,"f:234:13:234:35":42,"s:235:2:243:Infinity":89,"f:237:32:237:41":43,"s:238:8:239:Infinity":90,"f:238:22:238:31":44,"s:239:10:239:Infinity":91,"b:239:31:239:47:239:47:239:Infinity":21,"s:246:13:255:Infinity":92,"f:246:13:246:34":45,"s:247:2:255:Infinity":93,"f:249:32:249:41":46,"s:250:8:251:Infinity":94,"f:250:22:250:31":47,"s:251:10:251:Infinity":95,"b:251:30:251:45:251:45:251:Infinity":22}}}
,"/Users/wook/.openclaw/workspace/aireseach/packages/billing/shared/src/utils/subscription.ts": {"path":"/Users/wook/.openclaw/workspace/aireseach/packages/billing/shared/src/utils/subscription.ts","statementMap":{"0":{"start":{"line":6,"column":13},"end":{"line":45,"column":null}},"1":{"start":{"line":17,"column":8},"end":{"line":17,"column":21}},"2":{"start":{"line":20,"column":4},"end":{"line":28,"column":null}},"3":{"start":{"line":30,"column":8},"end":{"line":30,"column":66}},"4":{"start":{"line":31,"column":18},"end":{"line":31,"column":58}},"5":{"start":{"line":32,"column":19},"end":{"line":34,"column":null}},"6":{"start":{"line":37,"column":24},"end":{"line":37,"column":67}},"7":{"start":{"line":39,"column":2},"end":{"line":45,"column":null}},"8":{"start":{"line":48,"column":13},"end":{"line":55,"column":null}},"9":{"start":{"line":55,"column":2},"end":{"line":55,"column":null}}},"fnMap":{"0":{"name":"(anonymous_0)","decl":{"start":{"line":6,"column":13},"end":{"line":6,"column":null}},"loc":{"start":{"line":16,"column":5},"end":{"line":45,"column":null}},"line":16},"1":{"name":"(anonymous_1)","decl":{"start":{"line":48,"column":13},"end":{"line":48,"column":null}},"loc":{"start":{"line":54,"column":5},"end":{"line":55,"column":null}},"line":54}},"branchMap":{"0":{"loc":{"start":{"line":20,"column":4},"end":{"line":28,"column":null}},"type":"cond-expr","locations":[{"start":{"line":21,"column":8},"end":{"line":24,"column":null}},{"start":{"line":25,"column":8},"end":{"line":28,"column":null}}],"line":20}},"s":{"0":3,"1":20,"2":20,"3":20,"4":20,"5":20,"6":20,"7":20,"8":3,"9":5},"f":{"0":20,"1":5},"b":{"0":[4,16]},"meta":{"lastBranch":1,"lastFunction":2,"lastStatement":10,"seen":{"s:6:13:45:Infinity":0,"f:6:13:6:Infinity":0,"s:17:8:17:21":1,"s:20:4:28:Infinity":2,"b:21:8:24:Infinity:25:8:28:Infinity":0,"s:30:8:30:66":3,"s:31:18:31:58":4,"s:32:19:34:Infinity":5,"s:37:24:37:67":6,"s:39:2:45:Infinity":7,"s:48:13:55:Infinity":8,"f:48:13:48:Infinity":1,"s:55:2:55:Infinity":9}}}
,"/Users/wook/.openclaw/workspace/aireseach/packages/billing/shared/src/utils/test/__mocks__/config.ts": {"path":"/Users/wook/.openclaw/workspace/aireseach/packages/billing/shared/src/utils/test/__mocks__/config.ts","statementMap":{"0":{"start":{"line":11,"column":37},"end":{"line":175,"column":null}},"1":{"start":{"line":177,"column":44},"end":{"line":177,"column":66}}},"fnMap":{},"branchMap":{},"s":{"0":2,"1":2},"f":{},"b":{},"meta":{"lastBranch":0,"lastFunction":0,"lastStatement":2,"seen":{"s:11:37:175:Infinity":0,"s:177:44:177:66":1}}}
}
